#
# There is insufficient memory for the Java Runtime Environment to continue.
# Native memory allocation (malloc) failed to allocate 269536 bytes for Chunk::new
# Possible reasons:
#   The system is out of physical RAM or swap space
#   The process is running with CompressedOops enabled, and the Java Heap may be blocking the growth of the native heap
# Possible solutions:
#   Reduce memory load on the system
#   Increase physical memory or swap space
#   Check if swap backing store is full
#   Decrease Java heap size (-Xmx/-Xms)
#   Decrease number of Java threads
#   Decrease Java thread stack sizes (-Xss)
#   Set larger code cache with -XX:ReservedCodeCacheSize=
#   JVM is running with Unscaled Compressed Oops mode in which the Java heap is
#     placed in the first 4GB address space. The Java Heap base address is the
#     maximum limit for the native heap growth. Please use -XX:HeapBaseMinAddress
#     to set the Java Heap base and to place the Java Heap above 4GB virtual address.
# This output file may be truncated or incomplete.
#
#  Out of Memory Error (allocation.cpp:389), pid=5916, tid=0x0000000000001cb8
#
# JRE version: OpenJDK Runtime Environment (8.0_222-b10) (build 1.8.0_222-b10)
# Java VM: OpenJDK 64-Bit Server VM (25.222-b10 mixed mode windows-amd64 compressed oops)
# Failed to write core dump. Minidumps are not enabled by default on client versions of Windows
#

---------------  T H R E A D  ---------------

Current thread (0x000001a66317f800):  JavaThread "C2 CompilerThread0" daemon [_thread_in_native, id=7352, stack(0x0000000101000000,0x0000000101100000)]

Stack: [0x0000000101000000,0x0000000101100000]
[error occurred during error reporting (printing stack bounds), id 0xc0000005]

Native frames: (J=compiled Java code, j=interpreted, Vv=VM code, C=native code)


Current CompileTask:
C2:  70631 2851       4       org.eclipse.aether.util.graph.transformer.ConflictResolver$State::push (447 bytes)


---------------  P R O C E S S  ---------------

Java Threads: ( => current thread )
  0x000001a6631ee800 JavaThread "Service Thread" daemon [_thread_blocked, id=7040, stack(0x0000000101300000,0x0000000101400000)]
  0x000001a6631ed000 JavaThread "C1 CompilerThread2" daemon [_thread_blocked, id=6160, stack(0x0000000101200000,0x0000000101300000)]
  0x000001a6631b5800 JavaThread "C2 CompilerThread1" daemon [_thread_in_native, id=7548, stack(0x0000000101100000,0x0000000101200000)]
=>0x000001a66317f800 JavaThread "C2 CompilerThread0" daemon [_thread_in_native, id=7352, stack(0x0000000101000000,0x0000000101100000)]
  0x000001a66317e800 JavaThread "Attach Listener" daemon [_thread_blocked, id=856, stack(0x0000000100f00000,0x0000000101000000)]
  0x000001a66317d800 JavaThread "Signal Dispatcher" daemon [_thread_blocked, id=7780, stack(0x0000000100e00000,0x0000000100f00000)]
  0x000001a662a3b800 JavaThread "Finalizer" daemon [_thread_blocked, id=2476, stack(0x0000000100d00000,0x0000000100e00000)]
  0x000001a662a30000 JavaThread "Reference Handler" daemon [_thread_blocked, id=3912, stack(0x0000000100c00000,0x0000000100d00000)]
  0x000001a610374000 JavaThread "main" [_thread_in_native, id=912, stack(0x0000000100600000,0x0000000100700000)]

Other Threads:
  0x000001a663142000 VMThread [stack: 0x0000000100b00000,0x0000000100c00000] [id=2408]
  0x000001a6631f0800 WatcherThread [stack: 0x0000000101400000,0x0000000101500000] [id=3124]

VM state:not at safepoint (normal execution)

VM Mutex/Monitor currently owned by a thread: None

heap address: 0x00000000e1200000, size: 494 MB, Compressed Oops mode: 32-bit
Narrow klass base: 0x000001a622140000, Narrow klass shift: 0
Compressed class space size: 1073741824 Address: 0x000001a622140000

Heap:
 PSYoungGen      total 40960K, used 33768K [0x00000000f5b80000, 0x00000000fab80000, 0x0000000100000000)
  eden space 34304K, 79% used [0x00000000f5b80000,0x00000000f76021b0,0x00000000f7d00000)
  from space 6656K, 99% used [0x00000000fa500000,0x00000000fab78020,0x00000000fab80000)
  to   space 4608K, 0% used [0x00000000f7d00000,0x00000000f7d00000,0x00000000f8180000)
 ParOldGen       total 22016K, used 13839K [0x00000000e1200000, 0x00000000e2780000, 0x00000000f5b80000)
  object space 22016K, 62% used [0x00000000e1200000,0x00000000e1f83ee0,0x00000000e2780000)
 Metaspace       used 15901K, capacity 16178K, committed 16256K, reserved 1062912K
  class space    used 1824K, capacity 1917K, committed 1920K, reserved 1048576K

Card table byte_map: [0x000001a620f20000,0x000001a621020000] byte_map_base: 0x000001a620817000

Marking Bits: (ParMarkBitMap*) 0x0000000051864e90
 Begin Bits: [0x000001a6210d0000, 0x000001a621888000)
 End Bits:   [0x000001a621888000, 0x000001a622040000)

Polling page: 0x000001a610300000

CodeCache: size=245760Kb used=9021Kb max_used=9021Kb free=236738Kb
 bounds [0x000001a611b60000, 0x000001a612440000, 0x000001a620b60000]
 total_blobs=2995 nmethods=2637 adapters=272
 compilation: enabled

Compilation events (10 events):
Event: 70.441 Thread 0x000001a66317f800 nmethod 2839 0x000001a6124350d0 code [0x000001a612435220, 0x000001a6124354f8]
Event: 70.441 Thread 0x000001a66317f800 2848       4       java.util.HashMap::getNode (148 bytes)
Event: 70.443 Thread 0x000001a6631ed000 2852       3       org.eclipse.aether.graph.DefaultDependencyNode::setRequestContext (15 bytes)
Event: 70.443 Thread 0x000001a6631ed000 nmethod 2852 0x000001a6124368d0 code [0x000001a612436a20, 0x000001a612436bf8]
Event: 70.445 Thread 0x000001a6631b5800 nmethod 2841 0x000001a612435fd0 code [0x000001a612436140, 0x000001a612436568]
Event: 70.445 Thread 0x000001a6631b5800 2849       4       org.eclipse.aether.util.graph.transformer.ConflictResolver::gatherConflictItems (111 bytes)
Event: 70.448 Thread 0x000001a66317f800 nmethod 2848 0x000001a612437c10 code [0x000001a612437d60, 0x000001a612437f78]
Event: 70.449 Thread 0x000001a66317f800 2850       4       java.lang.Integer::equals (29 bytes)
Event: 70.451 Thread 0x000001a66317f800 nmethod 2850 0x000001a611dc25d0 code [0x000001a611dc2700, 0x000001a611dc2798]
Event: 70.451 Thread 0x000001a66317f800 2851       4       org.eclipse.aether.util.graph.transformer.ConflictResolver$State::push (447 bytes)

GC Heap History (10 events):
Event: 30.308 GC heap before
{Heap before GC invocations=4 (full 0):
 PSYoungGen      total 9728K, used 9712K [0x00000000f5b80000, 0x00000000f6e80000, 0x0000000100000000)
  eden space 8704K, 100% used [0x00000000f5b80000,0x00000000f6400000,0x00000000f6400000)
  from space 1024K, 98% used [0x00000000f6400000,0x00000000f64fc010,0x00000000f6500000)
  to   space 1024K, 0% used [0x00000000f6d80000,0x00000000f6d80000,0x00000000f6e80000)
 ParOldGen       total 22016K, used 3702K [0x00000000e1200000, 0x00000000e2780000, 0x00000000f5b80000)
  object space 22016K, 16% used [0x00000000e1200000,0x00000000e159d948,0x00000000e2780000)
 Metaspace       used 8595K, capacity 8788K, committed 9088K, reserved 1056768K
  class space    used 1012K, capacity 1054K, committed 1152K, reserved 1048576K
Event: 30.344 GC heap after
Heap after GC invocations=4 (full 0):
 PSYoungGen      total 18432K, used 992K [0x00000000f5b80000, 0x00000000f6e80000, 0x0000000100000000)
  eden space 17408K, 0% used [0x00000000f5b80000,0x00000000f5b80000,0x00000000f6c80000)
  from space 1024K, 96% used [0x00000000f6d80000,0x00000000f6e78020,0x00000000f6e80000)
  to   space 1024K, 0% used [0x00000000f6c80000,0x00000000f6c80000,0x00000000f6d80000)
 ParOldGen       total 22016K, used 4844K [0x00000000e1200000, 0x00000000e2780000, 0x00000000f5b80000)
  object space 22016K, 22% used [0x00000000e1200000,0x00000000e16bb1a8,0x00000000e2780000)
 Metaspace       used 8595K, capacity 8788K, committed 9088K, reserved 1056768K
  class space    used 1012K, capacity 1054K, committed 1152K, reserved 1048576K
}
Event: 37.733 GC heap before
{Heap before GC invocations=5 (full 0):
 PSYoungGen      total 18432K, used 18400K [0x00000000f5b80000, 0x00000000f6e80000, 0x0000000100000000)
  eden space 17408K, 100% used [0x00000000f5b80000,0x00000000f6c80000,0x00000000f6c80000)
  from space 1024K, 96% used [0x00000000f6d80000,0x00000000f6e78020,0x00000000f6e80000)
  to   space 1024K, 0% used [0x00000000f6c80000,0x00000000f6c80000,0x00000000f6d80000)
 ParOldGen       total 22016K, used 4844K [0x00000000e1200000, 0x00000000e2780000, 0x00000000f5b80000)
  object space 22016K, 22% used [0x00000000e1200000,0x00000000e16bb1a8,0x00000000e2780000)
 Metaspace       used 10415K, capacity 10604K, committed 10880K, reserved 1058816K
  class space    used 1245K, capacity 1320K, committed 1408K, reserved 1048576K
Event: 37.789 GC heap after
Heap after GC invocations=5 (full 0):
 PSYoungGen      total 18432K, used 1024K [0x00000000f5b80000, 0x00000000f8580000, 0x0000000100000000)
  eden space 17408K, 0% used [0x00000000f5b80000,0x00000000f5b80000,0x00000000f6c80000)
  from space 1024K, 100% used [0x00000000f6c80000,0x00000000f6d80000,0x00000000f6d80000)
  to   space 4096K, 0% used [0x00000000f8180000,0x00000000f8180000,0x00000000f8580000)
 ParOldGen       total 22016K, used 7542K [0x00000000e1200000, 0x00000000e2780000, 0x00000000f5b80000)
  object space 22016K, 34% used [0x00000000e1200000,0x00000000e195d840,0x00000000e2780000)
 Metaspace       used 10415K, capacity 10604K, committed 10880K, reserved 1058816K
  class space    used 1245K, capacity 1320K, committed 1408K, reserved 1048576K
}
Event: 42.580 GC heap before
{Heap before GC invocations=6 (full 0):
 PSYoungGen      total 18432K, used 18432K [0x00000000f5b80000, 0x00000000f8580000, 0x0000000100000000)
  eden space 17408K, 100% used [0x00000000f5b80000,0x00000000f6c80000,0x00000000f6c80000)
  from space 1024K, 100% used [0x00000000f6c80000,0x00000000f6d80000,0x00000000f6d80000)
  to   space 4096K, 0% used [0x00000000f8180000,0x00000000f8180000,0x00000000f8580000)
 ParOldGen       total 22016K, used 7542K [0x00000000e1200000, 0x00000000e2780000, 0x00000000f5b80000)
  object space 22016K, 34% used [0x00000000e1200000,0x00000000e195d840,0x00000000e2780000)
 Metaspace       used 12477K, capacity 12736K, committed 12928K, reserved 1060864K
  class space    used 1535K, capacity 1642K, committed 1664K, reserved 1048576K
Event: 42.608 GC heap after
Heap after GC invocations=6 (full 0):
 PSYoungGen      total 38400K, used 4062K [0x00000000f5b80000, 0x00000000f8680000, 0x0000000100000000)
  eden space 34304K, 0% used [0x00000000f5b80000,0x00000000f5b80000,0x00000000f7d00000)
  from space 4096K, 99% used [0x00000000f8180000,0x00000000f8577a18,0x00000000f8580000)
  to   space 4608K, 0% used [0x00000000f7d00000,0x00000000f7d00000,0x00000000f8180000)
 ParOldGen       total 22016K, used 7550K [0x00000000e1200000, 0x00000000e2780000, 0x00000000f5b80000)
  object space 22016K, 34% used [0x00000000e1200000,0x00000000e195f840,0x00000000e2780000)
 Metaspace       used 12477K, capacity 12736K, committed 12928K, reserved 1060864K
  class space    used 1535K, capacity 1642K, committed 1664K, reserved 1048576K
}
Event: 60.432 GC heap before
{Heap before GC invocations=7 (full 0):
 PSYoungGen      total 38400K, used 38366K [0x00000000f5b80000, 0x00000000f8680000, 0x0000000100000000)
  eden space 34304K, 100% used [0x00000000f5b80000,0x00000000f7d00000,0x00000000f7d00000)
  from space 4096K, 99% used [0x00000000f8180000,0x00000000f8577a18,0x00000000f8580000)
  to   space 4608K, 0% used [0x00000000f7d00000,0x00000000f7d00000,0x00000000f8180000)
 ParOldGen       total 22016K, used 7550K [0x00000000e1200000, 0x00000000e2780000, 0x00000000f5b80000)
  object space 22016K, 34% used [0x00000000e1200000,0x00000000e195f840,0x00000000e2780000)
 Metaspace       used 15257K, capacity 15540K, committed 15744K, reserved 1062912K
  class space    used 1794K, capacity 1880K, committed 1920K, reserved 1048576K
Event: 60.579 GC heap after
Heap after GC invocations=7 (full 0):
 PSYoungGen      total 38912K, used 4592K [0x00000000f5b80000, 0x00000000fab80000, 0x0000000100000000)
  eden space 34304K, 0% used [0x00000000f5b80000,0x00000000f5b80000,0x00000000f7d00000)
  from space 4608K, 99% used [0x00000000f7d00000,0x00000000f817c010,0x00000000f8180000)
  to   space 6656K, 0% used [0x00000000fa500000,0x00000000fa500000,0x00000000fab80000)
 ParOldGen       total 22016K, used 10549K [0x00000000e1200000, 0x00000000e2780000, 0x00000000f5b80000)
  object space 22016K, 47% used [0x00000000e1200000,0x00000000e1c4d658,0x00000000e2780000)
 Metaspace       used 15257K, capacity 15540K, committed 15744K, reserved 1062912K
  class space    used 1794K, capacity 1880K, committed 1920K, reserved 1048576K
}
Event: 64.857 GC heap before
{Heap before GC invocations=8 (full 0):
 PSYoungGen      total 38912K, used 38896K [0x00000000f5b80000, 0x00000000fab80000, 0x0000000100000000)
  eden space 34304K, 100% used [0x00000000f5b80000,0x00000000f7d00000,0x00000000f7d00000)
  from space 4608K, 99% used [0x00000000f7d00000,0x00000000f817c010,0x00000000f8180000)
  to   space 6656K, 0% used [0x00000000fa500000,0x00000000fa500000,0x00000000fab80000)
 ParOldGen       total 22016K, used 10549K [0x00000000e1200000, 0x00000000e2780000, 0x00000000f5b80000)
  object space 22016K, 47% used [0x00000000e1200000,0x00000000e1c4d658,0x00000000e2780000)
 Metaspace       used 15534K, capacity 15776K, committed 16000K, reserved 1062912K
  class space    used 1809K, capacity 1914K, committed 1920K, reserved 1048576K
Event: 64.933 GC heap after
Heap after GC invocations=8 (full 0):
 PSYoungGen      total 40960K, used 6624K [0x00000000f5b80000, 0x00000000fab80000, 0x0000000100000000)
  eden space 34304K, 0% used [0x00000000f5b80000,0x00000000f5b80000,0x00000000f7d00000)
  from space 6656K, 99% used [0x00000000fa500000,0x00000000fab78020,0x00000000fab80000)
  to   space 4608K, 0% used [0x00000000f7d00000,0x00000000f7d00000,0x00000000f8180000)
 ParOldGen       total 22016K, used 13839K [0x00000000e1200000, 0x00000000e2780000, 0x00000000f5b80000)
  object space 22016K, 62% used [0x00000000e1200000,0x00000000e1f83ee0,0x00000000e2780000)
 Metaspace       used 15534K, capacity 15776K, committed 16000K, reserved 1062912K
  class space    used 1809K, capacity 1914K, committed 1920K, reserved 1048576K
}

Deoptimization events (10 events):
Event: 65.927 Thread 0x000001a610374000 Uncommon trap: reason=predicate action=maybe_recompile pc=0x000001a611e22fd0 method=java.nio.charset.CharsetDecoder.decode(Ljava/nio/ByteBuffer;Ljava/nio/CharBuffer;Z)Ljava/nio/charset/CoderResult; @ 54
Event: 67.837 Thread 0x000001a610374000 Uncommon trap: reason=class_check action=maybe_recompile pc=0x000001a611cab790 method=org.apache.maven.model.merge.ModelMerger$DependencyKeyComputer.key(Lorg/apache/maven/model/Dependency;)Ljava/lang/Object; @ 5
Event: 67.837 Thread 0x000001a610374000 Uncommon trap: reason=class_check action=maybe_recompile pc=0x000001a611cab790 method=org.apache.maven.model.merge.ModelMerger$DependencyKeyComputer.key(Lorg/apache/maven/model/Dependency;)Ljava/lang/Object; @ 5
Event: 67.837 Thread 0x000001a610374000 Uncommon trap: reason=class_check action=maybe_recompile pc=0x000001a611cab790 method=org.apache.maven.model.merge.ModelMerger$DependencyKeyComputer.key(Lorg/apache/maven/model/Dependency;)Ljava/lang/Object; @ 5
Event: 67.837 Thread 0x000001a610374000 Uncommon trap: reason=class_check action=maybe_recompile pc=0x000001a611cab790 method=org.apache.maven.model.merge.ModelMerger$DependencyKeyComputer.key(Lorg/apache/maven/model/Dependency;)Ljava/lang/Object; @ 5
Event: 68.059 Thread 0x000001a610374000 Uncommon trap: reason=unstable_if action=reinterpret pc=0x000001a611cc2718 method=org.apache.maven.model.merge.ModelMerger.merge(Ljava/util/List;Ljava/util/List;Lorg/apache/maven/model/merge/ModelMerger$KeyComputer;Lorg/apache/maven/model/merge/ModelMerge
Event: 68.580 Thread 0x000001a610374000 Uncommon trap: reason=unstable_if action=reinterpret pc=0x000001a611d05748 method=java.util.regex.Pattern$Curly.match0(Ljava/util/regex/Matcher;IILjava/lang/CharSequence;)Z @ 5
Event: 70.379 Thread 0x000001a610374000 Uncommon trap: reason=unstable_if action=reinterpret pc=0x000001a611f1c208 method=java.util.HashMap.hash(Ljava/lang/Object;)I @ 1
Event: 70.388 Thread 0x000001a610374000 Uncommon trap: reason=unstable_if action=reinterpret pc=0x000001a611f34bb4 method=java.util.HashMap.hash(Ljava/lang/Object;)I @ 1
Event: 70.388 Thread 0x000001a610374000 Uncommon trap: reason=unstable_if action=reinterpret pc=0x000001a611efe344 method=java.util.HashMap.getNode(ILjava/lang/Object;)Ljava/util/HashMap$Node; @ 53

Classes redefined (0 events):
No events

Internal exceptions (10 events):
Event: 45.494 Thread 0x000001a610374000 Exception <a 'java/lang/NullPointerException'> (0x00000000f6205a28) thrown at [C:\cygwin64\tmp\openjdk-jdk8u-windows-x64-hotspot\workspace\build\src\hotspot\src\share\vm\interpreter\linkResolver.cpp, line 1185]
Event: 45.494 Thread 0x000001a610374000 Exception <a 'java/lang/NullPointerException'> (0x00000000f6205c40) thrown at [C:\cygwin64\tmp\openjdk-jdk8u-windows-x64-hotspot\workspace\build\src\hotspot\src\share\vm\interpreter\linkResolver.cpp, line 1185]
Event: 45.494 Thread 0x000001a610374000 Exception <a 'java/lang/NullPointerException'> (0x00000000f6205e58) thrown at [C:\cygwin64\tmp\openjdk-jdk8u-windows-x64-hotspot\workspace\build\src\hotspot\src\share\vm\interpreter\linkResolver.cpp, line 1185]
Event: 48.111 Thread 0x000001a610374000 Implicit null exception at 0x000001a611e39d56 to 0x000001a611e3a0f5
Event: 48.111 Thread 0x000001a610374000 Implicit null exception at 0x000001a611d76559 to 0x000001a611d76919
Event: 49.543 Thread 0x000001a610374000 Implicit null exception at 0x000001a6121423cc to 0x000001a6121436c9
Event: 58.887 Thread 0x000001a610374000 Implicit null exception at 0x000001a61225988c to 0x000001a61225ab89
Event: 62.585 Thread 0x000001a610374000 Implicit null exception at 0x000001a6122f93a0 to 0x000001a6122f990d
Event: 70.378 Thread 0x000001a610374000 Implicit null exception at 0x000001a611f1c015 to 0x000001a611f1c1f9
Event: 70.388 Thread 0x000001a610374000 Implicit null exception at 0x000001a611f34b2f to 0x000001a611f34ba5

Events (10 events):
Event: 70.388 Thread 0x000001a610374000 DEOPT PACKING pc=0x000001a611efe344 sp=0x00000001006fd940
Event: 70.388 Thread 0x000001a610374000 DEOPT UNPACKING pc=0x000001a611ba5583 sp=0x00000001006fd8d0 mode 2
Event: 70.444 loading class org/eclipse/aether/internal/impl/ArtifactRequestBuilder
Event: 70.444 loading class org/eclipse/aether/internal/impl/ArtifactRequestBuilder done
Event: 70.447 loading class org/eclipse/aether/util/graph/visitor/FilteringDependencyVisitor
Event: 70.447 loading class org/eclipse/aether/util/graph/visitor/FilteringDependencyVisitor done
Event: 70.449 loading class org/eclipse/aether/util/graph/visitor/Stack
Event: 70.449 loading class org/eclipse/aether/util/graph/visitor/Stack done
Event: 70.451 loading class org/eclipse/aether/util/graph/visitor/TreeDependencyVisitor
Event: 70.451 loading class org/eclipse/aether/util/graph/visitor/TreeDependencyVisitor done


Dynamic libraries:
0x00007ff7c6590000 - 0x00007ff7c65ca000 	C:\Users\Ada Lovelace\AppData\Local\Programs\AdoptOpenJDK\bin\java.exe
0x00007ff97c9e0000 - 0x00007ff97cbb2000 	C:\WINDOWS\SYSTEM32\ntdll.dll
0x00007ff97a300000 - 0x00007ff97a3ac000 	C:\WINDOWS\System32\KERNEL32.DLL
0x00007ff979270000 - 0x00007ff97948d000 	C:\WINDOWS\System32\KERNELBASE.dll
0x00007ff97b330000 - 0x00007ff97b3d2000 	C:\WINDOWS\System32\ADVAPI32.dll
0x00007ff97a120000 - 0x00007ff97a1be000 	C:\WINDOWS\System32\msvcrt.dll
0x00007ff97ae00000 - 0x00007ff97ae59000 	C:\WINDOWS\System32\sechost.dll
0x00007ff979f70000 - 0x00007ff97a091000 	C:\WINDOWS\System32\RPCRT4.dll
0x00007ff97a7e0000 - 0x00007ff97a945000 	C:\WINDOWS\System32\USER32.dll
0x00007ff978ee0000 - 0x00007ff978efe000 	C:\WINDOWS\System32\win32u.dll
0x00007ff97adc0000 - 0x00007ff97adf4000 	C:\WINDOWS\System32\GDI32.dll
0x00007ff979490000 - 0x00007ff979610000 	C:\WINDOWS\System32\gdi32full.dll
0x00007ff96e5c0000 - 0x00007ff96e83a000 	C:\WINDOWS\WinSxS\amd64_microsoft.windows.common-controls_6595b64144ccf1df_6.0.14393.953_none_42151e83c686086b\COMCTL32.dll
0x00007ff97b050000 - 0x00007ff97b318000 	C:\WINDOWS\System32\combase.dll
0x00007ff978fb0000 - 0x00007ff9790a5000 	C:\WINDOWS\System32\ucrtbase.dll
0x00007ff9790b0000 - 0x00007ff97911a000 	C:\WINDOWS\System32\bcryptPrimitives.dll
0x00007ff97b4a0000 - 0x00007ff97b4ce000 	C:\WINDOWS\System32\IMM32.DLL
0x00007ff955850000 - 0x00007ff95593f000 	C:\Users\Ada Lovelace\AppData\Local\Programs\AdoptOpenJDK\jre\bin\msvcr120.dll
0x00007ff955680000 - 0x00007ff955726000 	C:\Users\Ada Lovelace\AppData\Local\Programs\AdoptOpenJDK\jre\bin\msvcp120.dll
0x00000000510e0000 - 0x00000000518de000 	C:\Users\Ada Lovelace\AppData\Local\Programs\AdoptOpenJDK\jre\bin\server\jvm.dll
0x00007ff97a110000 - 0x00007ff97a118000 	C:\WINDOWS\System32\PSAPI.DLL
0x00007ff969cd0000 - 0x00007ff969cd9000 	C:\WINDOWS\SYSTEM32\WSOCK32.dll
0x00007ff977390000 - 0x00007ff9773b3000 	C:\WINDOWS\SYSTEM32\WINMM.dll
0x00007ff97ad50000 - 0x00007ff97adba000 	C:\WINDOWS\System32\WS2_32.dll
0x00007ff96aca0000 - 0x00007ff96acaa000 	C:\WINDOWS\SYSTEM32\VERSION.dll
0x00007ff977330000 - 0x00007ff97735b000 	C:\WINDOWS\SYSTEM32\WINMMBASE.dll
0x00007ff9797e0000 - 0x00007ff979822000 	C:\WINDOWS\System32\cfgmgr32.dll
0x00007ff972340000 - 0x00007ff97234f000 	C:\Users\Ada Lovelace\AppData\Local\Programs\AdoptOpenJDK\jre\bin\verify.dll
0x00007ff958eb0000 - 0x00007ff958ed8000 	C:\Users\Ada Lovelace\AppData\Local\Programs\AdoptOpenJDK\jre\bin\java.dll
0x00007ff95cd00000 - 0x00007ff95cd16000 	C:\Users\Ada Lovelace\AppData\Local\Programs\AdoptOpenJDK\jre\bin\zip.dll
0x00007ff97b4d0000 - 0x00007ff97c9d9000 	C:\WINDOWS\System32\SHELL32.dll
0x00007ff979890000 - 0x00007ff979f69000 	C:\WINDOWS\System32\windows.storage.dll
0x00007ff978e60000 - 0x00007ff978eac000 	C:\WINDOWS\System32\powrprof.dll
0x00007ff97a0a0000 - 0x00007ff97a0f2000 	C:\WINDOWS\System32\shlwapi.dll
0x00007ff978e50000 - 0x00007ff978e5f000 	C:\WINDOWS\System32\kernel.appcore.dll
0x00007ff979120000 - 0x00007ff9791c9000 	C:\WINDOWS\System32\shcore.dll
0x00007ff978ec0000 - 0x00007ff978ed4000 	C:\WINDOWS\System32\profapi.dll
0x00007ff973000000 - 0x00007ff97300a000 	C:\apache-maven-3.6.2\lib\jansi-native\windows64\jansi.dll
0x00007ff95c690000 - 0x00007ff95c6aa000 	C:\Users\Ada Lovelace\AppData\Local\Programs\AdoptOpenJDK\jre\bin\net.dll
0x00007ff9672e0000 - 0x00007ff9674a2000 	C:\WINDOWS\SYSTEM32\urlmon.dll
0x00007ff96fa50000 - 0x00007ff96fcf5000 	C:\WINDOWS\SYSTEM32\iertutil.dll
0x00007ff978720000 - 0x00007ff97877c000 	C:\WINDOWS\system32\mswsock.dll
0x00007ff95aee0000 - 0x00007ff95aef2000 	C:\Users\Ada Lovelace\AppData\Local\Programs\AdoptOpenJDK\jre\bin\nio.dll

VM Arguments:
jvm_args: -Dclassworlds.conf=C:\apache-maven-3.6.2\bin\..\bin\m2.conf -Dmaven.home=C:\apache-maven-3.6.2\bin\.. -Dlibrary.jansi.path=C:\apache-maven-3.6.2\bin\..\lib\jansi-native -Dmaven.multiModuleProjectDirectory=c:\Users\Ada Lovelace\Desktop\EjerciciosHechos\ADA\API\pooflix 
java_command: org.codehaus.plexus.classworlds.launcher.Launcher package -f c:\Users\Ada Lovelace\Desktop\EjerciciosHechos\ADA\API\pooflix\pom.xml
java_class_path (initial): C:\apache-maven-3.6.2\bin\..\boot\plexus-classworlds-2.6.0.jar
Launcher Type: SUN_STANDARD

Environment Variables:
JAVA_HOME=C:\Users\Ada Lovelace\AppData\Local\Programs\AdoptOpenJDK\
PATH=C:\Program Files (x86)\Intel\TXE Components\iCLS\;C:\Program Files\Intel\TXE Components\iCLS\;C:\WINDOWS\system32;C:\WINDOWS;C:\WINDOWS\System32\Wbem;C:\WINDOWS\System32\WindowsPowerShell\v1.0\;C:\Users\Administrator\AppData\Local\Microsoft\WindowsApps;C:\Recovery\OEM\Backup\;C:\Program Files\Intel\TXE Components\DAL\;C:\Program Files (x86)\Intel\TXE Components\DAL\;C:\Program Files\Intel\TXE Components\IPT\;C:\Program Files (x86)\Intel\TXE Components\IPT\;C:\Program Files\Intel\WiFi\bin\;C:\Program Files\Common Files\Intel\WirelessCommon\;C:\WINDOWS\system32;C:\WINDOWS;C:\WINDOWS\System32\Wbem;C:\WINDOWS\System32\WindowsPowerShell\v1.0\;C:\Program Files\Git\cmd;C:\Users\Ada Lovelace\AppData\Local\Programs\AdoptOpenJDK\bin;C:\Users\Ada Lovelace\AppData\Local\Microsoft\WindowsApps;C:\Users\Ada Lovelace\AppData\Local\GitHubDesktop\bin;C:\Users\Ada Lovelace\AppData\Local\Programs\Microsoft VS Code\bin
USERNAME=Ada Lovelace
OS=Windows_NT
PROCESSOR_IDENTIFIER=Intel64 Family 6 Model 76 Stepping 4, GenuineIntel



---------------  S Y S T E M  ---------------

OS: Windows 10.0 , 64 bit Build 14393 (10.0.14393.2189)

CPU:total 4 (initial active 4) (4 cores per cpu, 1 threads per core) family 6 model 76 stepping 4, cmov, cx8, fxsr, mmx, sse, sse2, sse3, ssse3, sse4.1, sse4.2, popcnt, aes, clmul, erms, 3dnowpref, tsc, tscinvbit

Memory: 4k page, physical 2019428k(36800k free), swap 5759840k(656k free)

vm_info: OpenJDK 64-Bit Server VM (25.222-b10) for windows-amd64 JRE (1.8.0_222-b10), built on Jul 17 2019 08:11:33 by "jenkins" with MS VC++ 12.0 (VS2013)

time: Mon Nov 04 12:00:06 2019
timezone: Hora estándar de Argentina
elapsed time: 70 seconds (0d 0h 1m 10s)

