#
# There is insufficient memory for the Java Runtime Environment to continue.
# Native memory allocation (malloc) failed to allocate 32744 bytes for ChunkPool::allocate
# Possible reasons:
#   The system is out of physical RAM or swap space
#   The process is running with CompressedOops enabled, and the Java Heap may be blocking the growth of the native heap
# Possible solutions:
#   Reduce memory load on the system
#   Increase physical memory or swap space
#   Check if swap backing store is full
#   Decrease Java heap size (-Xmx/-Xms)
#   Decrease number of Java threads
#   Decrease Java thread stack sizes (-Xss)
#   Set larger code cache with -XX:ReservedCodeCacheSize=
#   JVM is running with Unscaled Compressed Oops mode in which the Java heap is
#     placed in the first 4GB address space. The Java Heap base address is the
#     maximum limit for the native heap growth. Please use -XX:HeapBaseMinAddress
#     to set the Java Heap base and to place the Java Heap above 4GB virtual address.
# This output file may be truncated or incomplete.
#
#  Out of Memory Error (allocation.cpp:272), pid=4904, tid=0x0000000000001d0c
#
# JRE version: OpenJDK Runtime Environment (8.0_222-b10) (build 1.8.0_222-b10)
# Java VM: OpenJDK 64-Bit Server VM (25.222-b10 mixed mode windows-amd64 compressed oops)
# Failed to write core dump. Minidumps are not enabled by default on client versions of Windows
#

---------------  T H R E A D  ---------------

Current thread (0x0000024bae30b000):  JavaThread "C2 CompilerThread1" daemon [_thread_in_native, id=7436, stack(0x000000b377a00000,0x000000b377b00000)]

Stack: [0x000000b377a00000,0x000000b377b00000]
[error occurred during error reporting (printing stack bounds), id 0xc0000005]

Native frames: (J=compiled Java code, j=interpreted, Vv=VM code, C=native code)


Current CompileTask:
C2: 324672 8711       4       org.eclipse.jdt.internal.compiler.parser.Parser::consumeToken (2155 bytes)


---------------  P R O C E S S  ---------------

Java Threads: ( => current thread )
  0x0000024bb4092800 JavaThread "ForkJoinPool.commonPool-worker-3" daemon [_thread_blocked, id=4140, stack(0x000000b379f00000,0x000000b37a000000)]
  0x0000024bb4099800 JavaThread "ForkJoinPool.commonPool-worker-2" daemon [_thread_blocked, id=2408, stack(0x000000b379e00000,0x000000b379f00000)]
  0x0000024bb4091000 JavaThread "ForkJoinPool.commonPool-worker-1" daemon [_thread_in_native, id=8056, stack(0x000000b379d00000,0x000000b379e00000)]
  0x0000024bb4098000 JavaThread "Worker-6: Java indexing... " [_thread_blocked, id=1700, stack(0x000000b379c00000,0x000000b379d00000)]
  0x0000024bb4097000 JavaThread "Worker-5" [_thread_blocked, id=8012, stack(0x000000b379800000,0x000000b379900000)]
  0x0000024baffff000 JavaThread "Worker-4" [_thread_blocked, id=4356, stack(0x000000b378900000,0x000000b378a00000)]
  0x0000024bb0000800 JavaThread "pool-1-thread-1" [_thread_in_native, id=2232, stack(0x000000b378700000,0x000000b378800000)]
  0x0000024bb037e800 JavaThread "Java indexing" daemon [_thread_in_Java, id=4864, stack(0x000000b378600000,0x000000b378700000)]
  0x0000024bb0102800 JavaThread "Worker-2" [_thread_blocked, id=5824, stack(0x000000b378500000,0x000000b378600000)]
  0x0000024bb002d000 JavaThread "Worker-JM" [_thread_blocked, id=2268, stack(0x000000b378200000,0x000000b378300000)]
  0x0000024baff9e800 JavaThread "Bundle File Closer" daemon [_thread_blocked, id=7368, stack(0x000000b378100000,0x000000b378200000)]
  0x0000024baf980000 JavaThread "Start Level: Equinox Container: deed02bf-a288-470e-9d3b-907ce50a3f55" daemon [_thread_blocked, id=6732, stack(0x000000b378000000,0x000000b378100000)]
  0x0000024baf97f000 JavaThread "Framework Event Dispatcher: Equinox Container: deed02bf-a288-470e-9d3b-907ce50a3f55" daemon [_thread_blocked, id=6784, stack(0x000000b377f00000,0x000000b378000000)]
  0x0000024baf80e000 JavaThread "Active Thread: Equinox Container: deed02bf-a288-470e-9d3b-907ce50a3f55" [_thread_blocked, id=6220, stack(0x000000b377e00000,0x000000b377f00000)]
  0x0000024baed02800 JavaThread "Service Thread" daemon [_thread_blocked, id=5724, stack(0x000000b377c00000,0x000000b377d00000)]
  0x0000024bae30c000 JavaThread "C1 CompilerThread2" daemon [_thread_blocked, id=7020, stack(0x000000b377b00000,0x000000b377c00000)]
=>0x0000024bae30b000 JavaThread "C2 CompilerThread1" daemon [_thread_in_native, id=7436, stack(0x000000b377a00000,0x000000b377b00000)]
  0x0000024baec7c000 JavaThread "C2 CompilerThread0" daemon [_thread_in_native, id=5668, stack(0x000000b377900000,0x000000b377a00000)]
  0x0000024bae307800 JavaThread "Attach Listener" daemon [_thread_blocked, id=6916, stack(0x000000b377800000,0x000000b377900000)]
  0x0000024baec73000 JavaThread "Signal Dispatcher" daemon [_thread_blocked, id=1808, stack(0x000000b377700000,0x000000b377800000)]
  0x0000024baec72800 JavaThread "Surrogate Locker Thread (Concurrent GC)" daemon [_thread_blocked, id=3592, stack(0x000000b377600000,0x000000b377700000)]
  0x0000024bae2dd000 JavaThread "Finalizer" daemon [_thread_blocked, id=4736, stack(0x000000b377500000,0x000000b377600000)]
  0x0000024bae2d2800 JavaThread "Reference Handler" daemon [_thread_blocked, id=4636, stack(0x000000b377400000,0x000000b377500000)]
  0x0000024b98386800 JavaThread "main" [_thread_blocked, id=3192, stack(0x000000b376600000,0x000000b376700000)]

Other Threads:
  0x0000024bae2cd800 VMThread [stack: 0x000000b377300000,0x000000b377400000] [id=4832]
  0x0000024baed08000 WatcherThread [stack: 0x000000b377d00000,0x000000b377e00000] [id=6856]

VM state:not at safepoint (normal execution)

VM Mutex/Monitor currently owned by a thread: None

heap address: 0x00000000c0000000, size: 1024 MB, Compressed Oops mode: 32-bit
Narrow klass base: 0x0000000000000000, Narrow klass shift: 3
Compressed class space size: 1073741824 Address: 0x0000000100000000

Heap:
 garbage-first heap   total 183296K, used 114176K [0x00000000c0000000, 0x00000000c0100598, 0x0000000100000000)
  region size 1024K, 21 young (21504K), 1 survivors (1024K)
 Metaspace       used 53013K, capacity 55964K, committed 56192K, reserved 1099776K
  class space    used 5265K, capacity 6176K, committed 6272K, reserved 1048576K

Heap Regions: (Y=young(eden), SU=young(survivor), HS=humongous(starts), HC=humongous(continues), CS=collection set, F=free, TS=gc time stamp, PTAMS=previous top-at-mark-start, NTAMS=next top-at-mark-start)
AC   0  O    TS     0 PTAMS 0x00000000c0100000 NTAMS 0x00000000c0100000 space 1024K, 100% used [0x00000000c0000000, 0x00000000c0100000)
AC   0  O    TS     0 PTAMS 0x00000000c0200000 NTAMS 0x00000000c0200000 space 1024K, 100% used [0x00000000c0100000, 0x00000000c0200000)
AC   0  O    TS     7 PTAMS 0x00000000c0200000 NTAMS 0x00000000c0200000 space 1024K, 100% used [0x00000000c0200000, 0x00000000c0300000)
AC   0  O    TS     0 PTAMS 0x00000000c0400000 NTAMS 0x00000000c0400000 space 1024K, 100% used [0x00000000c0300000, 0x00000000c0400000)
AC   0  O    TS     0 PTAMS 0x00000000c0500000 NTAMS 0x00000000c0500000 space 1024K, 100% used [0x00000000c0400000, 0x00000000c0500000)
AC   0  O    TS     0 PTAMS 0x00000000c0600000 NTAMS 0x00000000c0600000 space 1024K, 100% used [0x00000000c0500000, 0x00000000c0600000)
AC   0  O    TS     0 PTAMS 0x00000000c0700000 NTAMS 0x00000000c0700000 space 1024K, 100% used [0x00000000c0600000, 0x00000000c0700000)
AC   0  O    TS     0 PTAMS 0x00000000c0800000 NTAMS 0x00000000c0800000 space 1024K, 100% used [0x00000000c0700000, 0x00000000c0800000)
AC   0  O    TS     0 PTAMS 0x00000000c0900000 NTAMS 0x00000000c0900000 space 1024K, 100% used [0x00000000c0800000, 0x00000000c0900000)
AC   0  O    TS     0 PTAMS 0x00000000c0a00000 NTAMS 0x00000000c0a00000 space 1024K, 100% used [0x00000000c0900000, 0x00000000c0a00000)
AC   0  O    TS     0 PTAMS 0x00000000c0b00000 NTAMS 0x00000000c0b00000 space 1024K, 100% used [0x00000000c0a00000, 0x00000000c0b00000)
AC   0  O    TS     7 PTAMS 0x00000000c0b00000 NTAMS 0x00000000c0b00000 space 1024K, 100% used [0x00000000c0b00000, 0x00000000c0c00000)
AC   0  F    TS     0 PTAMS 0x00000000c0c00000 NTAMS 0x00000000c0c00000 space 1024K,   0% used [0x00000000c0c00000, 0x00000000c0d00000)
AC   0  O    TS     0 PTAMS 0x00000000c0e00000 NTAMS 0x00000000c0e00000 space 1024K, 100% used [0x00000000c0d00000, 0x00000000c0e00000)
AC   0  O    TS     7 PTAMS 0x00000000c0e00000 NTAMS 0x00000000c0e00000 space 1024K, 100% used [0x00000000c0e00000, 0x00000000c0f00000)
AC   0  O    TS     5 PTAMS 0x00000000c0f00000 NTAMS 0x00000000c0f00000 space 1024K, 100% used [0x00000000c0f00000, 0x00000000c1000000)
AC   0  O    TS     5 PTAMS 0x00000000c1000000 NTAMS 0x00000000c1000000 space 1024K, 100% used [0x00000000c1000000, 0x00000000c1100000)
AC   0  O    TS     0 PTAMS 0x00000000c1200000 NTAMS 0x00000000c1200000 space 1024K, 100% used [0x00000000c1100000, 0x00000000c1200000)
AC   0  O    TS     5 PTAMS 0x00000000c1200000 NTAMS 0x00000000c1200000 space 1024K, 100% used [0x00000000c1200000, 0x00000000c1300000)
AC   0  O    TS     0 PTAMS 0x00000000c1400000 NTAMS 0x00000000c1400000 space 1024K, 100% used [0x00000000c1300000, 0x00000000c1400000)
AC   0  O    TS     7 PTAMS 0x00000000c1400000 NTAMS 0x00000000c1400000 space 1024K, 100% used [0x00000000c1400000, 0x00000000c1500000)
AC   0  O    TS     0 PTAMS 0x00000000c1600000 NTAMS 0x00000000c1600000 space 1024K, 100% used [0x00000000c1500000, 0x00000000c1600000)
AC   0  O    TS     0 PTAMS 0x00000000c1700000 NTAMS 0x00000000c1700000 space 1024K, 100% used [0x00000000c1600000, 0x00000000c1700000)
AC   0  O    TS     7 PTAMS 0x00000000c1700000 NTAMS 0x00000000c1700000 space 1024K, 100% used [0x00000000c1700000, 0x00000000c1800000)
AC   0  O    TS     5 PTAMS 0x00000000c1800000 NTAMS 0x00000000c1800000 space 1024K, 100% used [0x00000000c1800000, 0x00000000c1900000)
AC   0  O    TS     0 PTAMS 0x00000000c1a00000 NTAMS 0x00000000c1a00000 space 1024K, 100% used [0x00000000c1900000, 0x00000000c1a00000)
AC   0  O    TS     0 PTAMS 0x00000000c1b00000 NTAMS 0x00000000c1b00000 space 1024K, 100% used [0x00000000c1a00000, 0x00000000c1b00000)
AC   0  O    TS     0 PTAMS 0x00000000c1c00000 NTAMS 0x00000000c1c00000 space 1024K, 100% used [0x00000000c1b00000, 0x00000000c1c00000)
AC   0  O    TS     7 PTAMS 0x00000000c1c00000 NTAMS 0x00000000c1c00000 space 1024K, 100% used [0x00000000c1c00000, 0x00000000c1d00000)
AC   0  O    TS     0 PTAMS 0x00000000c1e00000 NTAMS 0x00000000c1e00000 space 1024K, 100% used [0x00000000c1d00000, 0x00000000c1e00000)
AC   0  O    TS     0 PTAMS 0x00000000c1f00000 NTAMS 0x00000000c1f00000 space 1024K, 100% used [0x00000000c1e00000, 0x00000000c1f00000)
AC   0  O    TS     0 PTAMS 0x00000000c2000000 NTAMS 0x00000000c2000000 space 1024K, 100% used [0x00000000c1f00000, 0x00000000c2000000)
AC   0  O    TS     0 PTAMS 0x00000000c2100000 NTAMS 0x00000000c2100000 space 1024K, 100% used [0x00000000c2000000, 0x00000000c2100000)
AC   0  O    TS     5 PTAMS 0x00000000c2100000 NTAMS 0x00000000c2100000 space 1024K, 100% used [0x00000000c2100000, 0x00000000c2200000)
AC   0  O    TS     7 PTAMS 0x00000000c2200000 NTAMS 0x00000000c2200000 space 1024K, 100% used [0x00000000c2200000, 0x00000000c2300000)
AC   0  O    TS     0 PTAMS 0x00000000c2400000 NTAMS 0x00000000c2400000 space 1024K, 100% used [0x00000000c2300000, 0x00000000c2400000)
AC   0  O    TS     0 PTAMS 0x00000000c2500000 NTAMS 0x00000000c2500000 space 1024K, 100% used [0x00000000c2400000, 0x00000000c2500000)
AC   0  O    TS     0 PTAMS 0x00000000c2600000 NTAMS 0x00000000c2600000 space 1024K, 100% used [0x00000000c2500000, 0x00000000c2600000)
AC   0  O    TS     0 PTAMS 0x00000000c2700000 NTAMS 0x00000000c2700000 space 1024K, 100% used [0x00000000c2600000, 0x00000000c2700000)
AC   0  O    TS     0 PTAMS 0x00000000c2800000 NTAMS 0x00000000c2800000 space 1024K, 100% used [0x00000000c2700000, 0x00000000c2800000)
AC   0  O    TS     0 PTAMS 0x00000000c2900000 NTAMS 0x00000000c2900000 space 1024K, 100% used [0x00000000c2800000, 0x00000000c2900000)
AC   0  O    TS     0 PTAMS 0x00000000c2a00000 NTAMS 0x00000000c2a00000 space 1024K, 100% used [0x00000000c2900000, 0x00000000c2a00000)
AC   0 HS    TS     0 PTAMS 0x00000000c2a80010 NTAMS 0x00000000c2a80010 space 1024K,  50% used [0x00000000c2a00000, 0x00000000c2b00000)
AC   0  F    TS     0 PTAMS 0x00000000c2b00000 NTAMS 0x00000000c2b00000 space 1024K,   0% used [0x00000000c2b00000, 0x00000000c2c00000)
AC   0  F    TS     0 PTAMS 0x00000000c2c00000 NTAMS 0x00000000c2c00000 space 1024K,   0% used [0x00000000c2c00000, 0x00000000c2d00000)
AC   0  O    TS     0 PTAMS 0x00000000c2e00000 NTAMS 0x00000000c2e00000 space 1024K, 100% used [0x00000000c2d00000, 0x00000000c2e00000)
AC   0  O    TS     5 PTAMS 0x00000000c2e00000 NTAMS 0x00000000c2e00000 space 1024K, 100% used [0x00000000c2e00000, 0x00000000c2f00000)
AC   0  O    TS     7 PTAMS 0x00000000c2f00000 NTAMS 0x00000000c2f00000 space 1024K, 100% used [0x00000000c2f00000, 0x00000000c3000000)
AC   0  O    TS     0 PTAMS 0x00000000c3100000 NTAMS 0x00000000c3100000 space 1024K, 100% used [0x00000000c3000000, 0x00000000c3100000)
AC   0  O    TS     0 PTAMS 0x00000000c3200000 NTAMS 0x00000000c3200000 space 1024K, 100% used [0x00000000c3100000, 0x00000000c3200000)
AC   0  O    TS     5 PTAMS 0x00000000c3200000 NTAMS 0x00000000c3200000 space 1024K, 100% used [0x00000000c3200000, 0x00000000c3300000)
AC   0  O    TS     7 PTAMS 0x00000000c3300000 NTAMS 0x00000000c3300000 space 1024K, 100% used [0x00000000c3300000, 0x00000000c3400000)
AC   0  O    TS     7 PTAMS 0x00000000c3400000 NTAMS 0x00000000c3400000 space 1024K, 100% used [0x00000000c3400000, 0x00000000c3500000)
AC   0  O    TS     0 PTAMS 0x00000000c3600000 NTAMS 0x00000000c3600000 space 1024K, 100% used [0x00000000c3500000, 0x00000000c3600000)
AC   0  O    TS     0 PTAMS 0x00000000c3700000 NTAMS 0x00000000c3700000 space 1024K, 100% used [0x00000000c3600000, 0x00000000c3700000)
AC   0  O    TS     0 PTAMS 0x00000000c3800000 NTAMS 0x00000000c3800000 space 1024K, 100% used [0x00000000c3700000, 0x00000000c3800000)
AC   0  O    TS     0 PTAMS 0x00000000c3900000 NTAMS 0x00000000c3900000 space 1024K, 100% used [0x00000000c3800000, 0x00000000c3900000)
AC   0  O    TS     0 PTAMS 0x00000000c3a00000 NTAMS 0x00000000c3a00000 space 1024K, 100% used [0x00000000c3900000, 0x00000000c3a00000)
AC   0  O    TS     0 PTAMS 0x00000000c3b00000 NTAMS 0x00000000c3b00000 space 1024K, 100% used [0x00000000c3a00000, 0x00000000c3b00000)
AC   0  F    TS     0 PTAMS 0x00000000c3b00000 NTAMS 0x00000000c3b00000 space 1024K,   0% used [0x00000000c3b00000, 0x00000000c3c00000)
AC   0  F    TS     0 PTAMS 0x00000000c3c00000 NTAMS 0x00000000c3c00000 space 1024K,   0% used [0x00000000c3c00000, 0x00000000c3d00000)
AC   0  O    TS     7 PTAMS 0x00000000c3d00000 NTAMS 0x00000000c3d00000 space 1024K, 100% used [0x00000000c3d00000, 0x00000000c3e00000)
AC   0  O    TS     5 PTAMS 0x00000000c3e00000 NTAMS 0x00000000c3e00000 space 1024K, 100% used [0x00000000c3e00000, 0x00000000c3f00000)
AC   0  O    TS     5 PTAMS 0x00000000c3f00000 NTAMS 0x00000000c3f00000 space 1024K, 100% used [0x00000000c3f00000, 0x00000000c4000000)
AC   0  F    TS     0 PTAMS 0x00000000c4000000 NTAMS 0x00000000c4000000 space 1024K,   0% used [0x00000000c4000000, 0x00000000c4100000)
AC   0  O    TS     5 PTAMS 0x00000000c4100000 NTAMS 0x00000000c4100000 space 1024K, 100% used [0x00000000c4100000, 0x00000000c4200000)
AC   0  O    TS     5 PTAMS 0x00000000c4200000 NTAMS 0x00000000c4200000 space 1024K, 100% used [0x00000000c4200000, 0x00000000c4300000)
AC   0  O    TS     1 PTAMS 0x00000000c4300000 NTAMS 0x00000000c4300000 space 1024K, 100% used [0x00000000c4300000, 0x00000000c4400000)
AC   0  O    TS     1 PTAMS 0x00000000c4400000 NTAMS 0x00000000c4400000 space 1024K, 100% used [0x00000000c4400000, 0x00000000c4500000)
AC   0  O    TS     1 PTAMS 0x00000000c4500000 NTAMS 0x00000000c4500000 space 1024K, 100% used [0x00000000c4500000, 0x00000000c4600000)
AC   0  O    TS     1 PTAMS 0x00000000c4600000 NTAMS 0x00000000c4600000 space 1024K, 100% used [0x00000000c4600000, 0x00000000c4700000)
AC   0  O    TS     1 PTAMS 0x00000000c4700000 NTAMS 0x00000000c4700000 space 1024K, 100% used [0x00000000c4700000, 0x00000000c4800000)
AC   0  O    TS     3 PTAMS 0x00000000c4800000 NTAMS 0x00000000c4800000 space 1024K, 100% used [0x00000000c4800000, 0x00000000c4900000)
AC   0  O    TS     3 PTAMS 0x00000000c4900000 NTAMS 0x00000000c4900000 space 1024K, 100% used [0x00000000c4900000, 0x00000000c4a00000)
AC   0  O    TS     3 PTAMS 0x00000000c4a00000 NTAMS 0x00000000c4a00000 space 1024K, 100% used [0x00000000c4a00000, 0x00000000c4b00000)
AC   0  O    TS     0 PTAMS 0x00000000c4c00000 NTAMS 0x00000000c4c00000 space 1024K, 100% used [0x00000000c4b00000, 0x00000000c4c00000)
AC   0  O    TS     0 PTAMS 0x00000000c4d00000 NTAMS 0x00000000c4d00000 space 1024K, 100% used [0x00000000c4c00000, 0x00000000c4d00000)
AC   0  O    TS     5 PTAMS 0x00000000c4d00000 NTAMS 0x00000000c4d00000 space 1024K, 100% used [0x00000000c4d00000, 0x00000000c4e00000)
AC   0  O    TS     5 PTAMS 0x00000000c4e00000 NTAMS 0x00000000c4e00000 space 1024K, 100% used [0x00000000c4e00000, 0x00000000c4f00000)
AC   0  O    TS     1 PTAMS 0x00000000c4f80008 NTAMS 0x00000000c4f80008 space 1024K, 100% used [0x00000000c4f00000, 0x00000000c5000000)
AC   0  O    TS     3 PTAMS 0x00000000c5000000 NTAMS 0x00000000c5000000 space 1024K, 100% used [0x00000000c5000000, 0x00000000c5100000)
AC   0  O    TS     3 PTAMS 0x00000000c5100000 NTAMS 0x00000000c5100000 space 1024K, 100% used [0x00000000c5100000, 0x00000000c5200000)
AC   0  O    TS     3 PTAMS 0x00000000c5200000 NTAMS 0x00000000c5200000 space 1024K, 100% used [0x00000000c5200000, 0x00000000c5300000)
AC   0  O    TS     3 PTAMS 0x00000000c5300000 NTAMS 0x00000000c5300000 space 1024K, 100% used [0x00000000c5300000, 0x00000000c5400000)
AC   0  O    TS     3 PTAMS 0x00000000c5400000 NTAMS 0x00000000c5400000 space 1024K, 100% used [0x00000000c5400000, 0x00000000c5500000)
AC   0  O    TS     3 PTAMS 0x00000000c5500000 NTAMS 0x00000000c5500000 space 1024K, 100% used [0x00000000c5500000, 0x00000000c5600000)
AC   0  O    TS     3 PTAMS 0x00000000c5600000 NTAMS 0x00000000c5600000 space 1024K, 100% used [0x00000000c5600000, 0x00000000c5700000)
AC   0  O    TS     3 PTAMS 0x00000000c5700000 NTAMS 0x00000000c5700000 space 1024K, 100% used [0x00000000c5700000, 0x00000000c5800000)
AC   0  O    TS     3 PTAMS 0x00000000c5800000 NTAMS 0x00000000c5800000 space 1024K, 100% used [0x00000000c5800000, 0x00000000c5900000)
AC   0  O    TS     3 PTAMS 0x00000000c5900000 NTAMS 0x00000000c5900000 space 1024K, 100% used [0x00000000c5900000, 0x00000000c5a00000)
AC   0  O    TS     3 PTAMS 0x00000000c5a00000 NTAMS 0x00000000c5a00000 space 1024K, 100% used [0x00000000c5a00000, 0x00000000c5b00000)
AC   0  O    TS     5 PTAMS 0x00000000c5b00000 NTAMS 0x00000000c5b00000 space 1024K, 100% used [0x00000000c5b00000, 0x00000000c5c00000)
AC   0  F    TS     0 PTAMS 0x00000000c5c00000 NTAMS 0x00000000c5c00000 space 1024K,   0% used [0x00000000c5c00000, 0x00000000c5d00000)
AC   0  F    TS     0 PTAMS 0x00000000c5d00000 NTAMS 0x00000000c5d00000 space 1024K,   0% used [0x00000000c5d00000, 0x00000000c5e00000)
AC   0  F    TS     0 PTAMS 0x00000000c5e00000 NTAMS 0x00000000c5e00000 space 1024K,   0% used [0x00000000c5e00000, 0x00000000c5f00000)
AC   0  F    TS     0 PTAMS 0x00000000c5f00000 NTAMS 0x00000000c5f00000 space 1024K,   0% used [0x00000000c5f00000, 0x00000000c6000000)
AC   0  F    TS     0 PTAMS 0x00000000c6000000 NTAMS 0x00000000c6000000 space 1024K,   0% used [0x00000000c6000000, 0x00000000c6100000)
AC   0  F    TS     0 PTAMS 0x00000000c6100000 NTAMS 0x00000000c6100000 space 1024K,   0% used [0x00000000c6100000, 0x00000000c6200000)
AC   0  F    TS     0 PTAMS 0x00000000c6200000 NTAMS 0x00000000c6200000 space 1024K,   0% used [0x00000000c6200000, 0x00000000c6300000)
AC   0  F    TS     0 PTAMS 0x00000000c6300000 NTAMS 0x00000000c6300000 space 1024K,   0% used [0x00000000c6300000, 0x00000000c6400000)
AC   0  F    TS     0 PTAMS 0x00000000c6400000 NTAMS 0x00000000c6400000 space 1024K,   0% used [0x00000000c6400000, 0x00000000c6500000)
AC   0  F    TS     0 PTAMS 0x00000000c6500000 NTAMS 0x00000000c6500000 space 1024K,   0% used [0x00000000c6500000, 0x00000000c6600000)
AC   0  F    TS     0 PTAMS 0x00000000c6600000 NTAMS 0x00000000c6600000 space 1024K,   0% used [0x00000000c6600000, 0x00000000c6700000)
AC   0  F    TS     0 PTAMS 0x00000000c6700000 NTAMS 0x00000000c6700000 space 1024K,   0% used [0x00000000c6700000, 0x00000000c6800000)
AC   0  F    TS     0 PTAMS 0x00000000c6800000 NTAMS 0x00000000c6800000 space 1024K,   0% used [0x00000000c6800000, 0x00000000c6900000)
AC   0  F    TS     0 PTAMS 0x00000000c6900000 NTAMS 0x00000000c6900000 space 1024K,   0% used [0x00000000c6900000, 0x00000000c6a00000)
AC   0  F    TS     0 PTAMS 0x00000000c6a00000 NTAMS 0x00000000c6a00000 space 1024K,   0% used [0x00000000c6a00000, 0x00000000c6b00000)
AC   0  F    TS     0 PTAMS 0x00000000c6b00000 NTAMS 0x00000000c6b00000 space 1024K,   0% used [0x00000000c6b00000, 0x00000000c6c00000)
AC   0  F    TS     0 PTAMS 0x00000000c6c00000 NTAMS 0x00000000c6c00000 space 1024K,   0% used [0x00000000c6c00000, 0x00000000c6d00000)
AC   0  F    TS     0 PTAMS 0x00000000c6d00000 NTAMS 0x00000000c6d00000 space 1024K,   0% used [0x00000000c6d00000, 0x00000000c6e00000)
AC   0  F    TS     0 PTAMS 0x00000000c6e00000 NTAMS 0x00000000c6e00000 space 1024K,   0% used [0x00000000c6e00000, 0x00000000c6f00000)
AC   0  F    TS     0 PTAMS 0x00000000c6f00000 NTAMS 0x00000000c6f00000 space 1024K,   0% used [0x00000000c6f00000, 0x00000000c7000000)
AC   0  F    TS     0 PTAMS 0x00000000c7000000 NTAMS 0x00000000c7000000 space 1024K,   0% used [0x00000000c7000000, 0x00000000c7100000)
AC   0  F    TS     0 PTAMS 0x00000000c7100000 NTAMS 0x00000000c7100000 space 1024K,   0% used [0x00000000c7100000, 0x00000000c7200000)
AC   0  F    TS     0 PTAMS 0x00000000c7200000 NTAMS 0x00000000c7200000 space 1024K,   0% used [0x00000000c7200000, 0x00000000c7300000)
AC   0  F    TS     0 PTAMS 0x00000000c7300000 NTAMS 0x00000000c7300000 space 1024K,   0% used [0x00000000c7300000, 0x00000000c7400000)
AC   0  F    TS     0 PTAMS 0x00000000c7400000 NTAMS 0x00000000c7400000 space 1024K,   0% used [0x00000000c7400000, 0x00000000c7500000)
AC   0  F    TS     0 PTAMS 0x00000000c7500000 NTAMS 0x00000000c7500000 space 1024K,   0% used [0x00000000c7500000, 0x00000000c7600000)
AC   0  F    TS     0 PTAMS 0x00000000c7600000 NTAMS 0x00000000c7600000 space 1024K,   0% used [0x00000000c7600000, 0x00000000c7700000)
AC   0  F    TS     0 PTAMS 0x00000000c7700000 NTAMS 0x00000000c7700000 space 1024K,   0% used [0x00000000c7700000, 0x00000000c7800000)
AC   0  F    TS     0 PTAMS 0x00000000c7800000 NTAMS 0x00000000c7800000 space 1024K,   0% used [0x00000000c7800000, 0x00000000c7900000)
AC   0  F    TS     0 PTAMS 0x00000000c7900000 NTAMS 0x00000000c7900000 space 1024K,   0% used [0x00000000c7900000, 0x00000000c7a00000)
AC   0  F    TS     0 PTAMS 0x00000000c7a00000 NTAMS 0x00000000c7a00000 space 1024K,   0% used [0x00000000c7a00000, 0x00000000c7b00000)
AC   0  F    TS     0 PTAMS 0x00000000c7b00000 NTAMS 0x00000000c7b00000 space 1024K,   0% used [0x00000000c7b00000, 0x00000000c7c00000)
AC   0  F    TS     0 PTAMS 0x00000000c7c00000 NTAMS 0x00000000c7c00000 space 1024K,   0% used [0x00000000c7c00000, 0x00000000c7d00000)
AC   0  F    TS     0 PTAMS 0x00000000c7d00000 NTAMS 0x00000000c7d00000 space 1024K,   0% used [0x00000000c7d00000, 0x00000000c7e00000)
AC   0  F    TS     0 PTAMS 0x00000000c7e00000 NTAMS 0x00000000c7e00000 space 1024K,   0% used [0x00000000c7e00000, 0x00000000c7f00000)
AC   0  F    TS     0 PTAMS 0x00000000c7f00000 NTAMS 0x00000000c7f00000 space 1024K,   0% used [0x00000000c7f00000, 0x00000000c8000000)
AC   0  F    TS     0 PTAMS 0x00000000c8000000 NTAMS 0x00000000c8000000 space 1024K,   0% used [0x00000000c8000000, 0x00000000c8100000)
AC   0  F    TS     0 PTAMS 0x00000000c8100000 NTAMS 0x00000000c8100000 space 1024K,   0% used [0x00000000c8100000, 0x00000000c8200000)
AC   0  F    TS     0 PTAMS 0x00000000c8200000 NTAMS 0x00000000c8200000 space 1024K,   0% used [0x00000000c8200000, 0x00000000c8300000)
AC   0  F    TS     0 PTAMS 0x00000000c8300000 NTAMS 0x00000000c8300000 space 1024K,   0% used [0x00000000c8300000, 0x00000000c8400000)
AC   0  F    TS     0 PTAMS 0x00000000c8400000 NTAMS 0x00000000c8400000 space 1024K,   0% used [0x00000000c8400000, 0x00000000c8500000)
AC   0  F    TS     0 PTAMS 0x00000000c8500000 NTAMS 0x00000000c8500000 space 1024K,   0% used [0x00000000c8500000, 0x00000000c8600000)
AC   0  F    TS     0 PTAMS 0x00000000c8600000 NTAMS 0x00000000c8600000 space 1024K,   0% used [0x00000000c8600000, 0x00000000c8700000)
AC   0  F    TS     0 PTAMS 0x00000000c8700000 NTAMS 0x00000000c8700000 space 1024K,   0% used [0x00000000c8700000, 0x00000000c8800000)
AC   0  F    TS     0 PTAMS 0x00000000c8800000 NTAMS 0x00000000c8800000 space 1024K,   0% used [0x00000000c8800000, 0x00000000c8900000)
AC   0  F    TS     0 PTAMS 0x00000000c8900000 NTAMS 0x00000000c8900000 space 1024K,   0% used [0x00000000c8900000, 0x00000000c8a00000)
AC   0  F    TS     0 PTAMS 0x00000000c8a00000 NTAMS 0x00000000c8a00000 space 1024K,   0% used [0x00000000c8a00000, 0x00000000c8b00000)
AC   0  F    TS     0 PTAMS 0x00000000c8b00000 NTAMS 0x00000000c8b00000 space 1024K,   0% used [0x00000000c8b00000, 0x00000000c8c00000)
AC   0  F    TS     0 PTAMS 0x00000000c8c00000 NTAMS 0x00000000c8c00000 space 1024K,   0% used [0x00000000c8c00000, 0x00000000c8d00000)
AC   0  F    TS     0 PTAMS 0x00000000c8d00000 NTAMS 0x00000000c8d00000 space 1024K,   0% used [0x00000000c8d00000, 0x00000000c8e00000)
AC   0  F    TS     0 PTAMS 0x00000000c8e00000 NTAMS 0x00000000c8e00000 space 1024K,   0% used [0x00000000c8e00000, 0x00000000c8f00000)
AC   0  F    TS     0 PTAMS 0x00000000c8f00000 NTAMS 0x00000000c8f00000 space 1024K,   0% used [0x00000000c8f00000, 0x00000000c9000000)
AC   0  F    TS     0 PTAMS 0x00000000c9000000 NTAMS 0x00000000c9000000 space 1024K,   0% used [0x00000000c9000000, 0x00000000c9100000)
AC   0  F    TS     1 PTAMS 0x00000000c9100000 NTAMS 0x00000000c9100000 space 1024K,   0% used [0x00000000c9100000, 0x00000000c9200000)
AC   0  F    TS     1 PTAMS 0x00000000c9200000 NTAMS 0x00000000c9200000 space 1024K,   0% used [0x00000000c9200000, 0x00000000c9300000)
AC   0  F    TS     1 PTAMS 0x00000000c9300000 NTAMS 0x00000000c9300000 space 1024K,   0% used [0x00000000c9300000, 0x00000000c9400000)
AC   0  F    TS     1 PTAMS 0x00000000c9400000 NTAMS 0x00000000c9400000 space 1024K,   0% used [0x00000000c9400000, 0x00000000c9500000)
AC   0  F    TS     1 PTAMS 0x00000000c9500000 NTAMS 0x00000000c9500000 space 1024K,   0% used [0x00000000c9500000, 0x00000000c9600000)
AC   0  F    TS     0 PTAMS 0x00000000c9600000 NTAMS 0x00000000c9600000 space 1024K,   0% used [0x00000000c9600000, 0x00000000c9700000)
AC   0  F    TS     0 PTAMS 0x00000000c9700000 NTAMS 0x00000000c9700000 space 1024K,   0% used [0x00000000c9700000, 0x00000000c9800000)
AC   0  E    TS     3 PTAMS 0x00000000c9800000 NTAMS 0x00000000c9800000 space 1024K,  40% used [0x00000000c9800000, 0x00000000c9900000)
AC   0  E CS TS     5 PTAMS 0x00000000c9900000 NTAMS 0x00000000c9900000 space 1024K, 100% used [0x00000000c9900000, 0x00000000c9a00000)
AC   0  E CS TS     0 PTAMS 0x00000000c9a00000 NTAMS 0x00000000c9a00000 space 1024K, 100% used [0x00000000c9a00000, 0x00000000c9b00000)
AC   0  E CS TS     0 PTAMS 0x00000000c9b00000 NTAMS 0x00000000c9b00000 space 1024K, 100% used [0x00000000c9b00000, 0x00000000c9c00000)
AC   0  O    TS     0 PTAMS 0x00000000c9d00000 NTAMS 0x00000000c9d00000 space 1024K, 100% used [0x00000000c9c00000, 0x00000000c9d00000)
AC   0  O    TS     0 PTAMS 0x00000000c9e00000 NTAMS 0x00000000c9e00000 space 1024K, 100% used [0x00000000c9d00000, 0x00000000c9e00000)
AC   0  O    TS     0 PTAMS 0x00000000c9f00000 NTAMS 0x00000000c9f00000 space 1024K, 100% used [0x00000000c9e00000, 0x00000000c9f00000)
AC   0  O    TS     0 PTAMS 0x00000000ca000000 NTAMS 0x00000000ca000000 space 1024K, 100% used [0x00000000c9f00000, 0x00000000ca000000)
AC   0  O    TS     0 PTAMS 0x00000000ca100000 NTAMS 0x00000000ca100000 space 1024K, 100% used [0x00000000ca000000, 0x00000000ca100000)
AC   0  O    TS     0 PTAMS 0x00000000ca200000 NTAMS 0x00000000ca200000 space 1024K, 100% used [0x00000000ca100000, 0x00000000ca200000)
AC   0  E CS TS     0 PTAMS 0x00000000ca200000 NTAMS 0x00000000ca200000 space 1024K, 100% used [0x00000000ca200000, 0x00000000ca300000)
AC   0  E CS TS     0 PTAMS 0x00000000ca300000 NTAMS 0x00000000ca300000 space 1024K, 100% used [0x00000000ca300000, 0x00000000ca400000)
AC   0  E CS TS     0 PTAMS 0x00000000ca400000 NTAMS 0x00000000ca400000 space 1024K, 100% used [0x00000000ca400000, 0x00000000ca500000)
AC   0  E CS TS     0 PTAMS 0x00000000ca500000 NTAMS 0x00000000ca500000 space 1024K, 100% used [0x00000000ca500000, 0x00000000ca600000)
AC   0  E CS TS     0 PTAMS 0x00000000ca600000 NTAMS 0x00000000ca600000 space 1024K, 100% used [0x00000000ca600000, 0x00000000ca700000)
AC   0  E CS TS     0 PTAMS 0x00000000ca700000 NTAMS 0x00000000ca700000 space 1024K, 100% used [0x00000000ca700000, 0x00000000ca800000)
AC   0  S CS TS     7 PTAMS 0x00000000ca800000 NTAMS 0x00000000ca800000 space 1024K, 100% used [0x00000000ca800000, 0x00000000ca900000)
AC   0  E CS TS     0 PTAMS 0x00000000ca900000 NTAMS 0x00000000ca900000 space 1024K, 100% used [0x00000000ca900000, 0x00000000caa00000)
AC   0  E CS TS     0 PTAMS 0x00000000caa00000 NTAMS 0x00000000caa00000 space 1024K, 100% used [0x00000000caa00000, 0x00000000cab00000)
AC   0  E CS TS     0 PTAMS 0x00000000cab00000 NTAMS 0x00000000cab00000 space 1024K, 100% used [0x00000000cab00000, 0x00000000cac00000)
AC   0  E CS TS     0 PTAMS 0x00000000cac00000 NTAMS 0x00000000cac00000 space 1024K, 100% used [0x00000000cac00000, 0x00000000cad00000)
AC   0  E CS TS     0 PTAMS 0x00000000cad00000 NTAMS 0x00000000cad00000 space 1024K, 100% used [0x00000000cad00000, 0x00000000cae00000)
AC   0  E CS TS     0 PTAMS 0x00000000cae00000 NTAMS 0x00000000cae00000 space 1024K, 100% used [0x00000000cae00000, 0x00000000caf00000)
AC   0  E CS TS     0 PTAMS 0x00000000caf00000 NTAMS 0x00000000caf00000 space 1024K, 100% used [0x00000000caf00000, 0x00000000cb000000)
AC   0  E CS TS     0 PTAMS 0x00000000cb000000 NTAMS 0x00000000cb000000 space 1024K, 100% used [0x00000000cb000000, 0x00000000cb100000)
AC   0  E CS TS     0 PTAMS 0x00000000cb100000 NTAMS 0x00000000cb100000 space 1024K, 100% used [0x00000000cb100000, 0x00000000cb200000)
AC   0  E CS TS     0 PTAMS 0x00000000cb200000 NTAMS 0x00000000cb200000 space 1024K, 100% used [0x00000000cb200000, 0x00000000cb300000)

Card table byte_map: [0x0000024ba97d0000,0x0000024ba99d0000] byte_map_base: 0x0000024ba91d0000

Marking Bits (Prev, Next): (CMBitMap*) 0x0000024b983cfc00, (CMBitMap*) 0x0000024b983cfba8
 Prev Bits: [0x0000024baabd0000, 0x0000024babbd0000)
 Next Bits: [0x0000024ba9bd0000, 0x0000024baabd0000)

Polling page: 0x0000024b98340000

CodeCache: size=245760Kb used=27723Kb max_used=27756Kb free=218036Kb
 bounds [0x0000024b99bc0000, 0x0000024b9b710000, 0x0000024ba8bc0000]
 total_blobs=8006 nmethods=7407 adapters=508
 compilation: enabled

Compilation events (10 events):
Event: 324.505 Thread 0x0000024bae30c000 8816       2       org.eclipse.jdt.internal.core.search.indexing.BinaryIndexer::addTypeReference (92 bytes)
Event: 324.508 Thread 0x0000024bae30c000 nmethod 8816 0x0000024b9b0f6e50 code [0x0000024b9b0f7000, 0x0000024b9b0f7310]
Event: 324.512 Thread 0x0000024bae30c000 8817  s    2       java.util.Hashtable::get (69 bytes)
Event: 324.513 Thread 0x0000024bae30c000 nmethod 8817 0x0000024b9b6e2110 code [0x0000024b9b6e22a0, 0x0000024b9b6e2700]
Event: 324.515 Thread 0x0000024bae30c000 8818       2       org.eclipse.jdt.internal.compiler.SourceElementNotifier::notifySourceElementRequestor (538 bytes)
Event: 324.521 Thread 0x0000024bae30c000 nmethod 8818 0x0000024b9b6e0e10 code [0x0000024b9b6e1060, 0x0000024b9b6e1bb0]
Event: 324.522 Thread 0x0000024bae30c000 8819       2       org.eclipse.jdt.internal.compiler.ISourceElementRequestor$FieldInfo::<init> (5 bytes)
Event: 324.522 Thread 0x0000024bae30c000 nmethod 8819 0x0000024b9b0f4910 code [0x0000024b9b0f4a60, 0x0000024b9b0f4bb8]
Event: 324.522 Thread 0x0000024bae30c000 8820   !   2       org.eclipse.jdt.internal.compiler.SourceElementNotifier::visitIfNeeded (64 bytes)
Event: 324.525 Thread 0x0000024bae30c000 nmethod 8820 0x0000024b9b6e0190 code [0x0000024b9b6e0340, 0x0000024b9b6e0880]

GC Heap History (10 events):
Event: 321.489 GC heap before
{Heap before GC invocations=58 (full 0):
 garbage-first heap   total 183296K, used 150018K [0x00000000c0000000, 0x00000000c0100598, 0x0000000100000000)
  region size 1024K, 38 young (38912K), 8 survivors (8192K)
 Metaspace       used 52722K, capacity 55756K, committed 55936K, reserved 1099776K
  class space    used 5231K, capacity 6174K, committed 6272K, reserved 1048576K
Event: 321.550 GC heap after
Heap after GC invocations=59 (full 0):
 garbage-first heap   total 183296K, used 123394K [0x00000000c0000000, 0x00000000c0100598, 0x0000000100000000)
  region size 1024K, 5 young (5120K), 5 survivors (5120K)
 Metaspace       used 52722K, capacity 55756K, committed 55936K, reserved 1099776K
  class space    used 5231K, capacity 6174K, committed 6272K, reserved 1048576K
}
Event: 322.869 GC heap before
{Heap before GC invocations=60 (full 0):
 garbage-first heap   total 183296K, used 130048K [0x00000000c0000000, 0x00000000c0100598, 0x0000000100000000)
  region size 1024K, 33 young (33792K), 5 survivors (5120K)
 Metaspace       used 52998K, capacity 55946K, committed 56192K, reserved 1099776K
  class space    used 5263K, capacity 6173K, committed 6272K, reserved 1048576K
Event: 322.923 GC heap after
Heap after GC invocations=61 (full 0):
 garbage-first heap   total 183296K, used 106496K [0x00000000c0000000, 0x00000000c0100598, 0x0000000100000000)
  region size 1024K, 5 young (5120K), 5 survivors (5120K)
 Metaspace       used 52998K, capacity 55946K, committed 56192K, reserved 1099776K
  class space    used 5263K, capacity 6173K, committed 6272K, reserved 1048576K
}
Event: 323.004 GC heap before
{Heap before GC invocations=61 (full 0):
 garbage-first heap   total 183296K, used 109568K [0x00000000c0000000, 0x00000000c0100598, 0x0000000100000000)
  region size 1024K, 8 young (8192K), 5 survivors (5120K)
 Metaspace       used 52998K, capacity 55946K, committed 56192K, reserved 1099776K
  class space    used 5263K, capacity 6173K, committed 6272K, reserved 1048576K
Event: 323.086 GC heap after
Heap after GC invocations=62 (full 0):
 garbage-first heap   total 183296K, used 99328K [0x00000000c0000000, 0x00000000c0100598, 0x0000000100000000)
  region size 1024K, 1 young (1024K), 1 survivors (1024K)
 Metaspace       used 52998K, capacity 55946K, committed 56192K, reserved 1099776K
  class space    used 5263K, capacity 6173K, committed 6272K, reserved 1048576K
}
Event: 323.338 GC heap before
{Heap before GC invocations=62 (full 0):
 garbage-first heap   total 183296K, used 106496K [0x00000000c0000000, 0x00000000c0100598, 0x0000000100000000)
  region size 1024K, 8 young (8192K), 1 survivors (1024K)
 Metaspace       used 52998K, capacity 55946K, committed 56192K, reserved 1099776K
  class space    used 5263K, capacity 6173K, committed 6272K, reserved 1048576K
Event: 323.442 GC heap after
Heap after GC invocations=63 (full 0):
 garbage-first heap   total 183296K, used 94720K [0x00000000c0000000, 0x00000000c0100598, 0x0000000100000000)
  region size 1024K, 1 young (1024K), 1 survivors (1024K)
 Metaspace       used 52998K, capacity 55946K, committed 56192K, reserved 1099776K
  class space    used 5263K, capacity 6173K, committed 6272K, reserved 1048576K
}
Event: 323.573 GC heap before
{Heap before GC invocations=63 (full 0):
 garbage-first heap   total 183296K, used 101888K [0x00000000c0000000, 0x00000000c0100598, 0x0000000100000000)
  region size 1024K, 8 young (8192K), 1 survivors (1024K)
 Metaspace       used 52999K, capacity 55946K, committed 56192K, reserved 1099776K
  class space    used 5263K, capacity 6173K, committed 6272K, reserved 1048576K
Event: 323.664 GC heap after
Heap after GC invocations=64 (full 0):
 garbage-first heap   total 183296K, used 94720K [0x00000000c0000000, 0x00000000c0100598, 0x0000000100000000)
  region size 1024K, 1 young (1024K), 1 survivors (1024K)
 Metaspace       used 52999K, capacity 55946K, committed 56192K, reserved 1099776K
  class space    used 5263K, capacity 6173K, committed 6272K, reserved 1048576K
}

Deoptimization events (10 events):
Event: 317.173 Thread 0x0000024baffff000 Uncommon trap: reason=bimorphic action=maybe_recompile pc=0x0000024b9b1f34b0 method=java.io.DataOutputStream.writeInt(I)V @ 12
Event: 317.174 Thread 0x0000024baffff000 Uncommon trap: reason=bimorphic action=maybe_recompile pc=0x0000024b9b1f34b0 method=java.io.DataOutputStream.writeInt(I)V @ 12
Event: 317.175 Thread 0x0000024baffff000 Uncommon trap: reason=bimorphic action=maybe_recompile pc=0x0000024b9b1f34b0 method=java.io.DataOutputStream.writeInt(I)V @ 12
Event: 317.176 Thread 0x0000024baffff000 Uncommon trap: reason=bimorphic action=maybe_recompile pc=0x0000024b9b1f34b0 method=java.io.DataOutputStream.writeInt(I)V @ 12
Event: 317.553 Thread 0x0000024bb4091000 Uncommon trap: reason=predicate action=maybe_recompile pc=0x0000024b9b3e7bb8 method=org.eclipse.jdt.internal.compiler.lookup.BinaryTypeBinding.createMethod(Lorg/eclipse/jdt/internal/compiler/env/IBinaryMethod;Lorg/eclipse/jdt/internal/compiler/env/IBinary
Event: 321.287 Thread 0x0000024bb037e800 Uncommon trap: reason=unstable_if action=reinterpret pc=0x0000024b9b63ccf8 method=org.eclipse.jdt.internal.core.search.matching.MethodPattern.createIndexKey([CI)[C @ 3
Event: 324.356 Thread 0x0000024bb4091000 Uncommon trap: reason=unstable_if action=reinterpret pc=0x0000024b9aa7d8c0 method=java.util.Hashtable.get(Ljava/lang/Object;)Ljava/lang/Object; @ 48
Event: 324.356 Thread 0x0000024bb4091000 Uncommon trap: reason=unstable_if action=reinterpret pc=0x0000024b99feeadc method=java.util.Hashtable.get(Ljava/lang/Object;)Ljava/lang/Object; @ 48
Event: 324.356 Thread 0x0000024bb4091000 Uncommon trap: reason=class_check action=maybe_recompile pc=0x0000024b9a1eeb14 method=java.util.Hashtable.put(Ljava/lang/Object;Ljava/lang/Object;)Ljava/lang/Object; @ 60
Event: 324.505 Thread 0x0000024bb037e800 Uncommon trap: reason=unstable_if action=reinterpret pc=0x0000024b9b6231c0 method=org.eclipse.jdt.internal.core.search.indexing.BinaryIndexer.addTypeReference([C)V @ 5

Classes redefined (0 events):
No events

Internal exceptions (10 events):
Event: 316.559 Thread 0x0000024baffff000 Exception <a 'java/lang/NoSuchMethodError': <clinit>> (0x00000000c71036e0) thrown at [C:\cygwin64\tmp\openjdk-jdk8u-windows-x64-hotspot\workspace\build\src\hotspot\src\share\vm\prims\jni.cpp, line 1615]
Event: 317.159 Thread 0x0000024baffff000 Exception <a 'java/io/FileNotFoundException'> (0x00000000c963e980) thrown at [C:\cygwin64\tmp\openjdk-jdk8u-windows-x64-hotspot\workspace\build\src\hotspot\src\share\vm\prims\jni.cpp, line 710]
Event: 317.273 Thread 0x0000024bb4091000 Exception <a 'java/lang/ArrayIndexOutOfBoundsException'> (0x00000000c7a2b7c0) thrown at [C:\cygwin64\tmp\openjdk-jdk8u-windows-x64-hotspot\workspace\build\src\hotspot\src\share\vm\runtime\sharedRuntime.cpp, line 605]
Event: 317.414 Thread 0x0000024bb4091000 Exception <a 'java/lang/ArrayIndexOutOfBoundsException'> (0x00000000c74b0bb0) thrown at [C:\cygwin64\tmp\openjdk-jdk8u-windows-x64-hotspot\workspace\build\src\hotspot\src\share\vm\runtime\sharedRuntime.cpp, line 605]
Event: 317.655 Thread 0x0000024bb4091000 Exception <a 'java/lang/NoSuchMethodError': java.lang.Object.lambda$and$0(Ljava/util/function/Predicate;Ljava/lang/Object;)Z> (0x00000000c6eb0428) thrown at [C:\cygwin64\tmp\openjdk-jdk8u-windows-x64-hotspot\workspace\build\src\hotspot\src\share\vm\interp
Event: 317.773 Thread 0x0000024bb4091000 Exception <a 'java/lang/NoSuchMethodError': java.lang.Object.lambda$or$2(Ljava/util/function/Predicate;Ljava/lang/Object;)Z> (0x00000000c69a7608) thrown at [C:\cygwin64\tmp\openjdk-jdk8u-windows-x64-hotspot\workspace\build\src\hotspot\src\share\vm\interpr
Event: 322.065 Thread 0x0000024bb4091000 Exception <a 'java/lang/ArrayIndexOutOfBoundsException': 1700> (0x00000000c7cf68d8) thrown at [C:\cygwin64\tmp\openjdk-jdk8u-windows-x64-hotspot\workspace\build\src\hotspot\src\share\vm\interpreter\interpreterRuntime.cpp, line 368]
Event: 322.299 Thread 0x0000024bb4092800 Exception <a 'java/lang/ArrayIndexOutOfBoundsException'> (0x00000000c7939650) thrown at [C:\cygwin64\tmp\openjdk-jdk8u-windows-x64-hotspot\workspace\build\src\hotspot\src\share\vm\runtime\sharedRuntime.cpp, line 605]
Event: 322.529 Thread 0x0000024bb4092800 Exception <a 'java/lang/ArrayIndexOutOfBoundsException'> (0x00000000c7713588) thrown at [C:\cygwin64\tmp\openjdk-jdk8u-windows-x64-hotspot\workspace\build\src\hotspot\src\share\vm\runtime\sharedRuntime.cpp, line 605]
Event: 324.514 Thread 0x0000024bb0000800 Exception <a 'java/lang/ArrayIndexOutOfBoundsException'> (0x00000000c9914908) thrown at [C:\cygwin64\tmp\openjdk-jdk8u-windows-x64-hotspot\workspace\build\src\hotspot\src\share\vm\runtime\sharedRuntime.cpp, line 605]

Events (10 events):
Event: 324.482 Executing VM operation: RevokeBias done
Event: 324.493 Thread 0x0000024bb037e800 DEOPT PACKING pc=0x0000024b9b5f1010 sp=0x000000b3786fe730
Event: 324.493 Thread 0x0000024bb037e800 DEOPT UNPACKING pc=0x0000024b99c071d8 sp=0x000000b3786fe528 mode 0
Event: 324.502 Thread 0x0000024bb037e800 DEOPT PACKING pc=0x0000024b9b4119eb sp=0x000000b3786fe700
Event: 324.502 Thread 0x0000024bb037e800 DEOPT UNPACKING pc=0x0000024b99c071d8 sp=0x000000b3786fe520 mode 0
Event: 324.505 Thread 0x0000024bb037e800 Uncommon trap: trap_request=0xffffff65 fr.pc=0x0000024b9b6231c0
Event: 324.505 Thread 0x0000024bb037e800 DEOPT PACKING pc=0x0000024b9b6231c0 sp=0x000000b3786fe5a0
Event: 324.505 Thread 0x0000024bb037e800 DEOPT UNPACKING pc=0x0000024b99c05583 sp=0x000000b3786fe578 mode 2
Event: 324.511 Thread 0x0000024bb037e800 DEOPT PACKING pc=0x0000024b9b5f1010 sp=0x000000b3786fe730
Event: 324.511 Thread 0x0000024bb037e800 DEOPT UNPACKING pc=0x0000024b99c071d8 sp=0x000000b3786fe528 mode 0


Dynamic libraries:
0x00007ff7c6590000 - 0x00007ff7c65ca000 	C:\Users\Ada Lovelace\AppData\Local\Programs\AdoptOpenJDK\bin\java.exe
0x00007ff97c9e0000 - 0x00007ff97cbb2000 	C:\WINDOWS\SYSTEM32\ntdll.dll
0x00007ff97a300000 - 0x00007ff97a3ac000 	C:\WINDOWS\System32\KERNEL32.DLL
0x00007ff979270000 - 0x00007ff97948d000 	C:\WINDOWS\System32\KERNELBASE.dll
0x00007ff97b330000 - 0x00007ff97b3d2000 	C:\WINDOWS\System32\ADVAPI32.dll
0x00007ff97a120000 - 0x00007ff97a1be000 	C:\WINDOWS\System32\msvcrt.dll
0x00007ff97ae00000 - 0x00007ff97ae59000 	C:\WINDOWS\System32\sechost.dll
0x00007ff979f70000 - 0x00007ff97a091000 	C:\WINDOWS\System32\RPCRT4.dll
0x00007ff97a7e0000 - 0x00007ff97a945000 	C:\WINDOWS\System32\USER32.dll
0x00007ff978ee0000 - 0x00007ff978efe000 	C:\WINDOWS\System32\win32u.dll
0x00007ff97adc0000 - 0x00007ff97adf4000 	C:\WINDOWS\System32\GDI32.dll
0x00007ff979490000 - 0x00007ff979610000 	C:\WINDOWS\System32\gdi32full.dll
0x00007ff96e5c0000 - 0x00007ff96e83a000 	C:\WINDOWS\WinSxS\amd64_microsoft.windows.common-controls_6595b64144ccf1df_6.0.14393.953_none_42151e83c686086b\COMCTL32.dll
0x00007ff97b050000 - 0x00007ff97b318000 	C:\WINDOWS\System32\combase.dll
0x00007ff978fb0000 - 0x00007ff9790a5000 	C:\WINDOWS\System32\ucrtbase.dll
0x00007ff9790b0000 - 0x00007ff97911a000 	C:\WINDOWS\System32\bcryptPrimitives.dll
0x00007ff97b4a0000 - 0x00007ff97b4ce000 	C:\WINDOWS\System32\IMM32.DLL
0x00007ff955850000 - 0x00007ff95593f000 	C:\Users\Ada Lovelace\AppData\Local\Programs\AdoptOpenJDK\jre\bin\msvcr120.dll
0x00007ff955680000 - 0x00007ff955726000 	C:\Users\Ada Lovelace\AppData\Local\Programs\AdoptOpenJDK\jre\bin\msvcp120.dll
0x00000000510e0000 - 0x00000000518de000 	C:\Users\Ada Lovelace\AppData\Local\Programs\AdoptOpenJDK\jre\bin\server\jvm.dll
0x00007ff97a110000 - 0x00007ff97a118000 	C:\WINDOWS\System32\PSAPI.DLL
0x00007ff969cd0000 - 0x00007ff969cd9000 	C:\WINDOWS\SYSTEM32\WSOCK32.dll
0x00007ff97ad50000 - 0x00007ff97adba000 	C:\WINDOWS\System32\WS2_32.dll
0x00007ff96aca0000 - 0x00007ff96acaa000 	C:\WINDOWS\SYSTEM32\VERSION.dll
0x00007ff977390000 - 0x00007ff9773b3000 	C:\WINDOWS\SYSTEM32\WINMM.dll
0x0000024b99b70000 - 0x0000024b99b9b000 	C:\WINDOWS\SYSTEM32\WINMMBASE.dll
0x00007ff9797e0000 - 0x00007ff979822000 	C:\WINDOWS\System32\cfgmgr32.dll
0x00007ff972340000 - 0x00007ff97234f000 	C:\Users\Ada Lovelace\AppData\Local\Programs\AdoptOpenJDK\jre\bin\verify.dll
0x00007ff958eb0000 - 0x00007ff958ed8000 	C:\Users\Ada Lovelace\AppData\Local\Programs\AdoptOpenJDK\jre\bin\java.dll
0x00007ff95cd00000 - 0x00007ff95cd16000 	C:\Users\Ada Lovelace\AppData\Local\Programs\AdoptOpenJDK\jre\bin\zip.dll
0x00007ff97b4d0000 - 0x00007ff97c9d9000 	C:\WINDOWS\System32\SHELL32.dll
0x00007ff979890000 - 0x00007ff979f69000 	C:\WINDOWS\System32\windows.storage.dll
0x00007ff978e60000 - 0x00007ff978eac000 	C:\WINDOWS\System32\powrprof.dll
0x00007ff97a0a0000 - 0x00007ff97a0f2000 	C:\WINDOWS\System32\shlwapi.dll
0x00007ff978e50000 - 0x00007ff978e5f000 	C:\WINDOWS\System32\kernel.appcore.dll
0x00007ff979120000 - 0x00007ff9791c9000 	C:\WINDOWS\System32\shcore.dll
0x00007ff978ec0000 - 0x00007ff978ed4000 	C:\WINDOWS\System32\profapi.dll
0x00007ff9788c0000 - 0x00007ff9788d7000 	C:\WINDOWS\SYSTEM32\CRYPTSP.dll
0x00007ff978320000 - 0x00007ff978353000 	C:\WINDOWS\system32\rsaenh.dll
0x00007ff978d90000 - 0x00007ff978dbb000 	C:\WINDOWS\SYSTEM32\bcrypt.dll
0x00007ff9785a0000 - 0x00007ff9785bf000 	C:\WINDOWS\SYSTEM32\USERENV.dll
0x00007ff978d80000 - 0x00007ff978d8b000 	C:\WINDOWS\SYSTEM32\CRYPTBASE.dll
0x00007ff95c690000 - 0x00007ff95c6aa000 	C:\Users\Ada Lovelace\AppData\Local\Programs\AdoptOpenJDK\jre\bin\net.dll
0x00007ff9672e0000 - 0x00007ff9674a2000 	C:\WINDOWS\SYSTEM32\urlmon.dll
0x00007ff96fa50000 - 0x00007ff96fcf5000 	C:\WINDOWS\SYSTEM32\iertutil.dll
0x00007ff978720000 - 0x00007ff97877c000 	C:\WINDOWS\system32\mswsock.dll
0x00007ff9784a0000 - 0x00007ff9784d8000 	C:\WINDOWS\SYSTEM32\IPHLPAPI.DLL
0x00007ff97b320000 - 0x00007ff97b328000 	C:\WINDOWS\System32\NSI.dll
0x00007ff96f550000 - 0x00007ff96f566000 	C:\WINDOWS\SYSTEM32\dhcpcsvc6.DLL
0x00007ff971320000 - 0x00007ff97133a000 	C:\WINDOWS\SYSTEM32\dhcpcsvc.DLL
0x00007ff95aee0000 - 0x00007ff95aef2000 	C:\Users\Ada Lovelace\AppData\Local\Programs\AdoptOpenJDK\jre\bin\nio.dll
0x00007ff957620000 - 0x00007ff957649000 	C:\Users\Ada Lovelace\.vscode\extensions\redhat.java-0.52.0\server\config_win\org.eclipse.equinox.launcher\org.eclipse.equinox.launcher.win32.win32.x86_64_1.1.1100.v20190907-0426\eclipse_1902.dll
0x00007ff96f350000 - 0x00007ff96f361000 	C:\Users\Ada Lovelace\.vscode\extensions\redhat.java-0.52.0\server\config_win\org.eclipse.osgi\21\0\.cp\jWinHttp-1.0.0.dll
0x00007ff97a1c0000 - 0x00007ff97a2f8000 	C:\WINDOWS\System32\ole32.dll
0x00007ff96e4f0000 - 0x00007ff96e5bd000 	C:\WINDOWS\SYSTEM32\WINHTTP.dll
0x00007ff958f50000 - 0x00007ff958f73000 	C:\Users\Ada Lovelace\AppData\Local\Programs\AdoptOpenJDK\jre\bin\sunec.dll

VM Arguments:
jvm_args: -Declipse.application=org.eclipse.jdt.ls.core.id1 -Dosgi.bundles.defaultStartLevel=4 -Declipse.product=org.eclipse.jdt.ls.core.product -Dfile.encoding=utf8 -DwatchParentProcess=false -Xverify:none -Xmx1G -XX:+UseG1GC -XX:+UseStringDeduplication 
java_command: c:\Users\Ada Lovelace\.vscode\extensions\redhat.java-0.52.0\server\plugins\org.eclipse.equinox.launcher_1.5.600.v20191014-2022.jar -configuration c:\Users\Ada Lovelace\.vscode\extensions\redhat.java-0.52.0\server\config_win -data c:\Users\Ada Lovelace\AppData\Roaming\Code\User\workspaceStorage\460ce8804c4c1a6de22b32ed2f21464d\redhat.java\jdt_ws
java_class_path (initial): c:\Users\Ada Lovelace\.vscode\extensions\redhat.java-0.52.0\server\plugins\org.eclipse.equinox.launcher_1.5.600.v20191014-2022.jar
Launcher Type: SUN_STANDARD

Environment Variables:
JAVA_HOME=C:\Users\Ada Lovelace\AppData\Local\Programs\AdoptOpenJDK\
PATH=C:\Program Files (x86)\Intel\TXE Components\iCLS\;C:\Program Files\Intel\TXE Components\iCLS\;C:\WINDOWS\system32;C:\WINDOWS;C:\WINDOWS\System32\Wbem;C:\WINDOWS\System32\WindowsPowerShell\v1.0\;C:\Users\Administrator\AppData\Local\Microsoft\WindowsApps;C:\Recovery\OEM\Backup\;C:\Program Files\Intel\TXE Components\DAL\;C:\Program Files (x86)\Intel\TXE Components\DAL\;C:\Program Files\Intel\TXE Components\IPT\;C:\Program Files (x86)\Intel\TXE Components\IPT\;C:\Program Files\Intel\WiFi\bin\;C:\Program Files\Common Files\Intel\WirelessCommon\;C:\WINDOWS\system32;C:\WINDOWS;C:\WINDOWS\System32\Wbem;C:\WINDOWS\System32\WindowsPowerShell\v1.0\;C:\Program Files\Git\cmd;C:\Users\Ada Lovelace\AppData\Local\Programs\AdoptOpenJDK\bin;C:\Users\Ada Lovelace\AppData\Local\Microsoft\WindowsApps;C:\Users\Ada Lovelace\AppData\Local\GitHubDesktop\bin;C:\Users\Ada Lovelace\AppData\Local\Programs\Microsoft VS Code\bin
USERNAME=Ada Lovelace
OS=Windows_NT
PROCESSOR_IDENTIFIER=Intel64 Family 6 Model 76 Stepping 4, GenuineIntel



---------------  S Y S T E M  ---------------

OS: Windows 10.0 , 64 bit Build 14393 (10.0.14393.2189)

CPU:total 4 (initial active 4) (4 cores per cpu, 1 threads per core) family 6 model 76 stepping 4, cmov, cx8, fxsr, mmx, sse, sse2, sse3, ssse3, sse4.1, sse4.2, popcnt, aes, clmul, erms, 3dnowpref, tsc, tscinvbit

Memory: 4k page, physical 2019428k(123752k free), swap 5759840k(2008k free)

vm_info: OpenJDK 64-Bit Server VM (25.222-b10) for windows-amd64 JRE (1.8.0_222-b10), built on Jul 17 2019 08:11:33 by "jenkins" with MS VC++ 12.0 (VS2013)

time: Mon Nov 04 09:59:57 2019
timezone: Hora estándar de Argentina
elapsed time: 324 seconds (0d 0h 5m 24s)

