#
# There is insufficient memory for the Java Runtime Environment to continue.
# Native memory allocation (malloc) failed to allocate 45392 bytes for Chunk::new
# Possible reasons:
#   The system is out of physical RAM or swap space
#   The process is running with CompressedOops enabled, and the Java Heap may be blocking the growth of the native heap
# Possible solutions:
#   Reduce memory load on the system
#   Increase physical memory or swap space
#   Check if swap backing store is full
#   Decrease Java heap size (-Xmx/-Xms)
#   Decrease number of Java threads
#   Decrease Java thread stack sizes (-Xss)
#   Set larger code cache with -XX:ReservedCodeCacheSize=
#   JVM is running with Unscaled Compressed Oops mode in which the Java heap is
#     placed in the first 4GB address space. The Java Heap base address is the
#     maximum limit for the native heap growth. Please use -XX:HeapBaseMinAddress
#     to set the Java Heap base and to place the Java Heap above 4GB virtual address.
# This output file may be truncated or incomplete.
#
#  Out of Memory Error (allocation.cpp:389), pid=2232, tid=0x00000000000013e0
#
# JRE version: OpenJDK Runtime Environment (8.0_222-b10) (build 1.8.0_222-b10)
# Java VM: OpenJDK 64-Bit Server VM (25.222-b10 mixed mode windows-amd64 compressed oops)
# Failed to write core dump. Minidumps are not enabled by default on client versions of Windows
#

---------------  T H R E A D  ---------------

Current thread (0x000001cb5e941000):  JavaThread "C2 CompilerThread1" daemon [_thread_in_native, id=5088, stack(0x0000006ddc400000,0x0000006ddc500000)]

Stack: [0x0000006ddc400000,0x0000006ddc500000]
[error occurred during error reporting (printing stack bounds), id 0xc0000005]

Native frames: (J=compiled Java code, j=interpreted, Vv=VM code, C=native code)


Current CompileTask:
C2:  18449 1482   !   4       java.net.URL::<init> (543 bytes)


---------------  P R O C E S S  ---------------

Java Threads: ( => current thread )
  0x000001cb5e955000 JavaThread "Service Thread" daemon [_thread_blocked, id=4348, stack(0x0000006ddc600000,0x0000006ddc700000)]
  0x000001cb5e94f800 JavaThread "C1 CompilerThread2" daemon [_thread_blocked, id=6628, stack(0x0000006ddc500000,0x0000006ddc600000)]
=>0x000001cb5e941000 JavaThread "C2 CompilerThread1" daemon [_thread_in_native, id=5088, stack(0x0000006ddc400000,0x0000006ddc500000)]
  0x000001cb5e8f0000 JavaThread "C2 CompilerThread0" daemon [_thread_blocked, id=6524, stack(0x0000006ddc300000,0x0000006ddc400000)]
  0x000001cb5e8ef000 JavaThread "Attach Listener" daemon [_thread_blocked, id=7636, stack(0x0000006ddc200000,0x0000006ddc300000)]
  0x000001cb5e8ed000 JavaThread "Signal Dispatcher" daemon [_thread_blocked, id=6728, stack(0x0000006ddc100000,0x0000006ddc200000)]
  0x000001cb5e1aa800 JavaThread "Finalizer" daemon [_thread_blocked, id=7696, stack(0x0000006ddc000000,0x0000006ddc100000)]
  0x000001cb5e19f000 JavaThread "Reference Handler" daemon [_thread_blocked, id=5076, stack(0x0000006ddbf00000,0x0000006ddc000000)]
  0x000001cb4b983000 JavaThread "main" [_thread_in_Java, id=1076, stack(0x0000006ddb900000,0x0000006ddba00000)]

Other Threads:
  0x000001cb5e8b2000 VMThread [stack: 0x0000006ddbe00000,0x0000006ddbf00000] [id=3260]
  0x000001cb5e957000 WatcherThread [stack: 0x0000006ddc700000,0x0000006ddc800000] [id=616]

VM state:not at safepoint (normal execution)

VM Mutex/Monitor currently owned by a thread: None

heap address: 0x00000000e1200000, size: 494 MB, Compressed Oops mode: 32-bit
Narrow klass base: 0x0000000000000000, Narrow klass shift: 3
Compressed class space size: 1073741824 Address: 0x0000000100000000

Heap:
 PSYoungGen      total 20992K, used 6800K [0x00000000f5b80000, 0x00000000f8580000, 0x0000000100000000)
  eden space 16896K, 16% used [0x00000000f5b80000,0x00000000f5e24770,0x00000000f6c00000)
  from space 4096K, 99% used [0x00000000f8180000,0x00000000f857fa18,0x00000000f8580000)
  to   space 4608K, 0% used [0x00000000f7c80000,0x00000000f7c80000,0x00000000f8100000)
 ParOldGen       total 22016K, used 7551K [0x00000000e1200000, 0x00000000e2780000, 0x00000000f5b80000)
  object space 22016K, 34% used [0x00000000e1200000,0x00000000e195fd10,0x00000000e2780000)
 Metaspace       used 13032K, capacity 13254K, committed 13568K, reserved 1060864K
  class space    used 1596K, capacity 1707K, committed 1792K, reserved 1048576K

Card table byte_map: [0x000001cb5c680000,0x000001cb5c780000] byte_map_base: 0x000001cb5bf77000

Marking Bits: (ParMarkBitMap*) 0x0000000051864e90
 Begin Bits: [0x000001cb5c830000, 0x000001cb5cfe8000)
 End Bits:   [0x000001cb5cfe8000, 0x000001cb5d7a0000)

Polling page: 0x000001cb4d290000

CodeCache: size=245760Kb used=5219Kb max_used=5219Kb free=240540Kb
 bounds [0x000001cb4d2c0000, 0x000001cb4d7e0000, 0x000001cb5c2c0000]
 total_blobs=1845 nmethods=1513 adapters=246
 compilation: enabled

Compilation events (10 events):
Event: 18.271 Thread 0x000001cb5e94f800 nmethod 1487 0x000001cb4d7d0b10 code [0x000001cb4d7d0c80, 0x000001cb4d7d0f18]
Event: 18.271 Thread 0x000001cb5e94f800 1488       3       sun.misc.FDBigInteger::<init> (30 bytes)
Event: 18.272 Thread 0x000001cb5e94f800 nmethod 1488 0x000001cb4d7d0690 code [0x000001cb4d7d0800, 0x000001cb4d7d0a10]
Event: 18.272 Thread 0x000001cb5e94f800 1489       3       sun.misc.FDBigInteger::trimLeadingZeros (57 bytes)
Event: 18.273 Thread 0x000001cb5e94f800 nmethod 1489 0x000001cb4d7d2f50 code [0x000001cb4d7d30c0, 0x000001cb4d7d33f8]
Event: 18.274 Thread 0x000001cb5e94f800 1490       3       sun.misc.FDBigInteger::makeImmutable (6 bytes)
Event: 18.274 Thread 0x000001cb5e94f800 nmethod 1490 0x000001cb4d7d0310 code [0x000001cb4d7d0460, 0x000001cb4d7d05b8]
Event: 18.274 Thread 0x000001cb5e94f800 1491       3       sun.misc.FDBigInteger::mult (44 bytes)
Event: 18.275 Thread 0x000001cb5e94f800 nmethod 1491 0x000001cb4d7d3510 code [0x000001cb4d7d36a0, 0x000001cb4d7d39c0]
Event: 18.330 Thread 0x000001cb5e8f0000 1492       4       java.lang.String::startsWith (7 bytes)

GC Heap History (10 events):
Event: 7.373 GC heap before
{Heap before GC invocations=2 (full 0):
 PSYoungGen      total 9728K, used 9728K [0x00000000f5b80000, 0x00000000f6600000, 0x0000000100000000)
  eden space 8704K, 100% used [0x00000000f5b80000,0x00000000f6400000,0x00000000f6400000)
  from space 1024K, 100% used [0x00000000f6400000,0x00000000f6500000,0x00000000f6500000)
  to   space 1024K, 0% used [0x00000000f6500000,0x00000000f6500000,0x00000000f6600000)
 ParOldGen       total 22016K, used 1228K [0x00000000e1200000, 0x00000000e2780000, 0x00000000f5b80000)
  object space 22016K, 5% used [0x00000000e1200000,0x00000000e13331f0,0x00000000e2780000)
 Metaspace       used 7328K, capacity 7528K, committed 7552K, reserved 1056768K
  class space    used 833K, capacity 892K, committed 896K, reserved 1048576K
Event: 7.405 GC heap after
Heap after GC invocations=2 (full 0):
 PSYoungGen      total 9728K, used 1010K [0x00000000f5b80000, 0x00000000f6600000, 0x0000000100000000)
  eden space 8704K, 0% used [0x00000000f5b80000,0x00000000f5b80000,0x00000000f6400000)
  from space 1024K, 98% used [0x00000000f6500000,0x00000000f65fcb70,0x00000000f6600000)
  to   space 1024K, 0% used [0x00000000f6400000,0x00000000f6400000,0x00000000f6500000)
 ParOldGen       total 22016K, used 2863K [0x00000000e1200000, 0x00000000e2780000, 0x00000000f5b80000)
  object space 22016K, 13% used [0x00000000e1200000,0x00000000e14cbce8,0x00000000e2780000)
 Metaspace       used 7328K, capacity 7528K, committed 7552K, reserved 1056768K
  class space    used 833K, capacity 892K, committed 896K, reserved 1048576K
}
Event: 8.409 GC heap before
{Heap before GC invocations=3 (full 0):
 PSYoungGen      total 9728K, used 9714K [0x00000000f5b80000, 0x00000000f6600000, 0x0000000100000000)
  eden space 8704K, 100% used [0x00000000f5b80000,0x00000000f6400000,0x00000000f6400000)
  from space 1024K, 98% used [0x00000000f6500000,0x00000000f65fcb70,0x00000000f6600000)
  to   space 1024K, 0% used [0x00000000f6400000,0x00000000f6400000,0x00000000f6500000)
 ParOldGen       total 22016K, used 2863K [0x00000000e1200000, 0x00000000e2780000, 0x00000000f5b80000)
  object space 22016K, 13% used [0x00000000e1200000,0x00000000e14cbce8,0x00000000e2780000)
 Metaspace       used 7868K, capacity 8072K, committed 8192K, reserved 1056768K
  class space    used 925K, capacity 988K, committed 1024K, reserved 1048576K
Event: 8.422 GC heap after
Heap after GC invocations=3 (full 0):
 PSYoungGen      total 9728K, used 1008K [0x00000000f5b80000, 0x00000000f6e80000, 0x0000000100000000)
  eden space 8704K, 0% used [0x00000000f5b80000,0x00000000f5b80000,0x00000000f6400000)
  from space 1024K, 98% used [0x00000000f6400000,0x00000000f64fc030,0x00000000f6500000)
  to   space 1024K, 0% used [0x00000000f6d80000,0x00000000f6d80000,0x00000000f6e80000)
 ParOldGen       total 22016K, used 3670K [0x00000000e1200000, 0x00000000e2780000, 0x00000000f5b80000)
  object space 22016K, 16% used [0x00000000e1200000,0x00000000e1595b98,0x00000000e2780000)
 Metaspace       used 7868K, capacity 8072K, committed 8192K, reserved 1056768K
  class space    used 925K, capacity 988K, committed 1024K, reserved 1048576K
}
Event: 9.469 GC heap before
{Heap before GC invocations=4 (full 0):
 PSYoungGen      total 9728K, used 9712K [0x00000000f5b80000, 0x00000000f6e80000, 0x0000000100000000)
  eden space 8704K, 100% used [0x00000000f5b80000,0x00000000f6400000,0x00000000f6400000)
  from space 1024K, 98% used [0x00000000f6400000,0x00000000f64fc030,0x00000000f6500000)
  to   space 1024K, 0% used [0x00000000f6d80000,0x00000000f6d80000,0x00000000f6e80000)
 ParOldGen       total 22016K, used 3670K [0x00000000e1200000, 0x00000000e2780000, 0x00000000f5b80000)
  object space 22016K, 16% used [0x00000000e1200000,0x00000000e1595b98,0x00000000e2780000)
 Metaspace       used 8592K, capacity 8788K, committed 9088K, reserved 1056768K
  class space    used 1013K, capacity 1054K, committed 1152K, reserved 1048576K
Event: 9.481 GC heap after
Heap after GC invocations=4 (full 0):
 PSYoungGen      total 18432K, used 1008K [0x00000000f5b80000, 0x00000000f6e80000, 0x0000000100000000)
  eden space 17408K, 0% used [0x00000000f5b80000,0x00000000f5b80000,0x00000000f6c80000)
  from space 1024K, 98% used [0x00000000f6d80000,0x00000000f6e7c010,0x00000000f6e80000)
  to   space 1024K, 0% used [0x00000000f6c80000,0x00000000f6c80000,0x00000000f6d80000)
 ParOldGen       total 22016K, used 4842K [0x00000000e1200000, 0x00000000e2780000, 0x00000000f5b80000)
  object space 22016K, 21% used [0x00000000e1200000,0x00000000e16ba940,0x00000000e2780000)
 Metaspace       used 8592K, capacity 8788K, committed 9088K, reserved 1056768K
  class space    used 1013K, capacity 1054K, committed 1152K, reserved 1048576K
}
Event: 13.021 GC heap before
{Heap before GC invocations=5 (full 0):
 PSYoungGen      total 18432K, used 18416K [0x00000000f5b80000, 0x00000000f6e80000, 0x0000000100000000)
  eden space 17408K, 100% used [0x00000000f5b80000,0x00000000f6c80000,0x00000000f6c80000)
  from space 1024K, 98% used [0x00000000f6d80000,0x00000000f6e7c010,0x00000000f6e80000)
  to   space 1024K, 0% used [0x00000000f6c80000,0x00000000f6c80000,0x00000000f6d80000)
 ParOldGen       total 22016K, used 4842K [0x00000000e1200000, 0x00000000e2780000, 0x00000000f5b80000)
  object space 22016K, 21% used [0x00000000e1200000,0x00000000e16ba940,0x00000000e2780000)
 Metaspace       used 10421K, capacity 10604K, committed 10880K, reserved 1058816K
  class space    used 1245K, capacity 1320K, committed 1408K, reserved 1048576K
Event: 13.050 GC heap after
Heap after GC invocations=5 (full 0):
 PSYoungGen      total 18432K, used 1024K [0x00000000f5b80000, 0x00000000f8580000, 0x0000000100000000)
  eden space 17408K, 0% used [0x00000000f5b80000,0x00000000f5b80000,0x00000000f6c80000)
  from space 1024K, 100% used [0x00000000f6c80000,0x00000000f6d80000,0x00000000f6d80000)
  to   space 4096K, 0% used [0x00000000f8180000,0x00000000f8180000,0x00000000f8580000)
 ParOldGen       total 22016K, used 7543K [0x00000000e1200000, 0x00000000e2780000, 0x00000000f5b80000)
  object space 22016K, 34% used [0x00000000e1200000,0x00000000e195dd10,0x00000000e2780000)
 Metaspace       used 10421K, capacity 10604K, committed 10880K, reserved 1058816K
  class space    used 1245K, capacity 1320K, committed 1408K, reserved 1048576K
}
Event: 17.603 GC heap before
{Heap before GC invocations=6 (full 0):
 PSYoungGen      total 18432K, used 18432K [0x00000000f5b80000, 0x00000000f8580000, 0x0000000100000000)
  eden space 17408K, 100% used [0x00000000f5b80000,0x00000000f6c80000,0x00000000f6c80000)
  from space 1024K, 100% used [0x00000000f6c80000,0x00000000f6d80000,0x00000000f6d80000)
  to   space 4096K, 0% used [0x00000000f8180000,0x00000000f8180000,0x00000000f8580000)
 ParOldGen       total 22016K, used 7543K [0x00000000e1200000, 0x00000000e2780000, 0x00000000f5b80000)
  object space 22016K, 34% used [0x00000000e1200000,0x00000000e195dd10,0x00000000e2780000)
 Metaspace       used 12476K, capacity 12736K, committed 12928K, reserved 1060864K
  class space    used 1535K, capacity 1642K, committed 1664K, reserved 1048576K
Event: 17.634 GC heap after
Heap after GC invocations=6 (full 0):
 PSYoungGen      total 20992K, used 4094K [0x00000000f5b80000, 0x00000000f8580000, 0x0000000100000000)
  eden space 16896K, 0% used [0x00000000f5b80000,0x00000000f5b80000,0x00000000f6c00000)
  from space 4096K, 99% used [0x00000000f8180000,0x00000000f857fa18,0x00000000f8580000)
  to   space 4608K, 0% used [0x00000000f7c80000,0x00000000f7c80000,0x00000000f8100000)
 ParOldGen       total 22016K, used 7551K [0x00000000e1200000, 0x00000000e2780000, 0x00000000f5b80000)
  object space 22016K, 34% used [0x00000000e1200000,0x00000000e195fd10,0x00000000e2780000)
 Metaspace       used 12476K, capacity 12736K, committed 12928K, reserved 1060864K
  class space    used 1535K, capacity 1642K, committed 1664K, reserved 1048576K
}

Deoptimization events (10 events):
Event: 8.095 Thread 0x000001cb4b983000 Uncommon trap: reason=unstable_if action=reinterpret pc=0x000001cb4d55c840 method=java.io.Reader.read()I @ 12
Event: 8.235 Thread 0x000001cb4b983000 Uncommon trap: reason=unstable_if action=reinterpret pc=0x000001cb4d572530 method=java.nio.charset.CoderResult.isOverflow()Z @ 5
Event: 8.290 Thread 0x000001cb4b983000 Uncommon trap: reason=unstable_if action=reinterpret pc=0x000001cb4d59cd2c method=org.codehaus.plexus.util.xml.pull.MXParser.nextImpl()I @ 200
Event: 8.560 Thread 0x000001cb4b983000 Uncommon trap: reason=unstable_if action=reinterpret pc=0x000001cb4d5912dc method=sun.nio.cs.StreamDecoder.implRead([CII)I @ 197
Event: 8.610 Thread 0x000001cb4b983000 Uncommon trap: reason=unstable_if action=reinterpret pc=0x000001cb4d5b1360 method=org.codehaus.plexus.util.xml.pull.MXParser.nextImpl()I @ 241
Event: 8.612 Thread 0x000001cb4b983000 Uncommon trap: reason=unstable_if action=reinterpret pc=0x000001cb4d5893b0 method=sun.nio.cs.StreamDecoder.implRead([CII)I @ 197
Event: 8.997 Thread 0x000001cb4b983000 Uncommon trap: reason=unstable_if action=reinterpret pc=0x000001cb4d535d40 method=java.util.HashMap.getNode(ILjava/lang/Object;)Ljava/util/HashMap$Node; @ 129
Event: 8.997 Thread 0x000001cb4b983000 Uncommon trap: reason=unstable_if action=reinterpret pc=0x000001cb4d52e2fc method=java.util.HashMap.getNode(ILjava/lang/Object;)Ljava/util/HashMap$Node; @ 129
Event: 9.076 Thread 0x000001cb4b983000 Uncommon trap: reason=range_check action=make_not_entrant pc=0x000001cb4d5fcea0 method=sun.reflect.generics.parser.SignatureParser.current()C @ 34
Event: 10.126 Thread 0x000001cb4b983000 Uncommon trap: reason=bimorphic action=maybe_recompile pc=0x000001cb4d630b4c method=java.util.HashMap.putVal(ILjava/lang/Object;Ljava/lang/Object;ZZ)Ljava/lang/Object; @ 203

Classes redefined (0 events):
No events

Internal exceptions (10 events):
Event: 7.604 Thread 0x000001cb4b983000 Exception <a 'java/lang/ArrayIndexOutOfBoundsException'> (0x00000000f5c98be0) thrown at [C:\cygwin64\tmp\openjdk-jdk8u-windows-x64-hotspot\workspace\build\src\hotspot\src\share\vm\runtime\sharedRuntime.cpp, line 605]
Event: 7.617 Thread 0x000001cb4b983000 Exception <a 'java/lang/ArrayIndexOutOfBoundsException'> (0x00000000f5cb4288) thrown at [C:\cygwin64\tmp\openjdk-jdk8u-windows-x64-hotspot\workspace\build\src\hotspot\src\share\vm\runtime\sharedRuntime.cpp, line 605]
Event: 7.680 Thread 0x000001cb4b983000 Exception <a 'java/lang/ArrayIndexOutOfBoundsException'> (0x00000000f5cf5b38) thrown at [C:\cygwin64\tmp\openjdk-jdk8u-windows-x64-hotspot\workspace\build\src\hotspot\src\share\vm\runtime\sharedRuntime.cpp, line 605]
Event: 8.668 Thread 0x000001cb4b983000 Exception <a 'java/lang/ArrayIndexOutOfBoundsException'> (0x00000000f5dd1ac8) thrown at [C:\cygwin64\tmp\openjdk-jdk8u-windows-x64-hotspot\workspace\build\src\hotspot\src\share\vm\runtime\sharedRuntime.cpp, line 605]
Event: 8.676 Thread 0x000001cb4b983000 Exception <a 'java/lang/ArrayIndexOutOfBoundsException'> (0x00000000f5dd3678) thrown at [C:\cygwin64\tmp\openjdk-jdk8u-windows-x64-hotspot\workspace\build\src\hotspot\src\share\vm\runtime\sharedRuntime.cpp, line 605]
Event: 9.076 Thread 0x000001cb4b983000 Exception <a 'java/lang/ArrayIndexOutOfBoundsException': 66> (0x00000000f60cb268) thrown at [C:\cygwin64\tmp\openjdk-jdk8u-windows-x64-hotspot\workspace\build\src\hotspot\src\share\vm\interpreter\interpreterRuntime.cpp, line 368]
Event: 9.129 Thread 0x000001cb4b983000 Exception <a 'java/lang/ArrayIndexOutOfBoundsException': 66> (0x00000000f6142678) thrown at [C:\cygwin64\tmp\openjdk-jdk8u-windows-x64-hotspot\workspace\build\src\hotspot\src\share\vm\interpreter\interpreterRuntime.cpp, line 368]
Event: 17.721 Thread 0x000001cb4b983000 Exception <a 'java/lang/NoClassDefFoundError': com/google/inject/servlet/ServletModuleTargetVisitor> (0x00000000f5c23fc8) thrown at [C:\cygwin64\tmp\openjdk-jdk8u-windows-x64-hotspot\workspace\build\src\hotspot\src\share\vm\classfile\systemDictionary.cpp,
Event: 17.721 Thread 0x000001cb4b983000 Exception <a 'java/lang/NoClassDefFoundError'> (0x00000000f5c23fc8) thrown at [C:\cygwin64\tmp\openjdk-jdk8u-windows-x64-hotspot\workspace\build\src\hotspot\src\share\vm\prims\jvm.cpp, line 1506]
Event: 17.723 Thread 0x000001cb4b983000 Exception <a 'java/lang/NoClassDefFoundError': javax/annotation/Priority> (0x00000000f5c28af8) thrown at [C:\cygwin64\tmp\openjdk-jdk8u-windows-x64-hotspot\workspace\build\src\hotspot\src\share\vm\classfile\systemDictionary.cpp, line 199]

Events (10 events):
Event: 18.319 loading class sun/security/provider/NativePRNG
Event: 18.320 loading class sun/security/provider/NativePRNG done
Event: 18.320 loading class sun/security/provider/NativePRNG$Blocking
Event: 18.320 loading class sun/security/provider/NativePRNG$Blocking done
Event: 18.321 loading class sun/security/provider/NativePRNG$NonBlocking
Event: 18.321 loading class sun/security/provider/NativePRNG$NonBlocking done
Event: 18.323 loading class java/security/Provider$Service
Event: 18.329 loading class java/security/Provider$Service done
Event: 18.330 loading class java/security/Provider$UString
Event: 18.331 loading class java/security/Provider$UString done


Dynamic libraries:
0x00007ff7c6590000 - 0x00007ff7c65ca000 	C:\Users\Ada Lovelace\AppData\Local\Programs\AdoptOpenJDK\bin\java.exe
0x00007ff97c9e0000 - 0x00007ff97cbb2000 	C:\WINDOWS\SYSTEM32\ntdll.dll
0x00007ff97a300000 - 0x00007ff97a3ac000 	C:\WINDOWS\System32\KERNEL32.DLL
0x00007ff979270000 - 0x00007ff97948d000 	C:\WINDOWS\System32\KERNELBASE.dll
0x00007ff97b330000 - 0x00007ff97b3d2000 	C:\WINDOWS\System32\ADVAPI32.dll
0x00007ff97a120000 - 0x00007ff97a1be000 	C:\WINDOWS\System32\msvcrt.dll
0x00007ff97ae00000 - 0x00007ff97ae59000 	C:\WINDOWS\System32\sechost.dll
0x00007ff979f70000 - 0x00007ff97a091000 	C:\WINDOWS\System32\RPCRT4.dll
0x00007ff97a7e0000 - 0x00007ff97a945000 	C:\WINDOWS\System32\USER32.dll
0x00007ff978ee0000 - 0x00007ff978efe000 	C:\WINDOWS\System32\win32u.dll
0x00007ff97adc0000 - 0x00007ff97adf4000 	C:\WINDOWS\System32\GDI32.dll
0x00007ff979490000 - 0x00007ff979610000 	C:\WINDOWS\System32\gdi32full.dll
0x00007ff96e5c0000 - 0x00007ff96e83a000 	C:\WINDOWS\WinSxS\amd64_microsoft.windows.common-controls_6595b64144ccf1df_6.0.14393.953_none_42151e83c686086b\COMCTL32.dll
0x00007ff97b050000 - 0x00007ff97b318000 	C:\WINDOWS\System32\combase.dll
0x00007ff978fb0000 - 0x00007ff9790a5000 	C:\WINDOWS\System32\ucrtbase.dll
0x00007ff9790b0000 - 0x00007ff97911a000 	C:\WINDOWS\System32\bcryptPrimitives.dll
0x00007ff97b4a0000 - 0x00007ff97b4ce000 	C:\WINDOWS\System32\IMM32.DLL
0x00007ff955850000 - 0x00007ff95593f000 	C:\Users\Ada Lovelace\AppData\Local\Programs\AdoptOpenJDK\jre\bin\msvcr120.dll
0x00007ff955680000 - 0x00007ff955726000 	C:\Users\Ada Lovelace\AppData\Local\Programs\AdoptOpenJDK\jre\bin\msvcp120.dll
0x00000000510e0000 - 0x00000000518de000 	C:\Users\Ada Lovelace\AppData\Local\Programs\AdoptOpenJDK\jre\bin\server\jvm.dll
0x00007ff97a110000 - 0x00007ff97a118000 	C:\WINDOWS\System32\PSAPI.DLL
0x00007ff969cd0000 - 0x00007ff969cd9000 	C:\WINDOWS\SYSTEM32\WSOCK32.dll
0x00007ff97ad50000 - 0x00007ff97adba000 	C:\WINDOWS\System32\WS2_32.dll
0x00007ff977390000 - 0x00007ff9773b3000 	C:\WINDOWS\SYSTEM32\WINMM.dll
0x00007ff96aca0000 - 0x00007ff96acaa000 	C:\WINDOWS\SYSTEM32\VERSION.dll
0x00007ff977330000 - 0x00007ff97735b000 	C:\WINDOWS\SYSTEM32\WINMMBASE.dll
0x00007ff9797e0000 - 0x00007ff979822000 	C:\WINDOWS\System32\cfgmgr32.dll
0x00007ff972340000 - 0x00007ff97234f000 	C:\Users\Ada Lovelace\AppData\Local\Programs\AdoptOpenJDK\jre\bin\verify.dll
0x00007ff958eb0000 - 0x00007ff958ed8000 	C:\Users\Ada Lovelace\AppData\Local\Programs\AdoptOpenJDK\jre\bin\java.dll
0x00007ff95cd00000 - 0x00007ff95cd16000 	C:\Users\Ada Lovelace\AppData\Local\Programs\AdoptOpenJDK\jre\bin\zip.dll
0x00007ff97b4d0000 - 0x00007ff97c9d9000 	C:\WINDOWS\System32\SHELL32.dll
0x00007ff979890000 - 0x00007ff979f69000 	C:\WINDOWS\System32\windows.storage.dll
0x00007ff978e60000 - 0x00007ff978eac000 	C:\WINDOWS\System32\powrprof.dll
0x00007ff97a0a0000 - 0x00007ff97a0f2000 	C:\WINDOWS\System32\shlwapi.dll
0x00007ff978e50000 - 0x00007ff978e5f000 	C:\WINDOWS\System32\kernel.appcore.dll
0x00007ff979120000 - 0x00007ff9791c9000 	C:\WINDOWS\System32\shcore.dll
0x00007ff978ec0000 - 0x00007ff978ed4000 	C:\WINDOWS\System32\profapi.dll
0x00007ff972530000 - 0x00007ff97253a000 	C:\apache-maven-3.6.2\lib\jansi-native\windows64\jansi.dll

VM Arguments:
jvm_args: -Dclassworlds.conf=C:\apache-maven-3.6.2\bin\..\bin\m2.conf -Dmaven.home=C:\apache-maven-3.6.2\bin\.. -Dlibrary.jansi.path=C:\apache-maven-3.6.2\bin\..\lib\jansi-native -Dmaven.multiModuleProjectDirectory=c:\Users\Ada Lovelace\Desktop\EjerciciosHechos\ADA\API\pooflix 
java_command: org.codehaus.plexus.classworlds.launcher.Launcher compile -f c:\Users\Ada Lovelace\Desktop\EjerciciosHechos\ADA\API\pooflix\pom.xml
java_class_path (initial): C:\apache-maven-3.6.2\bin\..\boot\plexus-classworlds-2.6.0.jar
Launcher Type: SUN_STANDARD

Environment Variables:
JAVA_HOME=C:\Users\Ada Lovelace\AppData\Local\Programs\AdoptOpenJDK\
PATH=C:\Program Files (x86)\Intel\TXE Components\iCLS\;C:\Program Files\Intel\TXE Components\iCLS\;C:\WINDOWS\system32;C:\WINDOWS;C:\WINDOWS\System32\Wbem;C:\WINDOWS\System32\WindowsPowerShell\v1.0\;C:\Users\Administrator\AppData\Local\Microsoft\WindowsApps;C:\Recovery\OEM\Backup\;C:\Program Files\Intel\TXE Components\DAL\;C:\Program Files (x86)\Intel\TXE Components\DAL\;C:\Program Files\Intel\TXE Components\IPT\;C:\Program Files (x86)\Intel\TXE Components\IPT\;C:\Program Files\Intel\WiFi\bin\;C:\Program Files\Common Files\Intel\WirelessCommon\;C:\WINDOWS\system32;C:\WINDOWS;C:\WINDOWS\System32\Wbem;C:\WINDOWS\System32\WindowsPowerShell\v1.0\;C:\Program Files\Git\cmd;C:\Users\Ada Lovelace\AppData\Local\Programs\AdoptOpenJDK\bin;C:\Users\Ada Lovelace\AppData\Local\Microsoft\WindowsApps;C:\Users\Ada Lovelace\AppData\Local\GitHubDesktop\bin;C:\Users\Ada Lovelace\AppData\Local\Programs\Microsoft VS Code\bin
USERNAME=Ada Lovelace
OS=Windows_NT
PROCESSOR_IDENTIFIER=Intel64 Family 6 Model 76 Stepping 4, GenuineIntel



---------------  S Y S T E M  ---------------

OS: Windows 10.0 , 64 bit Build 14393 (10.0.14393.2189)

CPU:total 4 (initial active 4) (4 cores per cpu, 1 threads per core) family 6 model 76 stepping 4, cmov, cx8, fxsr, mmx, sse, sse2, sse3, ssse3, sse4.1, sse4.2, popcnt, aes, clmul, erms, 3dnowpref, tsc, tscinvbit

Memory: 4k page, physical 2019428k(108000k free), swap 5759840k(5920k free)

vm_info: OpenJDK 64-Bit Server VM (25.222-b10) for windows-amd64 JRE (1.8.0_222-b10), built on Jul 17 2019 08:11:33 by "jenkins" with MS VC++ 12.0 (VS2013)

time: Mon Nov 04 10:41:36 2019
timezone: Hora estándar de Argentina
elapsed time: 18 seconds (0d 0h 0m 18s)

