#
# There is insufficient memory for the Java Runtime Environment to continue.
# Native memory allocation (malloc) failed to allocate 213616 bytes for Chunk::new
# Possible reasons:
#   The system is out of physical RAM or swap space
#   The process is running with CompressedOops enabled, and the Java Heap may be blocking the growth of the native heap
# Possible solutions:
#   Reduce memory load on the system
#   Increase physical memory or swap space
#   Check if swap backing store is full
#   Decrease Java heap size (-Xmx/-Xms)
#   Decrease number of Java threads
#   Decrease Java thread stack sizes (-Xss)
#   Set larger code cache with -XX:ReservedCodeCacheSize=
#   JVM is running with Unscaled Compressed Oops mode in which the Java heap is
#     placed in the first 4GB address space. The Java Heap base address is the
#     maximum limit for the native heap growth. Please use -XX:HeapBaseMinAddress
#     to set the Java Heap base and to place the Java Heap above 4GB virtual address.
# This output file may be truncated or incomplete.
#
#  Out of Memory Error (allocation.cpp:389), pid=3792, tid=0x0000000000001dd0
#
# JRE version: OpenJDK Runtime Environment (8.0_222-b10) (build 1.8.0_222-b10)
# Java VM: OpenJDK 64-Bit Server VM (25.222-b10 mixed mode windows-amd64 compressed oops)
# Failed to write core dump. Minidumps are not enabled by default on client versions of Windows
#

---------------  T H R E A D  ---------------

Current thread (0x0000023d9aeaf800):  JavaThread "C2 CompilerThread0" daemon [_thread_in_native, id=7632, stack(0x000000d48c800000,0x000000d48c900000)]

Stack: [0x000000d48c800000,0x000000d48c900000]
[error occurred during error reporting (printing stack bounds), id 0xc0000005]

Native frames: (J=compiled Java code, j=interpreted, Vv=VM code, C=native code)


Current CompileTask:
C2:  56477 4003   !   4       com.sun.tools.javac.jvm.ClassReader::classSigToType (498 bytes)


---------------  P R O C E S S  ---------------

Java Threads: ( => current thread )
  0x0000023d9af18800 JavaThread "Service Thread" daemon [_thread_blocked, id=4804, stack(0x000000d48cb00000,0x000000d48cc00000)]
  0x0000023d9af13800 JavaThread "C1 CompilerThread2" daemon [_thread_in_vm, id=6216, stack(0x000000d48ca00000,0x000000d48cb00000)]
  0x0000023d9af0c000 JavaThread "C2 CompilerThread1" daemon [_thread_blocked, id=932, stack(0x000000d48c900000,0x000000d48ca00000)]
=>0x0000023d9aeaf800 JavaThread "C2 CompilerThread0" daemon [_thread_in_native, id=7632, stack(0x000000d48c800000,0x000000d48c900000)]
  0x0000023d9aeae000 JavaThread "Attach Listener" daemon [_thread_blocked, id=7588, stack(0x000000d48c700000,0x000000d48c800000)]
  0x0000023d9aeac000 JavaThread "Signal Dispatcher" daemon [_thread_blocked, id=6880, stack(0x000000d48c600000,0x000000d48c700000)]
  0x0000023d9a769000 JavaThread "Finalizer" daemon [_thread_blocked, id=872, stack(0x000000d48c500000,0x000000d48c600000)]
  0x0000023d9ae96000 JavaThread "Reference Handler" daemon [_thread_blocked, id=4572, stack(0x000000d48c400000,0x000000d48c500000)]
  0x0000023d87ff6000 JavaThread "main" [_thread_in_vm, id=5376, stack(0x000000d48be00000,0x000000d48bf00000)]

Other Threads:
  0x0000023d9ae72000 VMThread [stack: 0x000000d48c300000,0x000000d48c400000] [id=7412]
  0x0000023d9af1a800 WatcherThread [stack: 0x000000d48cc00000,0x000000d48cd00000] [id=3148]

VM state:not at safepoint (normal execution)

VM Mutex/Monitor currently owned by a thread: None

heap address: 0x00000000e1200000, size: 494 MB, Compressed Oops mode: 32-bit
Narrow klass base: 0x0000000000000000, Narrow klass shift: 3
Compressed class space size: 1073741824 Address: 0x0000000100000000

Heap:
 PSYoungGen      total 42496K, used 42354K [0x00000000f5b80000, 0x00000000f9600000, 0x0000000100000000)
  eden space 39424K, 99% used [0x00000000f5b80000,0x00000000f81f9ea8,0x00000000f8200000)
  from space 3072K, 96% used [0x00000000f8780000,0x00000000f8a62b80,0x00000000f8a80000)
  to   space 10240K, 0% used [0x00000000f8c00000,0x00000000f8c00000,0x00000000f9600000)
 ParOldGen       total 36864K, used 19009K [0x00000000e1200000, 0x00000000e3600000, 0x00000000f5b80000)
  object space 36864K, 51% used [0x00000000e1200000,0x00000000e2490610,0x00000000e3600000)
 Metaspace       used 22441K, capacity 22914K, committed 23296K, reserved 1069056K
  class space    used 2553K, capacity 2713K, committed 2816K, reserved 1048576K

Card table byte_map: [0x0000023d98c40000,0x0000023d98d40000] byte_map_base: 0x0000023d98537000

Marking Bits: (ParMarkBitMap*) 0x0000000051864e90
 Begin Bits: [0x0000023d98df0000, 0x0000023d995a8000)
 End Bits:   [0x0000023d995a8000, 0x0000023d99d60000)

Polling page: 0x0000023d89850000

CodeCache: size=245760Kb used=12275Kb max_used=12275Kb free=233485Kb
 bounds [0x0000023d89880000, 0x0000023d8a490000, 0x0000023d98880000]
 total_blobs=3916 nmethods=3525 adapters=305
 compilation: enabled

Compilation events (10 events):
Event: 56.308 Thread 0x0000023d9af13800 4031       3       com.sun.tools.javac.code.Types$Subst::visitTypeVar (56 bytes)
Event: 56.309 Thread 0x0000023d9af13800 nmethod 4031 0x0000023d8a475a90 code [0x0000023d8a475c20, 0x0000023d8a476170]
Event: 56.309 Thread 0x0000023d9af13800 4030       3       com.sun.tools.javac.code.Types$Subst::visitTypeVar (10 bytes)
Event: 56.310 Thread 0x0000023d9af13800 nmethod 4030 0x0000023d8a475550 code [0x0000023d8a4756c0, 0x0000023d8a475990]
Event: 56.310 Thread 0x0000023d9af13800 4029       3       com.sun.tools.javac.code.Types$SimpleVisitor::<init> (5 bytes)
Event: 56.310 Thread 0x0000023d9af13800 nmethod 4029 0x0000023d8a4750d0 code [0x0000023d8a475240, 0x0000023d8a475458]
Event: 56.310 Thread 0x0000023d9af13800 4027       3       com.sun.tools.javac.code.Type$ForAll::accept (9 bytes)
Event: 56.311 Thread 0x0000023d9af13800 nmethod 4027 0x0000023d8a477d50 code [0x0000023d8a477ec0, 0x0000023d8a4780f0]
Event: 56.311 Thread 0x0000023d9af13800 4017       1       com.sun.tools.javac.code.Scope$CompoundScope::getMark (5 bytes)
Event: 56.311 Thread 0x0000023d9af13800 nmethod 4017 0x0000023d8a4781d0 code [0x0000023d8a478320, 0x0000023d8a478438]

GC Heap History (10 events):
Event: 22.313 GC heap before
{Heap before GC invocations=8 (full 0):
 PSYoungGen      total 37888K, used 37872K [0x00000000f5b80000, 0x00000000f8900000, 0x0000000100000000)
  eden space 33280K, 100% used [0x00000000f5b80000,0x00000000f7c00000,0x00000000f7c00000)
  from space 4608K, 99% used [0x00000000f7d00000,0x00000000f817c010,0x00000000f8180000)
  to   space 6656K, 0% used [0x00000000f8280000,0x00000000f8280000,0x00000000f8900000)
 ParOldGen       total 22016K, used 10450K [0x00000000e1200000, 0x00000000e2780000, 0x00000000f5b80000)
  object space 22016K, 47% used [0x00000000e1200000,0x00000000e1c34950,0x00000000e2780000)
 Metaspace       used 15522K, capacity 15776K, committed 16000K, reserved 1062912K
  class space    used 1809K, capacity 1914K, committed 1920K, reserved 1048576K
Event: 22.366 GC heap after
Heap after GC invocations=8 (full 0):
 PSYoungGen      total 37376K, used 6624K [0x00000000f5b80000, 0x00000000fae80000, 0x0000000100000000)
  eden space 30720K, 0% used [0x00000000f5b80000,0x00000000f5b80000,0x00000000f7980000)
  from space 6656K, 99% used [0x00000000f8280000,0x00000000f88f8020,0x00000000f8900000)
  to   space 9216K, 0% used [0x00000000f7980000,0x00000000f7980000,0x00000000f8280000)
 ParOldGen       total 22016K, used 13581K [0x00000000e1200000, 0x00000000e2780000, 0x00000000f5b80000)
  object space 22016K, 61% used [0x00000000e1200000,0x00000000e1f436b8,0x00000000e2780000)
 Metaspace       used 15522K, capacity 15776K, committed 16000K, reserved 1062912K
  class space    used 1809K, capacity 1914K, committed 1920K, reserved 1048576K
}
Event: 25.293 GC heap before
{Heap before GC invocations=9 (full 0):
 PSYoungGen      total 37376K, used 37344K [0x00000000f5b80000, 0x00000000fae80000, 0x0000000100000000)
  eden space 30720K, 100% used [0x00000000f5b80000,0x00000000f7980000,0x00000000f7980000)
  from space 6656K, 99% used [0x00000000f8280000,0x00000000f88f8020,0x00000000f8900000)
  to   space 9216K, 0% used [0x00000000f7980000,0x00000000f7980000,0x00000000f8280000)
 ParOldGen       total 22016K, used 13581K [0x00000000e1200000, 0x00000000e2780000, 0x00000000f5b80000)
  object space 22016K, 61% used [0x00000000e1200000,0x00000000e1f436b8,0x00000000e2780000)
 Metaspace       used 15919K, capacity 16242K, committed 16512K, reserved 1064960K
  class space    used 1827K, capacity 1917K, committed 1920K, reserved 1048576K
Event: 25.325 GC heap after
Heap after GC invocations=9 (full 0):
 PSYoungGen      total 39936K, used 8464K [0x00000000f5b80000, 0x00000000f9f80000, 0x0000000100000000)
  eden space 30720K, 0% used [0x00000000f5b80000,0x00000000f5b80000,0x00000000f7980000)
  from space 9216K, 91% used [0x00000000f7980000,0x00000000f81c4010,0x00000000f8280000)
  to   space 10240K, 0% used [0x00000000f9580000,0x00000000f9580000,0x00000000f9f80000)
 ParOldGen       total 22016K, used 15047K [0x00000000e1200000, 0x00000000e2780000, 0x00000000f5b80000)
  object space 22016K, 68% used [0x00000000e1200000,0x00000000e20b1ef8,0x00000000e2780000)
 Metaspace       used 15919K, capacity 16242K, committed 16512K, reserved 1064960K
  class space    used 1827K, capacity 1917K, committed 1920K, reserved 1048576K
}
Event: 37.985 GC heap before
{Heap before GC invocations=10 (full 0):
 PSYoungGen      total 39936K, used 39184K [0x00000000f5b80000, 0x00000000f9f80000, 0x0000000100000000)
  eden space 30720K, 100% used [0x00000000f5b80000,0x00000000f7980000,0x00000000f7980000)
  from space 9216K, 91% used [0x00000000f7980000,0x00000000f81c4010,0x00000000f8280000)
  to   space 10240K, 0% used [0x00000000f9580000,0x00000000f9580000,0x00000000f9f80000)
 ParOldGen       total 22016K, used 15047K [0x00000000e1200000, 0x00000000e2780000, 0x00000000f5b80000)
  object space 22016K, 68% used [0x00000000e1200000,0x00000000e20b1ef8,0x00000000e2780000)
 Metaspace       used 16979K, capacity 17378K, committed 17792K, reserved 1064960K
  class space    used 1924K, capacity 2057K, committed 2176K, reserved 1048576K
Event: 38.039 GC heap after
Heap after GC invocations=10 (full 0):
 PSYoungGen      total 35840K, used 5757K [0x00000000f5b80000, 0x00000000f9b80000, 0x0000000100000000)
  eden space 29696K, 0% used [0x00000000f5b80000,0x00000000f5b80000,0x00000000f7880000)
  from space 6144K, 93% used [0x00000000f9580000,0x00000000f9b1f500,0x00000000f9b80000)
  to   space 10240K, 0% used [0x00000000f8780000,0x00000000f8780000,0x00000000f9180000)
 ParOldGen       total 22016K, used 20150K [0x00000000e1200000, 0x00000000e2780000, 0x00000000f5b80000)
  object space 22016K, 91% used [0x00000000e1200000,0x00000000e25ad900,0x00000000e2780000)
 Metaspace       used 16979K, capacity 17378K, committed 17792K, reserved 1064960K
  class space    used 1924K, capacity 2057K, committed 2176K, reserved 1048576K
}
Event: 38.040 GC heap before
{Heap before GC invocations=11 (full 1):
 PSYoungGen      total 35840K, used 5757K [0x00000000f5b80000, 0x00000000f9b80000, 0x0000000100000000)
  eden space 29696K, 0% used [0x00000000f5b80000,0x00000000f5b80000,0x00000000f7880000)
  from space 6144K, 93% used [0x00000000f9580000,0x00000000f9b1f500,0x00000000f9b80000)
  to   space 10240K, 0% used [0x00000000f8780000,0x00000000f8780000,0x00000000f9180000)
 ParOldGen       total 22016K, used 20150K [0x00000000e1200000, 0x00000000e2780000, 0x00000000f5b80000)
  object space 22016K, 91% used [0x00000000e1200000,0x00000000e25ad900,0x00000000e2780000)
 Metaspace       used 16979K, capacity 17378K, committed 17792K, reserved 1064960K
  class space    used 1924K, capacity 2057K, committed 2176K, reserved 1048576K
Event: 38.455 GC heap after
Heap after GC invocations=11 (full 1):
 PSYoungGen      total 35840K, used 0K [0x00000000f5b80000, 0x00000000f9b80000, 0x0000000100000000)
  eden space 29696K, 0% used [0x00000000f5b80000,0x00000000f5b80000,0x00000000f7880000)
  from space 6144K, 0% used [0x00000000f9580000,0x00000000f9580000,0x00000000f9b80000)
  to   space 10240K, 0% used [0x00000000f8780000,0x00000000f8780000,0x00000000f9180000)
 ParOldGen       total 36864K, used 19001K [0x00000000e1200000, 0x00000000e3600000, 0x00000000f5b80000)
  object space 36864K, 51% used [0x00000000e1200000,0x00000000e248e610,0x00000000e3600000)
 Metaspace       used 16979K, capacity 17378K, committed 17792K, reserved 1064960K
  class space    used 1924K, capacity 2057K, committed 2176K, reserved 1048576K
}
Event: 48.765 GC heap before
{Heap before GC invocations=12 (full 1):
 PSYoungGen      total 35840K, used 29696K [0x00000000f5b80000, 0x00000000f9b80000, 0x0000000100000000)
  eden space 29696K, 100% used [0x00000000f5b80000,0x00000000f7880000,0x00000000f7880000)
  from space 6144K, 0% used [0x00000000f9580000,0x00000000f9580000,0x00000000f9b80000)
  to   space 10240K, 0% used [0x00000000f8780000,0x00000000f8780000,0x00000000f9180000)
 ParOldGen       total 36864K, used 19001K [0x00000000e1200000, 0x00000000e3600000, 0x00000000f5b80000)
  object space 36864K, 51% used [0x00000000e1200000,0x00000000e248e610,0x00000000e3600000)
 Metaspace       used 21081K, capacity 21570K, committed 21888K, reserved 1069056K
  class space    used 2452K, capacity 2585K, committed 2688K, reserved 1048576K
Event: 48.955 GC heap after
Heap after GC invocations=12 (full 1):
 PSYoungGen      total 42496K, used 2954K [0x00000000f5b80000, 0x00000000f9600000, 0x0000000100000000)
  eden space 39424K, 0% used [0x00000000f5b80000,0x00000000f5b80000,0x00000000f8200000)
  from space 3072K, 96% used [0x00000000f8780000,0x00000000f8a62b80,0x00000000f8a80000)
  to   space 10240K, 0% used [0x00000000f8c00000,0x00000000f8c00000,0x00000000f9600000)
 ParOldGen       total 36864K, used 19009K [0x00000000e1200000, 0x00000000e3600000, 0x00000000f5b80000)
  object space 36864K, 51% used [0x00000000e1200000,0x00000000e2490610,0x00000000e3600000)
 Metaspace       used 21081K, capacity 21570K, committed 21888K, reserved 1069056K
  class space    used 2452K, capacity 2585K, committed 2688K, reserved 1048576K
}

Deoptimization events (10 events):
Event: 52.256 Thread 0x0000023d87ff6000 Uncommon trap: reason=array_check action=maybe_recompile pc=0x0000023d89eaf778 method=java.util.ComparableTimSort.binarySort([Ljava/lang/Object;III)V @ 193
Event: 52.257 Thread 0x0000023d87ff6000 Uncommon trap: reason=array_check action=maybe_recompile pc=0x0000023d89f5b860 method=java.util.ComparableTimSort.binarySort([Ljava/lang/Object;III)V @ 183
Event: 53.050 Thread 0x0000023d87ff6000 Uncommon trap: reason=unstable_if action=reinterpret pc=0x0000023d89fb1180 method=com.sun.tools.javac.util.Name$Table.equals([BI[BII)Z @ 22
Event: 53.700 Thread 0x0000023d87ff6000 Uncommon trap: reason=class_check action=maybe_recompile pc=0x0000023d8a3a305c method=com.sun.tools.javac.util.List.prependList(Lcom/sun/tools/javac/util/List;)Lcom/sun/tools/javac/util/List; @ 1
Event: 53.700 Thread 0x0000023d87ff6000 Uncommon trap: reason=class_check action=maybe_recompile pc=0x0000023d8a3a305c method=com.sun.tools.javac.util.List.prependList(Lcom/sun/tools/javac/util/List;)Lcom/sun/tools/javac/util/List; @ 1
Event: 53.776 Thread 0x0000023d87ff6000 Uncommon trap: reason=class_check action=maybe_recompile pc=0x0000023d8a3a305c method=com.sun.tools.javac.util.List.prependList(Lcom/sun/tools/javac/util/List;)Lcom/sun/tools/javac/util/List; @ 1
Event: 53.962 Thread 0x0000023d87ff6000 Uncommon trap: reason=unstable_if action=reinterpret pc=0x0000023d8a3b682c method=com.sun.tools.javac.util.SharedNameTable.fromUtf([BII)Lcom/sun/tools/javac/util/Name; @ 55
Event: 53.998 Thread 0x0000023d87ff6000 Uncommon trap: reason=unstable_if action=reinterpret pc=0x0000023d8a3d87e8 method=com.sun.tools.javac.util.SharedNameTable.fromUtf([BII)Lcom/sun/tools/javac/util/Name; @ 55
Event: 54.039 Thread 0x0000023d87ff6000 Uncommon trap: reason=class_check action=maybe_recompile pc=0x0000023d8a3a305c method=com.sun.tools.javac.util.List.prependList(Lcom/sun/tools/javac/util/List;)Lcom/sun/tools/javac/util/List; @ 1
Event: 55.425 Thread 0x0000023d87ff6000 Uncommon trap: reason=unstable_if action=reinterpret pc=0x0000023d8a406020 method=com.sun.tools.javac.jvm.ClassReader.classSigToType()Lcom/sun/tools/javac/code/Type; @ 148

Classes redefined (0 events):
No events

Internal exceptions (10 events):
Event: 15.246 Thread 0x0000023d87ff6000 Implicit null exception at 0x0000023d89a95ad9 to 0x0000023d89a95e99
Event: 20.881 Thread 0x0000023d87ff6000 Implicit null exception at 0x0000023d89fddd20 to 0x0000023d89fde24d
Event: 21.134 Thread 0x0000023d87ff6000 Implicit null exception at 0x0000023d89fff26f to 0x0000023d89fff4b1
Event: 24.122 Thread 0x0000023d87ff6000 Implicit null exception at 0x0000023d89c21395 to 0x0000023d89c2156d
Event: 24.151 Thread 0x0000023d87ff6000 Implicit null exception at 0x0000023d89c39faf to 0x0000023d89c3a019
Event: 32.260 Thread 0x0000023d87ff6000 Implicit null exception at 0x0000023d8a192bb8 to 0x0000023d8a192ff1
Event: 45.058 Thread 0x0000023d87ff6000 Exception <a 'java/lang/ClassNotFoundException': com/sun/tools/javac/api/JavacTool> (0x00000000f69c7880) thrown at [C:\cygwin64\tmp\openjdk-jdk8u-windows-x64-hotspot\workspace\build\src\hotspot\src\share\vm\classfile\systemDictionary.cpp, line 210]
Event: 51.849 Thread 0x0000023d87ff6000 Exception <a 'java/io/FileNotFoundException'> (0x00000000f6450f80) thrown at [C:\cygwin64\tmp\openjdk-jdk8u-windows-x64-hotspot\workspace\build\src\hotspot\src\share\vm\prims\jni.cpp, line 710]
Event: 51.856 Thread 0x0000023d87ff6000 Exception <a 'java/io/FileNotFoundException'> (0x00000000f64761c0) thrown at [C:\cygwin64\tmp\openjdk-jdk8u-windows-x64-hotspot\workspace\build\src\hotspot\src\share\vm\prims\jni.cpp, line 710]
Event: 51.857 Thread 0x0000023d87ff6000 Exception <a 'java/io/FileNotFoundException'> (0x00000000f6477160) thrown at [C:\cygwin64\tmp\openjdk-jdk8u-windows-x64-hotspot\workspace\build\src\hotspot\src\share\vm\prims\jni.cpp, line 710]

Events (10 events):
Event: 56.310 loading class com/sun/tools/javac/code/Scope$CompoundScope$1$1
Event: 56.310 loading class com/sun/tools/javac/code/Scope$CompoundScope$1$1 done
Event: 56.311 loading class com/sun/tools/javac/code/Scope$CompoundScope$CompoundScopeIterator
Event: 56.311 loading class com/sun/tools/javac/code/Scope$CompoundScope$CompoundScopeIterator done
Event: 56.313 loading class com/sun/tools/javac/code/Scope$3
Event: 56.313 loading class com/sun/tools/javac/code/Scope$3 done
Event: 56.314 loading class com/sun/tools/javac/code/Scope$3$1
Event: 56.314 loading class com/sun/tools/javac/code/Scope$3$1 done
Event: 56.316 loading class com/sun/tools/javac/code/Types$MethodFilter
Event: 56.316 loading class com/sun/tools/javac/code/Types$MethodFilter done


Dynamic libraries:
0x00007ff7c6590000 - 0x00007ff7c65ca000 	C:\Users\Ada Lovelace\AppData\Local\Programs\AdoptOpenJDK\bin\java.exe
0x00007ff97c9e0000 - 0x00007ff97cbb2000 	C:\WINDOWS\SYSTEM32\ntdll.dll
0x00007ff97a300000 - 0x00007ff97a3ac000 	C:\WINDOWS\System32\KERNEL32.DLL
0x00007ff979270000 - 0x00007ff97948d000 	C:\WINDOWS\System32\KERNELBASE.dll
0x00007ff97b330000 - 0x00007ff97b3d2000 	C:\WINDOWS\System32\ADVAPI32.dll
0x00007ff97a120000 - 0x00007ff97a1be000 	C:\WINDOWS\System32\msvcrt.dll
0x00007ff97ae00000 - 0x00007ff97ae59000 	C:\WINDOWS\System32\sechost.dll
0x00007ff979f70000 - 0x00007ff97a091000 	C:\WINDOWS\System32\RPCRT4.dll
0x00007ff97a7e0000 - 0x00007ff97a945000 	C:\WINDOWS\System32\USER32.dll
0x00007ff978ee0000 - 0x00007ff978efe000 	C:\WINDOWS\System32\win32u.dll
0x00007ff97adc0000 - 0x00007ff97adf4000 	C:\WINDOWS\System32\GDI32.dll
0x00007ff979490000 - 0x00007ff979610000 	C:\WINDOWS\System32\gdi32full.dll
0x00007ff96e5c0000 - 0x00007ff96e83a000 	C:\WINDOWS\WinSxS\amd64_microsoft.windows.common-controls_6595b64144ccf1df_6.0.14393.953_none_42151e83c686086b\COMCTL32.dll
0x00007ff97b050000 - 0x00007ff97b318000 	C:\WINDOWS\System32\combase.dll
0x00007ff978fb0000 - 0x00007ff9790a5000 	C:\WINDOWS\System32\ucrtbase.dll
0x00007ff9790b0000 - 0x00007ff97911a000 	C:\WINDOWS\System32\bcryptPrimitives.dll
0x00007ff97b4a0000 - 0x00007ff97b4ce000 	C:\WINDOWS\System32\IMM32.DLL
0x00007ff955850000 - 0x00007ff95593f000 	C:\Users\Ada Lovelace\AppData\Local\Programs\AdoptOpenJDK\jre\bin\msvcr120.dll
0x00007ff955680000 - 0x00007ff955726000 	C:\Users\Ada Lovelace\AppData\Local\Programs\AdoptOpenJDK\jre\bin\msvcp120.dll
0x00000000510e0000 - 0x00000000518de000 	C:\Users\Ada Lovelace\AppData\Local\Programs\AdoptOpenJDK\jre\bin\server\jvm.dll
0x00007ff97a110000 - 0x00007ff97a118000 	C:\WINDOWS\System32\PSAPI.DLL
0x00007ff969cd0000 - 0x00007ff969cd9000 	C:\WINDOWS\SYSTEM32\WSOCK32.dll
0x00007ff97ad50000 - 0x00007ff97adba000 	C:\WINDOWS\System32\WS2_32.dll
0x00007ff977390000 - 0x00007ff9773b3000 	C:\WINDOWS\SYSTEM32\WINMM.dll
0x00007ff977330000 - 0x00007ff97735b000 	C:\WINDOWS\SYSTEM32\WINMMBASE.dll
0x00007ff9797e0000 - 0x00007ff979822000 	C:\WINDOWS\System32\cfgmgr32.dll
0x00007ff96aca0000 - 0x00007ff96acaa000 	C:\WINDOWS\SYSTEM32\VERSION.dll
0x00007ff972340000 - 0x00007ff97234f000 	C:\Users\Ada Lovelace\AppData\Local\Programs\AdoptOpenJDK\jre\bin\verify.dll
0x00007ff958eb0000 - 0x00007ff958ed8000 	C:\Users\Ada Lovelace\AppData\Local\Programs\AdoptOpenJDK\jre\bin\java.dll
0x00007ff95cd00000 - 0x00007ff95cd16000 	C:\Users\Ada Lovelace\AppData\Local\Programs\AdoptOpenJDK\jre\bin\zip.dll
0x00007ff97b4d0000 - 0x00007ff97c9d9000 	C:\WINDOWS\System32\SHELL32.dll
0x00007ff979890000 - 0x00007ff979f69000 	C:\WINDOWS\System32\windows.storage.dll
0x00007ff978e60000 - 0x00007ff978eac000 	C:\WINDOWS\System32\powrprof.dll
0x00007ff97a0a0000 - 0x00007ff97a0f2000 	C:\WINDOWS\System32\shlwapi.dll
0x00007ff978e50000 - 0x00007ff978e5f000 	C:\WINDOWS\System32\kernel.appcore.dll
0x00007ff979120000 - 0x00007ff9791c9000 	C:\WINDOWS\System32\shcore.dll
0x00007ff978ec0000 - 0x00007ff978ed4000 	C:\WINDOWS\System32\profapi.dll
0x00007ff973000000 - 0x00007ff97300a000 	C:\apache-maven-3.6.2\lib\jansi-native\windows64\jansi.dll
0x00007ff95c690000 - 0x00007ff95c6aa000 	C:\Users\Ada Lovelace\AppData\Local\Programs\AdoptOpenJDK\jre\bin\net.dll
0x00007ff9672e0000 - 0x00007ff9674a2000 	C:\WINDOWS\SYSTEM32\urlmon.dll
0x00007ff96fa50000 - 0x00007ff96fcf5000 	C:\WINDOWS\SYSTEM32\iertutil.dll
0x00007ff978720000 - 0x00007ff97877c000 	C:\WINDOWS\system32\mswsock.dll
0x00007ff95aee0000 - 0x00007ff95aef2000 	C:\Users\Ada Lovelace\AppData\Local\Programs\AdoptOpenJDK\jre\bin\nio.dll

VM Arguments:
jvm_args: -Dclassworlds.conf=C:\apache-maven-3.6.2\bin\..\bin\m2.conf -Dmaven.home=C:\apache-maven-3.6.2\bin\.. -Dlibrary.jansi.path=C:\apache-maven-3.6.2\bin\..\lib\jansi-native -Dmaven.multiModuleProjectDirectory=c:\Users\Ada Lovelace\Desktop\EjerciciosHechos\ADA\API\pooflix 
java_command: org.codehaus.plexus.classworlds.launcher.Launcher compile -f c:\Users\Ada Lovelace\Desktop\EjerciciosHechos\ADA\API\pooflix\pom.xml
java_class_path (initial): C:\apache-maven-3.6.2\bin\..\boot\plexus-classworlds-2.6.0.jar
Launcher Type: SUN_STANDARD

Environment Variables:
JAVA_HOME=C:\Users\Ada Lovelace\AppData\Local\Programs\AdoptOpenJDK\
PATH=C:\Program Files (x86)\Intel\TXE Components\iCLS\;C:\Program Files\Intel\TXE Components\iCLS\;C:\WINDOWS\system32;C:\WINDOWS;C:\WINDOWS\System32\Wbem;C:\WINDOWS\System32\WindowsPowerShell\v1.0\;C:\Users\Administrator\AppData\Local\Microsoft\WindowsApps;C:\Recovery\OEM\Backup\;C:\Program Files\Intel\TXE Components\DAL\;C:\Program Files (x86)\Intel\TXE Components\DAL\;C:\Program Files\Intel\TXE Components\IPT\;C:\Program Files (x86)\Intel\TXE Components\IPT\;C:\Program Files\Intel\WiFi\bin\;C:\Program Files\Common Files\Intel\WirelessCommon\;C:\WINDOWS\system32;C:\WINDOWS;C:\WINDOWS\System32\Wbem;C:\WINDOWS\System32\WindowsPowerShell\v1.0\;C:\Program Files\Git\cmd;C:\Users\Ada Lovelace\AppData\Local\Programs\AdoptOpenJDK\bin;C:\Users\Ada Lovelace\AppData\Local\Microsoft\WindowsApps;C:\Users\Ada Lovelace\AppData\Local\GitHubDesktop\bin;C:\Users\Ada Lovelace\AppData\Local\Programs\Microsoft VS Code\bin
USERNAME=Ada Lovelace
OS=Windows_NT
PROCESSOR_IDENTIFIER=Intel64 Family 6 Model 76 Stepping 4, GenuineIntel



---------------  S Y S T E M  ---------------

OS: Windows 10.0 , 64 bit Build 14393 (10.0.14393.2189)

CPU:total 4 (initial active 4) (4 cores per cpu, 1 threads per core) family 6 model 76 stepping 4, cmov, cx8, fxsr, mmx, sse, sse2, sse3, ssse3, sse4.1, sse4.2, popcnt, aes, clmul, erms, 3dnowpref, tsc, tscinvbit

Memory: 4k page, physical 2019428k(30432k free), swap 5759840k(4580k free)

vm_info: OpenJDK 64-Bit Server VM (25.222-b10) for windows-amd64 JRE (1.8.0_222-b10), built on Jul 17 2019 08:11:33 by "jenkins" with MS VC++ 12.0 (VS2013)

time: Mon Nov 04 12:01:27 2019
timezone: Hora estándar de Argentina
elapsed time: 56 seconds (0d 0h 0m 56s)

