#
# There is insufficient memory for the Java Runtime Environment to continue.
# Native memory allocation (malloc) failed to allocate 959696 bytes for Chunk::new
# Possible reasons:
#   The system is out of physical RAM or swap space
#   The process is running with CompressedOops enabled, and the Java Heap may be blocking the growth of the native heap
# Possible solutions:
#   Reduce memory load on the system
#   Increase physical memory or swap space
#   Check if swap backing store is full
#   Decrease Java heap size (-Xmx/-Xms)
#   Decrease number of Java threads
#   Decrease Java thread stack sizes (-Xss)
#   Set larger code cache with -XX:ReservedCodeCacheSize=
#   JVM is running with Unscaled Compressed Oops mode in which the Java heap is
#     placed in the first 4GB address space. The Java Heap base address is the
#     maximum limit for the native heap growth. Please use -XX:HeapBaseMinAddress
#     to set the Java Heap base and to place the Java Heap above 4GB virtual address.
# This output file may be truncated or incomplete.
#
#  Out of Memory Error (allocation.cpp:389), pid=7024, tid=0x0000000000001d80
#
# JRE version: OpenJDK Runtime Environment (8.0_222-b10) (build 1.8.0_222-b10)
# Java VM: OpenJDK 64-Bit Server VM (25.222-b10 mixed mode windows-amd64 compressed oops)
# Failed to write core dump. Minidumps are not enabled by default on client versions of Windows
#

---------------  T H R E A D  ---------------

Current thread (0x00000294f728c000):  JavaThread "C2 CompilerThread0" daemon [_thread_in_native, id=7552, stack(0x000000c418e00000,0x000000c418f00000)]

Stack: [0x000000c418e00000,0x000000c418f00000]
[error occurred during error reporting (printing stack bounds), id 0xc0000005]

Native frames: (J=compiled Java code, j=interpreted, Vv=VM code, C=native code)


Current CompileTask:
C2:  37148 3387   !   4       org.eclipse.osgi.internal.loader.classpath.ClasspathManager::defineClass (636 bytes)


---------------  P R O C E S S  ---------------

Java Threads: ( => current thread )
  0x00000294f8522000 JavaThread "Java indexing" daemon [_thread_blocked, id=700, stack(0x000000c419b00000,0x000000c419c00000)]
  0x00000294f84e7000 JavaThread "Worker-2" [_thread_blocked, id=1296, stack(0x000000c419a00000,0x000000c419b00000)]
  0x00000294f8433000 JavaThread "Worker-1" [_thread_blocked, id=4636, stack(0x000000c419900000,0x000000c419a00000)]
  0x00000294f8387800 JavaThread "Worker-0" [_thread_blocked, id=5852, stack(0x000000c419800000,0x000000c419900000)]
  0x00000294f7366800 JavaThread "Worker-JM" [_thread_blocked, id=7292, stack(0x000000c419700000,0x000000c419800000)]
  0x00000294f875f000 JavaThread "Bundle File Closer" daemon [_thread_blocked, id=8188, stack(0x000000c419600000,0x000000c419700000)]
  0x00000294f7422800 JavaThread "Start Level: Equinox Container: 06ad6fc8-3e01-42eb-8655-c49907943375" daemon [_thread_in_native, id=7000, stack(0x000000c419500000,0x000000c419600000)]
  0x00000294f83e8800 JavaThread "Framework Event Dispatcher: Equinox Container: 06ad6fc8-3e01-42eb-8655-c49907943375" daemon [_thread_blocked, id=5384, stack(0x000000c419400000,0x000000c419500000)]
  0x00000294f63fa800 JavaThread "Active Thread: Equinox Container: 06ad6fc8-3e01-42eb-8655-c49907943375" [_thread_blocked, id=5244, stack(0x000000c419300000,0x000000c419400000)]
  0x00000294f7310000 JavaThread "Service Thread" daemon [_thread_blocked, id=6568, stack(0x000000c419100000,0x000000c419200000)]
  0x00000294f692e000 JavaThread "C1 CompilerThread2" daemon [_thread_blocked, id=4628, stack(0x000000c419000000,0x000000c419100000)]
  0x00000294f692a000 JavaThread "C2 CompilerThread1" daemon [_thread_blocked, id=8108, stack(0x000000c418f00000,0x000000c419000000)]
=>0x00000294f728c000 JavaThread "C2 CompilerThread0" daemon [_thread_in_native, id=7552, stack(0x000000c418e00000,0x000000c418f00000)]
  0x00000294f6926000 JavaThread "Attach Listener" daemon [_thread_blocked, id=6204, stack(0x000000c418d00000,0x000000c418e00000)]
  0x00000294f7283800 JavaThread "Signal Dispatcher" daemon [_thread_blocked, id=5076, stack(0x000000c418c00000,0x000000c418d00000)]
  0x00000294f7282800 JavaThread "Surrogate Locker Thread (Concurrent GC)" daemon [_thread_blocked, id=2732, stack(0x000000c418b00000,0x000000c418c00000)]
  0x00000294f68f4800 JavaThread "Finalizer" daemon [_thread_blocked, id=8012, stack(0x000000c418a00000,0x000000c418b00000)]
  0x00000294f68ec800 JavaThread "Reference Handler" daemon [_thread_blocked, id=3164, stack(0x000000c418900000,0x000000c418a00000)]
  0x00000294e0983800 JavaThread "main" [_thread_blocked, id=7928, stack(0x000000c417b00000,0x000000c417c00000)]

Other Threads:
  0x00000294f68e9800 VMThread [stack: 0x000000c418800000,0x000000c418900000] [id=5416]
  0x00000294f7315800 WatcherThread [stack: 0x000000c419200000,0x000000c419300000] [id=1700]

VM state:not at safepoint (normal execution)

VM Mutex/Monitor currently owned by a thread: None

heap address: 0x00000000c0000000, size: 1024 MB, Compressed Oops mode: 32-bit
Narrow klass base: 0x0000000000000000, Narrow klass shift: 3
Compressed class space size: 1073741824 Address: 0x0000000100000000

Heap:
 garbage-first heap   total 32768K, used 25318K [0x00000000c0000000, 0x00000000c0100100, 0x0000000100000000)
  region size 1024K, 12 young (12288K), 2 survivors (2048K)
 Metaspace       used 28191K, capacity 29706K, committed 29952K, reserved 1075200K
  class space    used 2962K, capacity 3498K, committed 3584K, reserved 1048576K

Heap Regions: (Y=young(eden), SU=young(survivor), HS=humongous(starts), HC=humongous(continues), CS=collection set, F=free, TS=gc time stamp, PTAMS=previous top-at-mark-start, NTAMS=next top-at-mark-start)
AC   0  O    TS     0 PTAMS 0x00000000c0100000 NTAMS 0x00000000c0100000 space 1024K, 100% used [0x00000000c0000000, 0x00000000c0100000)
AC   0  O    TS     1 PTAMS 0x00000000c0100000 NTAMS 0x00000000c0100000 space 1024K, 100% used [0x00000000c0100000, 0x00000000c0200000)
AC   0  O    TS     9 PTAMS 0x00000000c0200000 NTAMS 0x00000000c0200000 space 1024K,  72% used [0x00000000c0200000, 0x00000000c0300000)
AC   0  O    TS     0 PTAMS 0x00000000c0400000 NTAMS 0x00000000c0400000 space 1024K, 100% used [0x00000000c0300000, 0x00000000c0400000)
AC   0  O    TS     0 PTAMS 0x00000000c0500000 NTAMS 0x00000000c0500000 space 1024K, 100% used [0x00000000c0400000, 0x00000000c0500000)
AC   0  O    TS     0 PTAMS 0x00000000c0600000 NTAMS 0x00000000c0600000 space 1024K, 100% used [0x00000000c0500000, 0x00000000c0600000)
AC   0  O    TS     9 PTAMS 0x00000000c0600000 NTAMS 0x00000000c0600000 space 1024K, 100% used [0x00000000c0600000, 0x00000000c0700000)
AC   0  O    TS     0 PTAMS 0x00000000c0800000 NTAMS 0x00000000c0800000 space 1024K, 100% used [0x00000000c0700000, 0x00000000c0800000)
AC   0  F    TS     0 PTAMS 0x00000000c0800000 NTAMS 0x00000000c0800000 space 1024K,   0% used [0x00000000c0800000, 0x00000000c0900000)
AC   0  O    TS     0 PTAMS 0x00000000c0a00000 NTAMS 0x00000000c0a00000 space 1024K, 100% used [0x00000000c0900000, 0x00000000c0a00000)
AC   0  O    TS     0 PTAMS 0x00000000c0b00000 NTAMS 0x00000000c0b00000 space 1024K, 100% used [0x00000000c0a00000, 0x00000000c0b00000)
AC   0  O    TS     3 PTAMS 0x00000000c0b00000 NTAMS 0x00000000c0b00000 space 1024K, 100% used [0x00000000c0b00000, 0x00000000c0c00000)
AC   0  O    TS     3 PTAMS 0x00000000c0c00000 NTAMS 0x00000000c0c00000 space 1024K, 100% used [0x00000000c0c00000, 0x00000000c0d00000)
AC   0  O    TS     5 PTAMS 0x00000000c0d00000 NTAMS 0x00000000c0d00000 space 1024K, 100% used [0x00000000c0d00000, 0x00000000c0e00000)
AC   0  F    TS     0 PTAMS 0x00000000c0e00000 NTAMS 0x00000000c0e00000 space 1024K,   0% used [0x00000000c0e00000, 0x00000000c0f00000)
AC   0  F    TS     0 PTAMS 0x00000000c0f00000 NTAMS 0x00000000c0f00000 space 1024K,   0% used [0x00000000c0f00000, 0x00000000c1000000)
AC   0  F    TS     7 PTAMS 0x00000000c1000000 NTAMS 0x00000000c1000000 space 1024K,   0% used [0x00000000c1000000, 0x00000000c1100000)
AC   0  F    TS     7 PTAMS 0x00000000c1100000 NTAMS 0x00000000c1100000 space 1024K,   0% used [0x00000000c1100000, 0x00000000c1200000)
AC   0  S CS TS     9 PTAMS 0x00000000c1200000 NTAMS 0x00000000c1200000 space 1024K, 100% used [0x00000000c1200000, 0x00000000c1300000)
AC   0  O    TS     1 PTAMS 0x00000000c1368400 NTAMS 0x00000000c1368400 space 1024K, 100% used [0x00000000c1300000, 0x00000000c1400000)
AC   0  S CS TS     9 PTAMS 0x00000000c1400000 NTAMS 0x00000000c1400000 space 1024K, 100% used [0x00000000c1400000, 0x00000000c1500000)
AC   0  F    TS     0 PTAMS 0x00000000c1500000 NTAMS 0x00000000c1500000 space 1024K,   0% used [0x00000000c1500000, 0x00000000c1600000)
AC   0  E    TS     0 PTAMS 0x00000000c1600000 NTAMS 0x00000000c1600000 space 1024K,  92% used [0x00000000c1600000, 0x00000000c1700000)
AC   0  E CS TS     0 PTAMS 0x00000000c1700000 NTAMS 0x00000000c1700000 space 1024K, 100% used [0x00000000c1700000, 0x00000000c1800000)
AC   0  E CS TS     0 PTAMS 0x00000000c1800000 NTAMS 0x00000000c1800000 space 1024K, 100% used [0x00000000c1800000, 0x00000000c1900000)
AC   0  E CS TS     0 PTAMS 0x00000000c1900000 NTAMS 0x00000000c1900000 space 1024K, 100% used [0x00000000c1900000, 0x00000000c1a00000)
AC   0  E CS TS     1 PTAMS 0x00000000c1a00000 NTAMS 0x00000000c1a00000 space 1024K, 100% used [0x00000000c1a00000, 0x00000000c1b00000)
AC   0  E CS TS     0 PTAMS 0x00000000c1b00000 NTAMS 0x00000000c1b00000 space 1024K, 100% used [0x00000000c1b00000, 0x00000000c1c00000)
AC   0  E CS TS     0 PTAMS 0x00000000c1c00000 NTAMS 0x00000000c1c00000 space 1024K, 100% used [0x00000000c1c00000, 0x00000000c1d00000)
AC   0  E CS TS     5 PTAMS 0x00000000c1d00000 NTAMS 0x00000000c1d00000 space 1024K, 100% used [0x00000000c1d00000, 0x00000000c1e00000)
AC   0  E CS TS     3 PTAMS 0x00000000c1e00000 NTAMS 0x00000000c1e00000 space 1024K, 100% used [0x00000000c1e00000, 0x00000000c1f00000)
AC   0  E CS TS     0 PTAMS 0x00000000c1f00000 NTAMS 0x00000000c1f00000 space 1024K, 100% used [0x00000000c1f00000, 0x00000000c2000000)

Card table byte_map: [0x00000294f1df0000,0x00000294f1ff0000] byte_map_base: 0x00000294f17f0000

Marking Bits (Prev, Next): (CMBitMap*) 0x00000294e09bb4a8, (CMBitMap*) 0x00000294e09bb500
 Prev Bits: [0x00000294f21f0000, 0x00000294f31f0000)
 Next Bits: [0x00000294f31f0000, 0x00000294f41f0000)

Polling page: 0x00000294e0940000

CodeCache: size=245760Kb used=10507Kb max_used=10961Kb free=235252Kb
 bounds [0x00000294e2300000, 0x00000294e2dc0000, 0x00000294f1300000]
 total_blobs=3585 nmethods=3115 adapters=383
 compilation: enabled

Compilation events (10 events):
Event: 37.060 Thread 0x00000294f692e000 nmethod 3416 0x00000294e28d45d0 code [0x00000294e28d4720, 0x00000294e28d48d8]
Event: 37.060 Thread 0x00000294f692a000 nmethod 3421 0x00000294e2577410 code [0x00000294e2577540, 0x00000294e25775d8]
Event: 37.061 Thread 0x00000294f692e000 3417       1       com.sun.org.apache.xerces.internal.dom.DocumentImpl::getMutationEvents (5 bytes)
Event: 37.061 Thread 0x00000294f692e000 nmethod 3417 0x00000294e2813ad0 code [0x00000294e2813c20, 0x00000294e2813d38]
Event: 37.062 Thread 0x00000294f692e000 3418       1       com.sun.org.apache.xerces.internal.dom.ElementImpl::getNodeType (2 bytes)
Event: 37.062 Thread 0x00000294f692e000 nmethod 3418 0x00000294e2868590 code [0x00000294e28686e0, 0x00000294e28687f8]
Event: 37.063 Thread 0x00000294f692e000 3415       1       com.sun.org.apache.xerces.internal.dom.TextImpl::getNodeType (2 bytes)
Event: 37.064 Thread 0x00000294f692e000 nmethod 3415 0x00000294e2942450 code [0x00000294e29425a0, 0x00000294e29426b8]
Event: 37.064 Thread 0x00000294f692e000 3420       1       com.sun.org.apache.xerces.internal.dom.AttrImpl::getNodeType (2 bytes)
Event: 37.064 Thread 0x00000294f692e000 nmethod 3420 0x00000294e2954550 code [0x00000294e29546a0, 0x00000294e29547b8]

GC Heap History (10 events):
Event: 32.701 GC heap before
{Heap before GC invocations=15 (full 0):
 garbage-first heap   total 32768K, used 21921K [0x00000000c0000000, 0x00000000c0100100, 0x0000000100000000)
  region size 1024K, 7 young (7168K), 2 survivors (2048K)
 Metaspace       used 24595K, capacity 25718K, committed 26112K, reserved 1073152K
  class space    used 2574K, capacity 2952K, committed 3072K, reserved 1048576K
Event: 32.713 GC heap after
Heap after GC invocations=16 (full 0):
 garbage-first heap   total 32768K, used 18184K [0x00000000c0000000, 0x00000000c0100100, 0x0000000100000000)
  region size 1024K, 1 young (1024K), 1 survivors (1024K)
 Metaspace       used 24595K, capacity 25718K, committed 26112K, reserved 1073152K
  class space    used 2574K, capacity 2952K, committed 3072K, reserved 1048576K
}
Event: 32.820 GC heap before
{Heap before GC invocations=16 (full 0):
 garbage-first heap   total 32768K, used 19208K [0x00000000c0000000, 0x00000000c0100100, 0x0000000100000000)
  region size 1024K, 2 young (2048K), 1 survivors (1024K)
 Metaspace       used 24615K, capacity 25740K, committed 26112K, reserved 1073152K
  class space    used 2579K, capacity 2958K, committed 3072K, reserved 1048576K
Event: 32.833 GC heap after
Heap after GC invocations=17 (full 0):
 garbage-first heap   total 32768K, used 15452K [0x00000000c0000000, 0x00000000c0100100, 0x0000000100000000)
  region size 1024K, 1 young (1024K), 1 survivors (1024K)
 Metaspace       used 24615K, capacity 25740K, committed 26112K, reserved 1073152K
  class space    used 2579K, capacity 2958K, committed 3072K, reserved 1048576K
}
Event: 32.923 GC heap before
{Heap before GC invocations=17 (full 0):
 garbage-first heap   total 32768K, used 16476K [0x00000000c0000000, 0x00000000c0100100, 0x0000000100000000)
  region size 1024K, 2 young (2048K), 1 survivors (1024K)
 Metaspace       used 24645K, capacity 25824K, committed 26112K, reserved 1073152K
  class space    used 2587K, capacity 2966K, committed 3072K, reserved 1048576K
Event: 32.938 GC heap after
Heap after GC invocations=18 (full 0):
 garbage-first heap   total 32768K, used 13421K [0x00000000c0000000, 0x00000000c0100100, 0x0000000100000000)
  region size 1024K, 1 young (1024K), 1 survivors (1024K)
 Metaspace       used 24645K, capacity 25824K, committed 26112K, reserved 1073152K
  class space    used 2587K, capacity 2966K, committed 3072K, reserved 1048576K
}
Event: 34.110 GC heap before
{Heap before GC invocations=18 (full 0):
 garbage-first heap   total 32768K, used 25709K [0x00000000c0000000, 0x00000000c0100100, 0x0000000100000000)
  region size 1024K, 13 young (13312K), 1 survivors (1024K)
 Metaspace       used 25408K, capacity 26612K, committed 26752K, reserved 1073152K
  class space    used 2670K, capacity 3102K, committed 3200K, reserved 1048576K
Event: 34.125 GC heap after
Heap after GC invocations=19 (full 0):
 garbage-first heap   total 32768K, used 15311K [0x00000000c0000000, 0x00000000c0100100, 0x0000000100000000)
  region size 1024K, 2 young (2048K), 2 survivors (2048K)
 Metaspace       used 25408K, capacity 26612K, committed 26752K, reserved 1073152K
  class space    used 2670K, capacity 3102K, committed 3200K, reserved 1048576K
}
Event: 35.769 GC heap before
{Heap before GC invocations=19 (full 0):
 garbage-first heap   total 32768K, used 26575K [0x00000000c0000000, 0x00000000c0100100, 0x0000000100000000)
  region size 1024K, 13 young (13312K), 2 survivors (2048K)
 Metaspace       used 25864K, capacity 27172K, committed 27392K, reserved 1073152K
  class space    used 2725K, capacity 3216K, committed 3328K, reserved 1048576K
Event: 35.782 GC heap after
Heap after GC invocations=20 (full 0):
 garbage-first heap   total 32768K, used 16102K [0x00000000c0000000, 0x00000000c0100100, 0x0000000100000000)
  region size 1024K, 2 young (2048K), 2 survivors (2048K)
 Metaspace       used 25864K, capacity 27172K, committed 27392K, reserved 1073152K
  class space    used 2725K, capacity 3216K, committed 3328K, reserved 1048576K
}

Deoptimization events (10 events):
Event: 36.581 Thread 0x00000294f7422800 Uncommon trap: reason=bimorphic action=maybe_recompile pc=0x00000294e2bdecf0 method=java.util.TimSort.binarySort([Ljava/lang/Object;IIILjava/util/Comparator;)V @ 93
Event: 36.591 Thread 0x00000294f7422800 Uncommon trap: reason=bimorphic action=maybe_recompile pc=0x00000294e2d50400 method=java.util.TimSort.countRunAndMakeAscending([Ljava/lang/Object;IILjava/util/Comparator;)I @ 43
Event: 36.591 Thread 0x00000294f7422800 Uncommon trap: reason=bimorphic action=maybe_recompile pc=0x00000294e2bdecf0 method=java.util.TimSort.binarySort([Ljava/lang/Object;IIILjava/util/Comparator;)V @ 93
Event: 36.599 Thread 0x00000294f7422800 Uncommon trap: reason=bimorphic action=maybe_recompile pc=0x00000294e2d50400 method=java.util.TimSort.countRunAndMakeAscending([Ljava/lang/Object;IILjava/util/Comparator;)I @ 43
Event: 36.600 Thread 0x00000294f7422800 Uncommon trap: reason=bimorphic action=maybe_recompile pc=0x00000294e2bdecf0 method=java.util.TimSort.binarySort([Ljava/lang/Object;IIILjava/util/Comparator;)V @ 93
Event: 36.931 Thread 0x00000294f7422800 Uncommon trap: reason=bimorphic action=maybe_recompile pc=0x00000294e28979d8 method=java.lang.ThreadLocal.get()Ljava/lang/Object; @ 6
Event: 36.931 Thread 0x00000294f83e8800 Uncommon trap: reason=bimorphic action=maybe_recompile pc=0x00000294e28979d8 method=java.lang.ThreadLocal.get()Ljava/lang/Object; @ 6
Event: 37.129 Thread 0x00000294f7422800 Uncommon trap: reason=bimorphic action=maybe_recompile pc=0x00000294e2db7248 method=java.io.BufferedInputStream.read1([BII)I @ 39
Event: 37.129 Thread 0x00000294f7422800 Uncommon trap: reason=unstable_if action=reinterpret pc=0x00000294e289e02c method=java.util.Properties.load0(Ljava/util/Properties$LineReader;)V @ 115
Event: 37.129 Thread 0x00000294f7422800 Uncommon trap: reason=bimorphic action=maybe_recompile pc=0x00000294e2db7248 method=java.io.BufferedInputStream.read1([BII)I @ 39

Classes redefined (0 events):
No events

Internal exceptions (10 events):
Event: 24.870 Thread 0x00000294f7422800 Exception <a 'java/lang/ArrayIndexOutOfBoundsException'> (0x00000000c16ec888) thrown at [C:\cygwin64\tmp\openjdk-jdk8u-windows-x64-hotspot\workspace\build\src\hotspot\src\share\vm\runtime\sharedRuntime.cpp, line 605]
Event: 24.916 Thread 0x00000294f7422800 Exception <a 'java/lang/ArrayIndexOutOfBoundsException'> (0x00000000c153aa30) thrown at [C:\cygwin64\tmp\openjdk-jdk8u-windows-x64-hotspot\workspace\build\src\hotspot\src\share\vm\runtime\sharedRuntime.cpp, line 605]
Event: 25.794 Thread 0x00000294f7422800 Exception <a 'java/lang/ArrayIndexOutOfBoundsException'> (0x00000000c1a36ed8) thrown at [C:\cygwin64\tmp\openjdk-jdk8u-windows-x64-hotspot\workspace\build\src\hotspot\src\share\vm\runtime\sharedRuntime.cpp, line 605]
Event: 25.798 Thread 0x00000294f7422800 Exception <a 'java/lang/ArrayIndexOutOfBoundsException'> (0x00000000c1a38c88) thrown at [C:\cygwin64\tmp\openjdk-jdk8u-windows-x64-hotspot\workspace\build\src\hotspot\src\share\vm\runtime\sharedRuntime.cpp, line 605]
Event: 26.068 Thread 0x00000294f7422800 Exception <a 'java/lang/ArrayIndexOutOfBoundsException'> (0x00000000c19e9198) thrown at [C:\cygwin64\tmp\openjdk-jdk8u-windows-x64-hotspot\workspace\build\src\hotspot\src\share\vm\runtime\sharedRuntime.cpp, line 605]
Event: 26.111 Thread 0x00000294f7422800 Exception <a 'java/lang/ArrayIndexOutOfBoundsException': 66> (0x00000000c182f9b8) thrown at [C:\cygwin64\tmp\openjdk-jdk8u-windows-x64-hotspot\workspace\build\src\hotspot\src\share\vm\interpreter\interpreterRuntime.cpp, line 368]
Event: 35.140 Thread 0x00000294f7422800 Exception <a 'java/lang/NoClassDefFoundError': com/google/inject/servlet/ServletModuleTargetVisitor> (0x00000000c17f2118) thrown at [C:\cygwin64\tmp\openjdk-jdk8u-windows-x64-hotspot\workspace\build\src\hotspot\src\share\vm\classfile\systemDictionary.cpp,
Event: 35.142 Thread 0x00000294f7422800 Exception <a 'java/lang/NoClassDefFoundError': javax/annotation/Priority> (0x00000000c17f8ed0) thrown at [C:\cygwin64\tmp\openjdk-jdk8u-windows-x64-hotspot\workspace\build\src\hotspot\src\share\vm\classfile\systemDictionary.cpp, line 199]
Event: 36.578 Thread 0x00000294f7422800 Exception <a 'java/lang/NoSuchMethodError': <clinit>> (0x00000000c188d410) thrown at [C:\cygwin64\tmp\openjdk-jdk8u-windows-x64-hotspot\workspace\build\src\hotspot\src\share\vm\prims\jni.cpp, line 1615]
Event: 36.599 Thread 0x00000294f7422800 Exception <a 'java/lang/NoSuchMethodError': <clinit>> (0x00000000c18bcce0) thrown at [C:\cygwin64\tmp\openjdk-jdk8u-windows-x64-hotspot\workspace\build\src\hotspot\src\share\vm\prims\jni.cpp, line 1615]

Events (10 events):
Event: 37.129 Executing VM operation: RevokeBias done
Event: 37.129 Thread 0x00000294f7422800 DEOPT PACKING pc=0x00000294e2db7248 sp=0x000000c4195fdaf0
Event: 37.129 Thread 0x00000294f7422800 DEOPT UNPACKING pc=0x00000294e2345583 sp=0x000000c4195fda98 mode 2
Event: 37.129 Thread 0x00000294f7422800 Uncommon trap: trap_request=0xffffff65 fr.pc=0x00000294e289e02c
Event: 37.129 Thread 0x00000294f7422800 DEOPT PACKING pc=0x00000294e289e02c sp=0x000000c4195fdcf0
Event: 37.129 Thread 0x00000294f7422800 DEOPT UNPACKING pc=0x00000294e2345583 sp=0x000000c4195fdc68 mode 2
Event: 37.129 Thread 0x00000294f7422800 Uncommon trap: trap_request=0xffffffc6 fr.pc=0x00000294e2db7248
Event: 37.129 Thread 0x00000294f7422800 DEOPT PACKING pc=0x00000294e2db7248 sp=0x000000c4195fda90
Event: 37.129 Thread 0x00000294f7422800 DEOPT UNPACKING pc=0x00000294e2345583 sp=0x000000c4195fda38 mode 2
Event: 37.131 loading class com/sun/org/apache/xml/internal/utils/XMLReaderManager


Dynamic libraries:
0x00007ff7c6590000 - 0x00007ff7c65ca000 	C:\Users\Ada Lovelace\AppData\Local\Programs\AdoptOpenJDK\bin\java.exe
0x00007ff97c9e0000 - 0x00007ff97cbb2000 	C:\WINDOWS\SYSTEM32\ntdll.dll
0x00007ff97a300000 - 0x00007ff97a3ac000 	C:\WINDOWS\System32\KERNEL32.DLL
0x00007ff979270000 - 0x00007ff97948d000 	C:\WINDOWS\System32\KERNELBASE.dll
0x00007ff97b330000 - 0x00007ff97b3d2000 	C:\WINDOWS\System32\ADVAPI32.dll
0x00007ff97a120000 - 0x00007ff97a1be000 	C:\WINDOWS\System32\msvcrt.dll
0x00007ff97ae00000 - 0x00007ff97ae59000 	C:\WINDOWS\System32\sechost.dll
0x00007ff979f70000 - 0x00007ff97a091000 	C:\WINDOWS\System32\RPCRT4.dll
0x00007ff97a7e0000 - 0x00007ff97a945000 	C:\WINDOWS\System32\USER32.dll
0x00007ff978ee0000 - 0x00007ff978efe000 	C:\WINDOWS\System32\win32u.dll
0x00007ff97adc0000 - 0x00007ff97adf4000 	C:\WINDOWS\System32\GDI32.dll
0x00007ff979490000 - 0x00007ff979610000 	C:\WINDOWS\System32\gdi32full.dll
0x00007ff96e5c0000 - 0x00007ff96e83a000 	C:\WINDOWS\WinSxS\amd64_microsoft.windows.common-controls_6595b64144ccf1df_6.0.14393.953_none_42151e83c686086b\COMCTL32.dll
0x00007ff97b050000 - 0x00007ff97b318000 	C:\WINDOWS\System32\combase.dll
0x00007ff978fb0000 - 0x00007ff9790a5000 	C:\WINDOWS\System32\ucrtbase.dll
0x00007ff9790b0000 - 0x00007ff97911a000 	C:\WINDOWS\System32\bcryptPrimitives.dll
0x00007ff97b4a0000 - 0x00007ff97b4ce000 	C:\WINDOWS\System32\IMM32.DLL
0x00007ff955850000 - 0x00007ff95593f000 	C:\Users\Ada Lovelace\AppData\Local\Programs\AdoptOpenJDK\jre\bin\msvcr120.dll
0x00007ff955680000 - 0x00007ff955726000 	C:\Users\Ada Lovelace\AppData\Local\Programs\AdoptOpenJDK\jre\bin\msvcp120.dll
0x00000000510e0000 - 0x00000000518de000 	C:\Users\Ada Lovelace\AppData\Local\Programs\AdoptOpenJDK\jre\bin\server\jvm.dll
0x00007ff97a110000 - 0x00007ff97a118000 	C:\WINDOWS\System32\PSAPI.DLL
0x00007ff969cd0000 - 0x00007ff969cd9000 	C:\WINDOWS\SYSTEM32\WSOCK32.dll
0x00007ff97ad50000 - 0x00007ff97adba000 	C:\WINDOWS\System32\WS2_32.dll
0x00007ff977390000 - 0x00007ff9773b3000 	C:\WINDOWS\SYSTEM32\WINMM.dll
0x00007ff96aca0000 - 0x00007ff96acaa000 	C:\WINDOWS\SYSTEM32\VERSION.dll
0x00007ff977330000 - 0x00007ff97735b000 	C:\WINDOWS\SYSTEM32\WINMMBASE.dll
0x00007ff9797e0000 - 0x00007ff979822000 	C:\WINDOWS\System32\cfgmgr32.dll
0x00007ff972340000 - 0x00007ff97234f000 	C:\Users\Ada Lovelace\AppData\Local\Programs\AdoptOpenJDK\jre\bin\verify.dll
0x00007ff958eb0000 - 0x00007ff958ed8000 	C:\Users\Ada Lovelace\AppData\Local\Programs\AdoptOpenJDK\jre\bin\java.dll
0x00007ff95cd00000 - 0x00007ff95cd16000 	C:\Users\Ada Lovelace\AppData\Local\Programs\AdoptOpenJDK\jre\bin\zip.dll
0x00007ff97b4d0000 - 0x00007ff97c9d9000 	C:\WINDOWS\System32\SHELL32.dll
0x00007ff979890000 - 0x00007ff979f69000 	C:\WINDOWS\System32\windows.storage.dll
0x00007ff978e60000 - 0x00007ff978eac000 	C:\WINDOWS\System32\powrprof.dll
0x00007ff97a0a0000 - 0x00007ff97a0f2000 	C:\WINDOWS\System32\shlwapi.dll
0x00007ff978e50000 - 0x00007ff978e5f000 	C:\WINDOWS\System32\kernel.appcore.dll
0x00007ff979120000 - 0x00007ff9791c9000 	C:\WINDOWS\System32\shcore.dll
0x00007ff978ec0000 - 0x00007ff978ed4000 	C:\WINDOWS\System32\profapi.dll
0x00007ff9788c0000 - 0x00007ff9788d7000 	C:\WINDOWS\SYSTEM32\CRYPTSP.dll
0x00007ff978320000 - 0x00007ff978353000 	C:\WINDOWS\system32\rsaenh.dll
0x00007ff978d90000 - 0x00007ff978dbb000 	C:\WINDOWS\SYSTEM32\bcrypt.dll
0x00007ff9785a0000 - 0x00007ff9785bf000 	C:\WINDOWS\SYSTEM32\USERENV.dll
0x00007ff978d80000 - 0x00007ff978d8b000 	C:\WINDOWS\SYSTEM32\CRYPTBASE.dll
0x00007ff95c690000 - 0x00007ff95c6aa000 	C:\Users\Ada Lovelace\AppData\Local\Programs\AdoptOpenJDK\jre\bin\net.dll
0x00007ff9672e0000 - 0x00007ff9674a2000 	C:\WINDOWS\SYSTEM32\urlmon.dll
0x00007ff96fa50000 - 0x00007ff96fcf5000 	C:\WINDOWS\SYSTEM32\iertutil.dll
0x00007ff978720000 - 0x00007ff97877c000 	C:\WINDOWS\system32\mswsock.dll
0x00007ff9784a0000 - 0x00007ff9784d8000 	C:\WINDOWS\SYSTEM32\IPHLPAPI.DLL
0x00007ff97b320000 - 0x00007ff97b328000 	C:\WINDOWS\System32\NSI.dll
0x00007ff96f550000 - 0x00007ff96f566000 	C:\WINDOWS\SYSTEM32\dhcpcsvc6.DLL
0x00007ff971320000 - 0x00007ff97133a000 	C:\WINDOWS\SYSTEM32\dhcpcsvc.DLL
0x00007ff95aee0000 - 0x00007ff95aef2000 	C:\Users\Ada Lovelace\AppData\Local\Programs\AdoptOpenJDK\jre\bin\nio.dll
0x00007ff957620000 - 0x00007ff957649000 	C:\Users\Ada Lovelace\.vscode\extensions\redhat.java-0.52.0\server\config_win\org.eclipse.equinox.launcher\org.eclipse.equinox.launcher.win32.win32.x86_64_1.1.1100.v20190907-0426\eclipse_1902.dll

VM Arguments:
jvm_args: -Declipse.application=org.eclipse.jdt.ls.core.id1 -Dosgi.bundles.defaultStartLevel=4 -Declipse.product=org.eclipse.jdt.ls.core.product -Dfile.encoding=utf8 -DwatchParentProcess=false -Xverify:none -Xmx1G -XX:+UseG1GC -XX:+UseStringDeduplication 
java_command: c:\Users\Ada Lovelace\.vscode\extensions\redhat.java-0.52.0\server\plugins\org.eclipse.equinox.launcher_1.5.600.v20191014-2022.jar -configuration c:\Users\Ada Lovelace\.vscode\extensions\redhat.java-0.52.0\server\config_win -data c:\Users\Ada Lovelace\AppData\Roaming\Code\User\workspaceStorage\460ce8804c4c1a6de22b32ed2f21464d\redhat.java\jdt_ws
java_class_path (initial): c:\Users\Ada Lovelace\.vscode\extensions\redhat.java-0.52.0\server\plugins\org.eclipse.equinox.launcher_1.5.600.v20191014-2022.jar
Launcher Type: SUN_STANDARD

Environment Variables:
JAVA_HOME=C:\Users\Ada Lovelace\AppData\Local\Programs\AdoptOpenJDK\
PATH=C:\Program Files (x86)\Intel\TXE Components\iCLS\;C:\Program Files\Intel\TXE Components\iCLS\;C:\WINDOWS\system32;C:\WINDOWS;C:\WINDOWS\System32\Wbem;C:\WINDOWS\System32\WindowsPowerShell\v1.0\;C:\Users\Administrator\AppData\Local\Microsoft\WindowsApps;C:\Recovery\OEM\Backup\;C:\Program Files\Intel\TXE Components\DAL\;C:\Program Files (x86)\Intel\TXE Components\DAL\;C:\Program Files\Intel\TXE Components\IPT\;C:\Program Files (x86)\Intel\TXE Components\IPT\;C:\Program Files\Intel\WiFi\bin\;C:\Program Files\Common Files\Intel\WirelessCommon\;C:\WINDOWS\system32;C:\WINDOWS;C:\WINDOWS\System32\Wbem;C:\WINDOWS\System32\WindowsPowerShell\v1.0\;C:\Program Files\Git\cmd;C:\Users\Ada Lovelace\AppData\Local\Programs\AdoptOpenJDK\bin;C:\Users\Ada Lovelace\AppData\Local\Microsoft\WindowsApps;C:\Users\Ada Lovelace\AppData\Local\GitHubDesktop\bin;C:\Users\Ada Lovelace\AppData\Local\Programs\Microsoft VS Code\bin
USERNAME=Ada Lovelace
OS=Windows_NT
PROCESSOR_IDENTIFIER=Intel64 Family 6 Model 76 Stepping 4, GenuineIntel



---------------  S Y S T E M  ---------------

OS: Windows 10.0 , 64 bit Build 14393 (10.0.14393.2189)

CPU:total 4 (initial active 4) (4 cores per cpu, 1 threads per core) family 6 model 76 stepping 4, cmov, cx8, fxsr, mmx, sse, sse2, sse3, ssse3, sse4.1, sse4.2, popcnt, aes, clmul, erms, 3dnowpref, tsc, tscinvbit

Memory: 4k page, physical 2019428k(86220k free), swap 5759840k(5904k free)

vm_info: OpenJDK 64-Bit Server VM (25.222-b10) for windows-amd64 JRE (1.8.0_222-b10), built on Jul 17 2019 08:11:33 by "jenkins" with MS VC++ 12.0 (VS2013)

time: Mon Nov 04 10:01:21 2019
timezone: Hora estándar de Argentina
elapsed time: 37 seconds (0d 0h 0m 37s)

