#
# There is insufficient memory for the Java Runtime Environment to continue.
# Native memory allocation (mmap) failed to map 34603008 bytes for Failed to commit area from 0x00000000c2100000 to 0x00000000c4200000 of length 34603008.
# Possible reasons:
#   The system is out of physical RAM or swap space
#   The process is running with CompressedOops enabled, and the Java Heap may be blocking the growth of the native heap
# Possible solutions:
#   Reduce memory load on the system
#   Increase physical memory or swap space
#   Check if swap backing store is full
#   Decrease Java heap size (-Xmx/-Xms)
#   Decrease number of Java threads
#   Decrease Java thread stack sizes (-Xss)
#   Set larger code cache with -XX:ReservedCodeCacheSize=
#   JVM is running with Unscaled Compressed Oops mode in which the Java heap is
#     placed in the first 4GB address space. The Java Heap base address is the
#     maximum limit for the native heap growth. Please use -XX:HeapBaseMinAddress
#     to set the Java Heap base and to place the Java Heap above 4GB virtual address.
# This output file may be truncated or incomplete.
#
#  Out of Memory Error (os_windows.cpp:3398), pid=8684, tid=0x0000000000002464
#
# JRE version: OpenJDK Runtime Environment (8.0_222-b10) (build 1.8.0_222-b10)
# Java VM: OpenJDK 64-Bit Server VM (25.222-b10 mixed mode windows-amd64 compressed oops)
# Failed to write core dump. Minidumps are not enabled by default on client versions of Windows
#

---------------  T H R E A D  ---------------

Current thread (0x000001e025283000):  VMThread [stack: 0x000000c243300000,0x000000c243400000] [id=9316]

Stack: [0x000000c243300000,0x000000c243400000]
[error occurred during error reporting (printing stack bounds), id 0xc0000005]

Native frames: (J=compiled Java code, j=interpreted, Vv=VM code, C=native code)

VM_Operation (0x000000c2442fe750): G1IncCollectionPause, mode: safepoint, requested by thread 0x000001e027422000


---------------  P R O C E S S  ---------------

Java Threads: ( => current thread )
  0x000001e029cf8800 JavaThread "Worker-4: Java indexing... " [_thread_blocked, id=976, stack(0x000000c244d00000,0x000000c244e00000)]
  0x000001e029cfb800 JavaThread "Worker-3" [_thread_blocked, id=6076, stack(0x000000c244c00000,0x000000c244d00000)]
  0x000001e029cfa000 JavaThread "pool-1-thread-1" [_thread_blocked, id=5976, stack(0x000000c244900000,0x000000c244a00000)]
  0x000001e02905e800 JavaThread "Worker-2" [_thread_blocked, id=4736, stack(0x000000c244800000,0x000000c244900000)]
  0x000001e026d49000 JavaThread "Bundle File Closer" daemon [_thread_blocked, id=9956, stack(0x000000c244500000,0x000000c244600000)]
  0x000001e0254be800 JavaThread "Java indexing" daemon [_thread_blocked, id=9964, stack(0x000000c244400000,0x000000c244500000)]
  0x000001e0264d0800 JavaThread "Worker-1: Synchronizing projects" [_thread_blocked, id=9712, stack(0x000000c244300000,0x000000c244400000)]
  0x000001e027422000 JavaThread "Worker-0: Initialize Workspace" [_thread_blocked, id=4552, stack(0x000000c244200000,0x000000c244300000)]
  0x000001e026fbf800 JavaThread "Worker-JM" [_thread_blocked, id=8528, stack(0x000000c244100000,0x000000c244200000)]
  0x000001e02695b800 JavaThread "Start Level: Equinox Container: d0e8ad38-4f5c-45b5-b441-9e55146c759f" daemon [_thread_blocked, id=10092, stack(0x000000c244000000,0x000000c244100000)]
  0x000001e02695b000 JavaThread "Framework Event Dispatcher: Equinox Container: d0e8ad38-4f5c-45b5-b441-9e55146c759f" daemon [_thread_blocked, id=10012, stack(0x000000c243f00000,0x000000c244000000)]
  0x000001e02613c800 JavaThread "Active Thread: Equinox Container: d0e8ad38-4f5c-45b5-b441-9e55146c759f" [_thread_blocked, id=9968, stack(0x000000c243e00000,0x000000c243f00000)]
  0x000001e02549a800 JavaThread "Service Thread" daemon [_thread_blocked, id=8076, stack(0x000000c243c00000,0x000000c243d00000)]
  0x000001e0252cb800 JavaThread "C1 CompilerThread2" daemon [_thread_blocked, id=7432, stack(0x000000c243b00000,0x000000c243c00000)]
  0x000001e0252c6800 JavaThread "C2 CompilerThread1" daemon [_thread_blocked, id=7460, stack(0x000000c243a00000,0x000000c243b00000)]
  0x000001e0252c6000 JavaThread "C2 CompilerThread0" daemon [_thread_in_native, id=7224, stack(0x000000c243900000,0x000000c243a00000)]
  0x000001e0252c2000 JavaThread "Attach Listener" daemon [_thread_blocked, id=868, stack(0x000000c243800000,0x000000c243900000)]
  0x000001e025433800 JavaThread "Signal Dispatcher" daemon [_thread_blocked, id=9192, stack(0x000000c243700000,0x000000c243800000)]
  0x000001e025432800 JavaThread "Surrogate Locker Thread (Concurrent GC)" daemon [_thread_blocked, id=9596, stack(0x000000c243600000,0x000000c243700000)]
  0x000001e025299000 JavaThread "Finalizer" daemon [_thread_blocked, id=7360, stack(0x000000c243500000,0x000000c243600000)]
  0x000001e025288800 JavaThread "Reference Handler" daemon [_thread_blocked, id=3568, stack(0x000000c243400000,0x000000c243500000)]
  0x000001e00eaf4000 JavaThread "main" [_thread_blocked, id=7312, stack(0x000000c242600000,0x000000c242700000)]

Other Threads:
=>0x000001e025283000 VMThread [stack: 0x000000c243300000,0x000000c243400000] [id=9316]
  0x000001e02549d000 WatcherThread [stack: 0x000000c243d00000,0x000000c243e00000] [id=9288]

VM state:at safepoint (normal execution)

VM Mutex/Monitor currently owned by a thread:  ([mutex/lock_event])
[0x000001e00eaf2680] Threads_lock - owner thread: 0x000001e025283000
[0x000001e00eaf2c00] Heap_lock - owner thread: 0x000001e027422000

heap address: 0x00000000c0000000, size: 1024 MB, Compressed Oops mode: 32-bit
Narrow klass base: 0x0000000000000000, Narrow klass shift: 3
Compressed class space size: 1073741824 Address: 0x0000000100000000

Heap:
 garbage-first heap   total 67584K, used 23305K [0x00000000c0000000, 0x00000000c0100210, 0x0000000100000000)
  region size 1024K, 1 young (1024K), 1 survivors (1024K)
 Metaspace       used 38203K, capacity 40478K, committed 40832K, reserved 1085440K
  class space    used 4104K, capacity 4878K, committed 4992K, reserved 1048576K

Heap Regions: (Y=young(eden), SU=young(survivor), HS=humongous(starts), HC=humongous(continues), CS=collection set, F=free, TS=gc time stamp, PTAMS=previous top-at-mark-start, NTAMS=next top-at-mark-start)
AC   0  O    TS     9 PTAMS 0x00000000c0000000 NTAMS 0x00000000c0000000 space 1024K, 100% used [0x00000000c0000000, 0x00000000c0100000)
AC   0  O    TS     0 PTAMS 0x00000000c0200000 NTAMS 0x00000000c0200000 space 1024K, 100% used [0x00000000c0100000, 0x00000000c0200000)
AC   0  O    TS     0 PTAMS 0x00000000c0300000 NTAMS 0x00000000c0300000 space 1024K, 100% used [0x00000000c0200000, 0x00000000c0300000)
AC   0  O    TS     9 PTAMS 0x00000000c0300000 NTAMS 0x00000000c0300000 space 1024K, 100% used [0x00000000c0300000, 0x00000000c0400000)
AC   0  O    TS     0 PTAMS 0x00000000c0500000 NTAMS 0x00000000c0500000 space 1024K, 100% used [0x00000000c0400000, 0x00000000c0500000)
AC   0  F    TS     0 PTAMS 0x00000000c0500000 NTAMS 0x00000000c0500000 space 1024K,   0% used [0x00000000c0500000, 0x00000000c0600000)
AC   0  O    TS     0 PTAMS 0x00000000c0700000 NTAMS 0x00000000c0700000 space 1024K, 100% used [0x00000000c0600000, 0x00000000c0700000)
AC   0  O    TS     3 PTAMS 0x00000000c0700000 NTAMS 0x00000000c0700000 space 1024K, 100% used [0x00000000c0700000, 0x00000000c0800000)
AC   0  O    TS     7 PTAMS 0x00000000c0800000 NTAMS 0x00000000c0800000 space 1024K, 100% used [0x00000000c0800000, 0x00000000c0900000)
AC   0  O    TS     0 PTAMS 0x00000000c0a00000 NTAMS 0x00000000c0a00000 space 1024K, 100% used [0x00000000c0900000, 0x00000000c0a00000)
AC   0  O    TS     0 PTAMS 0x00000000c0b00000 NTAMS 0x00000000c0b00000 space 1024K, 100% used [0x00000000c0a00000, 0x00000000c0b00000)
AC   0  O    TS     5 PTAMS 0x00000000c0b00000 NTAMS 0x00000000c0b00000 space 1024K, 100% used [0x00000000c0b00000, 0x00000000c0c00000)
AC   0  O    TS     0 PTAMS 0x00000000c0d00000 NTAMS 0x00000000c0d00000 space 1024K, 100% used [0x00000000c0c00000, 0x00000000c0d00000)
AC   0  O    TS     0 PTAMS 0x00000000c0e00000 NTAMS 0x00000000c0e00000 space 1024K, 100% used [0x00000000c0d00000, 0x00000000c0e00000)
AC   0  F    TS     0 PTAMS 0x00000000c0e00000 NTAMS 0x00000000c0e00000 space 1024K,   0% used [0x00000000c0e00000, 0x00000000c0f00000)
AC   0  F    TS     0 PTAMS 0x00000000c0f00000 NTAMS 0x00000000c0f00000 space 1024K,   0% used [0x00000000c0f00000, 0x00000000c1000000)
AC   0  O    TS     0 PTAMS 0x00000000c1100000 NTAMS 0x00000000c1100000 space 1024K, 100% used [0x00000000c1000000, 0x00000000c1100000)
AC   0  O    TS     0 PTAMS 0x00000000c1200000 NTAMS 0x00000000c1200000 space 1024K, 100% used [0x00000000c1100000, 0x00000000c1200000)
AC   0  O    TS     7 PTAMS 0x00000000c1200000 NTAMS 0x00000000c1200000 space 1024K, 100% used [0x00000000c1200000, 0x00000000c1300000)
AC   0  O    TS     0 PTAMS 0x00000000c1400000 NTAMS 0x00000000c1400000 space 1024K, 100% used [0x00000000c1300000, 0x00000000c1400000)
AC   0  O    TS     5 PTAMS 0x00000000c1400000 NTAMS 0x00000000c1400000 space 1024K, 100% used [0x00000000c1400000, 0x00000000c1500000)
AC   0  O    TS     7 PTAMS 0x00000000c1500000 NTAMS 0x00000000c1500000 space 1024K, 100% used [0x00000000c1500000, 0x00000000c1600000)
AC   0  O    TS     7 PTAMS 0x00000000c1600000 NTAMS 0x00000000c1600000 space 1024K, 100% used [0x00000000c1600000, 0x00000000c1700000)
AC   0  O    TS     9 PTAMS 0x00000000c1700000 NTAMS 0x00000000c1700000 space 1024K, 100% used [0x00000000c1700000, 0x00000000c1800000)
AC   0  O    TS     0 PTAMS 0x00000000c1900000 NTAMS 0x00000000c1900000 space 1024K, 100% used [0x00000000c1800000, 0x00000000c1900000)
AC   0  F    TS     0 PTAMS 0x00000000c1900000 NTAMS 0x00000000c1900000 space 1024K,   0% used [0x00000000c1900000, 0x00000000c1a00000)
AC   0  F    TS     0 PTAMS 0x00000000c1a00000 NTAMS 0x00000000c1a00000 space 1024K,   0% used [0x00000000c1a00000, 0x00000000c1b00000)
AC   0  F    TS     0 PTAMS 0x00000000c1b00000 NTAMS 0x00000000c1b00000 space 1024K,   0% used [0x00000000c1b00000, 0x00000000c1c00000)
AC   0  F    TS     0 PTAMS 0x00000000c1c00000 NTAMS 0x00000000c1c00000 space 1024K,   0% used [0x00000000c1c00000, 0x00000000c1d00000)
AC   0  F    TS     0 PTAMS 0x00000000c1d00000 NTAMS 0x00000000c1d00000 space 1024K,   0% used [0x00000000c1d00000, 0x00000000c1e00000)
AC   0  F    TS     7 PTAMS 0x00000000c1e00000 NTAMS 0x00000000c1e00000 space 1024K,   0% used [0x00000000c1e00000, 0x00000000c1f00000)
AC   0  S CS TS     9 PTAMS 0x00000000c1f00000 NTAMS 0x00000000c1f00000 space 1024K,  75% used [0x00000000c1f00000, 0x00000000c2000000)
AC   0  F    TS     0 PTAMS 0x00000000c2000000 NTAMS 0x00000000c2000000 space 1024K,   0% used [0x00000000c2000000, 0x00000000c2100000)

Card table byte_map: [0x000001e01ff80000,0x000001e020180000] byte_map_base: 0x000001e01f980000

Marking Bits (Prev, Next): (CMBitMap*) 0x000001e00eb2ba38, (CMBitMap*) 0x000001e00eb2ba90
 Prev Bits: [0x000001e020380000, 0x000001e021380000)
 Next Bits: [0x000001e021380000, 0x000001e022380000)

Polling page: 0x000001e010350000

CodeCache: size=245760Kb used=11225Kb max_used=11237Kb free=234534Kb
 bounds [0x000001e010380000, 0x000001e010e90000, 0x000001e01f380000]
 total_blobs=3992 nmethods=3446 adapters=459
 compilation: enabled

Compilation events (10 events):
Event: 124.672 Thread 0x000001e0252c6000 4031       4       java.util.ArrayList::grow (45 bytes)
Event: 124.679 Thread 0x000001e0252cb800 4033       3       org.eclipse.jdt.internal.core.util.WeakHashSet::cleanupGarbageCollectedValues (147 bytes)
Event: 124.680 Thread 0x000001e0252c6000 nmethod 4031 0x000001e010e77b50 code [0x000001e010e77ca0, 0x000001e010e77fb8]
Event: 124.680 Thread 0x000001e0252c6000 4032       4       org.eclipse.jdt.internal.core.JarPackageFragmentRoot::initRawPackageInfo (349 bytes)
Event: 124.681 Thread 0x000001e0252cb800 nmethod 4033 0x000001e010e7d5d0 code [0x000001e010e7d7c0, 0x000001e010e7e3b0]
Event: 124.697 Thread 0x000001e0252c6800 nmethod 4029 0x000001e010e7b3d0 code [0x000001e010e7b540, 0x000001e010e7bbb8]
Event: 124.701 Thread 0x000001e0252c6800 4034       4       org.eclipse.jdt.internal.core.util.HashtableOfArrayToObject::get (69 bytes)
Event: 124.733 Thread 0x000001e0252c6800 nmethod 4034 0x000001e010e83910 code [0x000001e010e83a80, 0x000001e010e84078]
Event: 124.733 Thread 0x000001e0252c6800 4035       4       org.eclipse.jdt.internal.compiler.impl.CompilerOptions::versionFromJdkLevel (212 bytes)
Event: 124.736 Thread 0x000001e0252c6800 nmethod 4035 0x000001e010e7c850 code [0x000001e010e7ca20, 0x000001e010e7cbd8]

GC Heap History (10 events):
Event: 124.874 GC heap after
Heap after GC invocations=43 (full 0):
 garbage-first heap   total 33792K, used 26776K [0x00000000c0000000, 0x00000000c0100108, 0x0000000100000000)
  region size 1024K, 1 young (1024K), 1 survivors (1024K)
 Metaspace       used 38203K, capacity 40478K, committed 40832K, reserved 1085440K
  class space    used 4104K, capacity 4878K, committed 4992K, reserved 1048576K
}
Event: 124.951 GC heap before
{Heap before GC invocations=44 (full 0):
 garbage-first heap   total 33792K, used 27800K [0x00000000c0000000, 0x00000000c0100108, 0x0000000100000000)
  region size 1024K, 2 young (2048K), 1 survivors (1024K)
 Metaspace       used 38203K, capacity 40478K, committed 40832K, reserved 1085440K
  class space    used 4104K, capacity 4878K, committed 4992K, reserved 1048576K
Event: 124.961 GC heap after
Heap after GC invocations=45 (full 0):
 garbage-first heap   total 33792K, used 27073K [0x00000000c0000000, 0x00000000c0100108, 0x0000000100000000)
  region size 1024K, 1 young (1024K), 1 survivors (1024K)
 Metaspace       used 38203K, capacity 40478K, committed 40832K, reserved 1085440K
  class space    used 4104K, capacity 4878K, committed 4992K, reserved 1048576K
}
Event: 125.046 GC heap before
{Heap before GC invocations=45 (full 0):
 garbage-first heap   total 33792K, used 28097K [0x00000000c0000000, 0x00000000c0100108, 0x0000000100000000)
  region size 1024K, 2 young (2048K), 1 survivors (1024K)
 Metaspace       used 38203K, capacity 40478K, committed 40832K, reserved 1085440K
  class space    used 4104K, capacity 4878K, committed 4992K, reserved 1048576K
Event: 125.055 GC heap after
Heap after GC invocations=46 (full 0):
 garbage-first heap   total 33792K, used 23489K [0x00000000c0000000, 0x00000000c0100108, 0x0000000100000000)
  region size 1024K, 1 young (1024K), 1 survivors (1024K)
 Metaspace       used 38203K, capacity 40478K, committed 40832K, reserved 1085440K
  class space    used 4104K, capacity 4878K, committed 4992K, reserved 1048576K
}
Event: 125.116 GC heap before
{Heap before GC invocations=46 (full 0):
 garbage-first heap   total 33792K, used 24513K [0x00000000c0000000, 0x00000000c0100108, 0x0000000100000000)
  region size 1024K, 2 young (2048K), 1 survivors (1024K)
 Metaspace       used 38203K, capacity 40478K, committed 40832K, reserved 1085440K
  class space    used 4104K, capacity 4878K, committed 4992K, reserved 1048576K
Event: 125.135 GC heap after
Heap after GC invocations=47 (full 0):
 garbage-first heap   total 33792K, used 21648K [0x00000000c0000000, 0x00000000c0100108, 0x0000000100000000)
  region size 1024K, 1 young (1024K), 1 survivors (1024K)
 Metaspace       used 38203K, capacity 40478K, committed 40832K, reserved 1085440K
  class space    used 4104K, capacity 4878K, committed 4992K, reserved 1048576K
}
Event: 125.160 GC heap before
{Heap before GC invocations=47 (full 0):
 garbage-first heap   total 33792K, used 22672K [0x00000000c0000000, 0x00000000c0100108, 0x0000000100000000)
  region size 1024K, 2 young (2048K), 1 survivors (1024K)
 Metaspace       used 38203K, capacity 40478K, committed 40832K, reserved 1085440K
  class space    used 4104K, capacity 4878K, committed 4992K, reserved 1048576K
Event: 125.194 GC heap after
Heap after GC invocations=48 (full 0):
 garbage-first heap   total 33792K, used 22143K [0x00000000c0000000, 0x00000000c0100108, 0x0000000100000000)
  region size 1024K, 1 young (1024K), 1 survivors (1024K)
 Metaspace       used 38203K, capacity 40478K, committed 40832K, reserved 1085440K
  class space    used 4104K, capacity 4878K, committed 4992K, reserved 1048576K
}
Event: 125.228 GC heap before
{Heap before GC invocations=48 (full 0):
 garbage-first heap   total 33792K, used 23167K [0x00000000c0000000, 0x00000000c0100108, 0x0000000100000000)
  region size 1024K, 2 young (2048K), 1 survivors (1024K)
 Metaspace       used 38203K, capacity 40478K, committed 40832K, reserved 1085440K
  class space    used 4104K, capacity 4878K, committed 4992K, reserved 1048576K

Deoptimization events (10 events):
Event: 88.840 Thread 0x000001e02905e800 Uncommon trap: reason=class_check action=maybe_recompile pc=0x000001e010de2d2c method=sun.security.util.math.intpoly.IntegerPolynomial$MutableElement.setSum(Lsun/security/util/math/IntegerModuloP;)Lsun/security/util/math/intpoly/IntegerPolynomial$MutableE
Event: 88.841 Thread 0x000001e02905e800 Uncommon trap: reason=class_check action=maybe_recompile pc=0x000001e010de2d2c method=sun.security.util.math.intpoly.IntegerPolynomial$MutableElement.setSum(Lsun/security/util/math/IntegerModuloP;)Lsun/security/util/math/intpoly/IntegerPolynomial$MutableE
Event: 89.120 Thread 0x000001e02905e800 Uncommon trap: reason=unstable_if action=reinterpret pc=0x000001e010b291e0 method=java.util.Arrays.equals([B[B)Z @ 12
Event: 120.337 Thread 0x000001e027422000 Uncommon trap: reason=class_check action=maybe_recompile pc=0x000001e010584104 method=java.util.HashMap.removeNode(ILjava/lang/Object;Ljava/lang/Object;ZZ)Ljava/util/HashMap$Node; @ 283
Event: 120.391 Thread 0x000001e027422000 Uncommon trap: reason=class_check action=maybe_recompile pc=0x000001e010584104 method=java.util.HashMap.removeNode(ILjava/lang/Object;Ljava/lang/Object;ZZ)Ljava/util/HashMap$Node; @ 283
Event: 120.392 Thread 0x000001e027422000 Uncommon trap: reason=class_check action=maybe_recompile pc=0x000001e010584104 method=java.util.HashMap.removeNode(ILjava/lang/Object;Ljava/lang/Object;ZZ)Ljava/util/HashMap$Node; @ 283
Event: 123.705 Thread 0x000001e027422000 Uncommon trap: reason=bimorphic action=maybe_recompile pc=0x000001e0106c7c10 method=java.util.TimSort.countRunAndMakeAscending([Ljava/lang/Object;IILjava/util/Comparator;)I @ 43
Event: 123.706 Thread 0x000001e027422000 Uncommon trap: reason=bimorphic action=maybe_recompile pc=0x000001e0106c7c10 method=java.util.TimSort.countRunAndMakeAscending([Ljava/lang/Object;IILjava/util/Comparator;)I @ 43
Event: 123.707 Thread 0x000001e027422000 Uncommon trap: reason=bimorphic action=maybe_recompile pc=0x000001e0106c7c10 method=java.util.TimSort.countRunAndMakeAscending([Ljava/lang/Object;IILjava/util/Comparator;)I @ 43
Event: 124.068 Thread 0x000001e027422000 Uncommon trap: reason=unstable_if action=reinterpret pc=0x000001e010d60e74 method=java.util.HashMap$HashIterator.<init>(Ljava/util/HashMap;)V @ 45

Classes redefined (0 events):
No events

Internal exceptions (10 events):
Event: 122.711 Thread 0x000001e027422000 Exception <a 'sun/nio/fs/WindowsException'> (0x00000000c20fb4e8) thrown at [C:\cygwin64\tmp\openjdk-jdk8u-windows-x64-hotspot\workspace\build\src\hotspot\src\share\vm\prims\jni.cpp, line 710]
Event: 122.724 Thread 0x000001e027422000 Exception <a 'sun/nio/fs/WindowsException'> (0x00000000c1f00648) thrown at [C:\cygwin64\tmp\openjdk-jdk8u-windows-x64-hotspot\workspace\build\src\hotspot\src\share\vm\prims\jni.cpp, line 710]
Event: 122.742 Thread 0x000001e027422000 Exception <a 'sun/nio/fs/WindowsException'> (0x00000000c1f0e318) thrown at [C:\cygwin64\tmp\openjdk-jdk8u-windows-x64-hotspot\workspace\build\src\hotspot\src\share\vm\prims\jni.cpp, line 710]
Event: 122.743 Thread 0x000001e027422000 Exception <a 'sun/nio/fs/WindowsException'> (0x00000000c1f0fb28) thrown at [C:\cygwin64\tmp\openjdk-jdk8u-windows-x64-hotspot\workspace\build\src\hotspot\src\share\vm\prims\jni.cpp, line 710]
Event: 122.803 Thread 0x000001e027422000 Exception <a 'sun/nio/fs/WindowsException'> (0x00000000c1f1d378) thrown at [C:\cygwin64\tmp\openjdk-jdk8u-windows-x64-hotspot\workspace\build\src\hotspot\src\share\vm\prims\jni.cpp, line 710]
Event: 122.828 Thread 0x000001e027422000 Exception <a 'sun/nio/fs/WindowsException'> (0x00000000c1f2aa48) thrown at [C:\cygwin64\tmp\openjdk-jdk8u-windows-x64-hotspot\workspace\build\src\hotspot\src\share\vm\prims\jni.cpp, line 710]
Event: 123.400 Thread 0x000001e027422000 Exception <a 'java/io/FileNotFoundException'> (0x00000000c1d35a28) thrown at [C:\cygwin64\tmp\openjdk-jdk8u-windows-x64-hotspot\workspace\build\src\hotspot\src\share\vm\prims\jni.cpp, line 710]
Event: 123.698 Thread 0x000001e027422000 Exception <a 'java/io/FileNotFoundException'> (0x00000000c1d3e628) thrown at [C:\cygwin64\tmp\openjdk-jdk8u-windows-x64-hotspot\workspace\build\src\hotspot\src\share\vm\prims\jni.cpp, line 710]
Event: 123.717 Thread 0x000001e027422000 Exception <a 'sun/nio/fs/WindowsException'> (0x00000000c1d49a88) thrown at [C:\cygwin64\tmp\openjdk-jdk8u-windows-x64-hotspot\workspace\build\src\hotspot\src\share\vm\prims\jni.cpp, line 710]
Event: 123.718 Thread 0x000001e027422000 Exception <a 'sun/nio/fs/WindowsException'> (0x00000000c1d4b0f0) thrown at [C:\cygwin64\tmp\openjdk-jdk8u-windows-x64-hotspot\workspace\build\src\hotspot\src\share\vm\prims\jni.cpp, line 710]

Events (10 events):
Event: 124.933 Executing VM operation: CGC_Operation done
Event: 124.951 Executing VM operation: G1IncCollectionPause
Event: 124.961 Executing VM operation: G1IncCollectionPause done
Event: 125.046 Executing VM operation: G1IncCollectionPause
Event: 125.056 Executing VM operation: G1IncCollectionPause done
Event: 125.116 Executing VM operation: G1IncCollectionPause
Event: 125.135 Executing VM operation: G1IncCollectionPause done
Event: 125.159 Executing VM operation: G1IncCollectionPause
Event: 125.194 Executing VM operation: G1IncCollectionPause done
Event: 125.227 Executing VM operation: G1IncCollectionPause


Dynamic libraries:
0x00007ff629ff0000 - 0x00007ff62a02a000 	C:\Users\Ada Lovelace\AppData\Local\Programs\AdoptOpenJDK\bin\java.exe
0x00007ff8a38a0000 - 0x00007ff8a3a72000 	C:\WINDOWS\SYSTEM32\ntdll.dll
0x00007ff8a2680000 - 0x00007ff8a272c000 	C:\WINDOWS\System32\KERNEL32.DLL
0x00007ff89ff00000 - 0x00007ff8a011d000 	C:\WINDOWS\System32\KERNELBASE.dll
0x00007ff8a25d0000 - 0x00007ff8a2672000 	C:\WINDOWS\System32\ADVAPI32.dll
0x00007ff8a2730000 - 0x00007ff8a27ce000 	C:\WINDOWS\System32\msvcrt.dll
0x00007ff8a2df0000 - 0x00007ff8a2e49000 	C:\WINDOWS\System32\sechost.dll
0x00007ff8a2ff0000 - 0x00007ff8a3111000 	C:\WINDOWS\System32\RPCRT4.dll
0x00007ff8a2b20000 - 0x00007ff8a2c85000 	C:\WINDOWS\System32\USER32.dll
0x00007ff8a01d0000 - 0x00007ff8a01ee000 	C:\WINDOWS\System32\win32u.dll
0x00007ff8a2450000 - 0x00007ff8a2484000 	C:\WINDOWS\System32\GDI32.dll
0x00007ff8a05d0000 - 0x00007ff8a0750000 	C:\WINDOWS\System32\gdi32full.dll
0x00007ff895920000 - 0x00007ff895b9a000 	C:\WINDOWS\WinSxS\amd64_microsoft.windows.common-controls_6595b64144ccf1df_6.0.14393.953_none_42151e83c686086b\COMCTL32.dll
0x00007ff8a35d0000 - 0x00007ff8a3898000 	C:\WINDOWS\System32\combase.dll
0x00007ff89fe00000 - 0x00007ff89fef5000 	C:\WINDOWS\System32\ucrtbase.dll
0x00007ff8a01f0000 - 0x00007ff8a025a000 	C:\WINDOWS\System32\bcryptPrimitives.dll
0x00007ff8a0e30000 - 0x00007ff8a0e5e000 	C:\WINDOWS\System32\IMM32.DLL
0x00007ff864810000 - 0x00007ff8648ff000 	C:\Users\Ada Lovelace\AppData\Local\Programs\AdoptOpenJDK\jre\bin\msvcr120.dll
0x00007ff864760000 - 0x00007ff864806000 	C:\Users\Ada Lovelace\AppData\Local\Programs\AdoptOpenJDK\jre\bin\msvcp120.dll
0x000000005e890000 - 0x000000005f08e000 	C:\Users\Ada Lovelace\AppData\Local\Programs\AdoptOpenJDK\jre\bin\server\jvm.dll
0x00007ff8a2370000 - 0x00007ff8a2378000 	C:\WINDOWS\System32\PSAPI.DLL
0x00007ff891710000 - 0x00007ff891719000 	C:\WINDOWS\SYSTEM32\WSOCK32.dll
0x00007ff8927e0000 - 0x00007ff8927ea000 	C:\WINDOWS\SYSTEM32\VERSION.dll
0x00007ff89dda0000 - 0x00007ff89ddc3000 	C:\WINDOWS\SYSTEM32\WINMM.dll
0x00007ff8a3120000 - 0x00007ff8a318a000 	C:\WINDOWS\System32\WS2_32.dll
0x00007ff89dc80000 - 0x00007ff89dcab000 	C:\WINDOWS\SYSTEM32\WINMMBASE.dll
0x00007ff8a0310000 - 0x00007ff8a0352000 	C:\WINDOWS\System32\cfgmgr32.dll
0x00007ff875cc0000 - 0x00007ff875ccf000 	C:\Users\Ada Lovelace\AppData\Local\Programs\AdoptOpenJDK\jre\bin\verify.dll
0x00007ff864a70000 - 0x00007ff864a98000 	C:\Users\Ada Lovelace\AppData\Local\Programs\AdoptOpenJDK\jre\bin\java.dll
0x00007ff864a50000 - 0x00007ff864a66000 	C:\Users\Ada Lovelace\AppData\Local\Programs\AdoptOpenJDK\jre\bin\zip.dll
0x00007ff8a0e60000 - 0x00007ff8a2369000 	C:\WINDOWS\System32\SHELL32.dll
0x00007ff8a0750000 - 0x00007ff8a0e29000 	C:\WINDOWS\System32\windows.storage.dll
0x00007ff89fd50000 - 0x00007ff89fd9c000 	C:\WINDOWS\System32\powrprof.dll
0x00007ff8a27d0000 - 0x00007ff8a2822000 	C:\WINDOWS\System32\shlwapi.dll
0x00007ff89fd40000 - 0x00007ff89fd4f000 	C:\WINDOWS\System32\kernel.appcore.dll
0x00007ff8a0120000 - 0x00007ff8a01c9000 	C:\WINDOWS\System32\shcore.dll
0x00007ff89fd20000 - 0x00007ff89fd34000 	C:\WINDOWS\System32\profapi.dll
0x00007ff89f780000 - 0x00007ff89f797000 	C:\WINDOWS\SYSTEM32\CRYPTSP.dll
0x00007ff89f1e0000 - 0x00007ff89f213000 	C:\WINDOWS\system32\rsaenh.dll
0x00007ff89fc50000 - 0x00007ff89fc7b000 	C:\WINDOWS\SYSTEM32\bcrypt.dll
0x00007ff89f460000 - 0x00007ff89f47f000 	C:\WINDOWS\SYSTEM32\USERENV.dll
0x00007ff89f7a0000 - 0x00007ff89f7ab000 	C:\WINDOWS\SYSTEM32\CRYPTBASE.dll
0x00007ff864740000 - 0x00007ff86475a000 	C:\Users\Ada Lovelace\AppData\Local\Programs\AdoptOpenJDK\jre\bin\net.dll
0x00007ff88e940000 - 0x00007ff88eb02000 	C:\WINDOWS\SYSTEM32\urlmon.dll
0x00007ff8968c0000 - 0x00007ff896b65000 	C:\WINDOWS\SYSTEM32\iertutil.dll
0x00007ff89f5e0000 - 0x00007ff89f63c000 	C:\WINDOWS\system32\mswsock.dll
0x00007ff89f360000 - 0x00007ff89f398000 	C:\WINDOWS\SYSTEM32\IPHLPAPI.DLL
0x00007ff8a35c0000 - 0x00007ff8a35c8000 	C:\WINDOWS\System32\NSI.dll
0x00007ff896410000 - 0x00007ff896426000 	C:\WINDOWS\SYSTEM32\dhcpcsvc6.DLL
0x00007ff8981b0000 - 0x00007ff8981ca000 	C:\WINDOWS\SYSTEM32\dhcpcsvc.DLL
0x00007ff895440000 - 0x00007ff895452000 	C:\Users\Ada Lovelace\AppData\Local\Programs\AdoptOpenJDK\jre\bin\nio.dll
0x00007ff863920000 - 0x00007ff863949000 	C:\Users\Ada Lovelace\.vscode\extensions\redhat.java-0.48.0\server\config_win\org.eclipse.equinox.launcher\org.eclipse.equinox.launcher.win32.win32.x86_64_1.1.1100.v20190715-0945\eclipse_1902.dll
0x00007ff89d6a0000 - 0x00007ff89d6b1000 	C:\Users\Ada Lovelace\.vscode\extensions\redhat.java-0.48.0\server\config_win\org.eclipse.osgi\21\0\.cp\jWinHttp-1.0.0.dll
0x00007ff8a2490000 - 0x00007ff8a25c8000 	C:\WINDOWS\System32\ole32.dll
0x00007ff8951a0000 - 0x00007ff89526d000 	C:\WINDOWS\SYSTEM32\WINHTTP.dll
0x00007ff89cc60000 - 0x00007ff89cc83000 	C:\Users\Ada Lovelace\AppData\Local\Programs\AdoptOpenJDK\jre\bin\sunec.dll
0x00007ff89dc50000 - 0x00007ff89dc5b000 	C:\Users\Ada Lovelace\AppData\Local\Programs\AdoptOpenJDK\jre\bin\sunmscapi.dll
0x00007ff8a0400000 - 0x00007ff8a05c9000 	C:\WINDOWS\System32\CRYPT32.dll
0x00007ff89fd10000 - 0x00007ff89fd20000 	C:\WINDOWS\System32\MSASN1.dll
0x00007ff89f3a0000 - 0x00007ff89f441000 	C:\WINDOWS\SYSTEM32\DNSAPI.dll
0x00007ff88f790000 - 0x00007ff88f79a000 	C:\Windows\System32\rasadhlp.dll
0x00007ff893440000 - 0x00007ff8934aa000 	C:\WINDOWS\System32\fwpuclnt.dll

VM Arguments:
jvm_args: -Declipse.application=org.eclipse.jdt.ls.core.id1 -Dosgi.bundles.defaultStartLevel=4 -Declipse.product=org.eclipse.jdt.ls.core.product -Dfile.encoding=utf8 -DwatchParentProcess=false -Xverify:none -Xmx1G -XX:+UseG1GC -XX:+UseStringDeduplication 
java_command: c:\Users\Ada Lovelace\.vscode\extensions\redhat.java-0.48.0\server\plugins\org.eclipse.equinox.launcher_1.5.500.v20190715-1310.jar -configuration c:\Users\Ada Lovelace\.vscode\extensions\redhat.java-0.48.0\server\config_win -data c:\Users\Ada Lovelace\AppData\Roaming\Code\User\workspaceStorage\2fdbda31f07b6cacac8836b5d910c1ae\redhat.java\jdt_ws
java_class_path (initial): c:\Users\Ada Lovelace\.vscode\extensions\redhat.java-0.48.0\server\plugins\org.eclipse.equinox.launcher_1.5.500.v20190715-1310.jar
Launcher Type: SUN_STANDARD

Environment Variables:
JAVA_HOME=C:\Users\Ada Lovelace\AppData\Local\Programs\AdoptOpenJDK\
PATH=C:\Program Files (x86)\Intel\TXE Components\iCLS\;C:\Program Files\Intel\TXE Components\iCLS\;C:\WINDOWS\system32;C:\WINDOWS;C:\WINDOWS\System32\Wbem;C:\WINDOWS\System32\WindowsPowerShell\v1.0\;C:\Users\Administrator\AppData\Local\Microsoft\WindowsApps;C:\Recovery\OEM\Backup\;C:\Program Files\Intel\TXE Components\DAL\;C:\Program Files (x86)\Intel\TXE Components\DAL\;C:\Program Files\Intel\TXE Components\IPT\;C:\Program Files (x86)\Intel\TXE Components\IPT\;C:\Program Files\Intel\WiFi\bin\;C:\Program Files\Common Files\Intel\WirelessCommon\;C:\WINDOWS\system32;C:\WINDOWS;C:\WINDOWS\System32\Wbem;C:\WINDOWS\System32\WindowsPowerShell\v1.0\;C:\Program Files\Git\cmd;C:\Users\Ada Lovelace\AppData\Local\Programs\AdoptOpenJDK\bin;C:\Users\Ada Lovelace\AppData\Local\Microsoft\WindowsApps;C:\Users\Ada Lovelace\AppData\Local\Programs\Microsoft VS Code\bin;C:\Users\Ada Lovelace\AppData\Local\GitHubDesktop\bin
USERNAME=Ada Lovelace
OS=Windows_NT
PROCESSOR_IDENTIFIER=Intel64 Family 6 Model 76 Stepping 4, GenuineIntel



---------------  S Y S T E M  ---------------

OS: Windows 10.0 , 64 bit Build 14393 (10.0.14393.2189)

CPU:total 4 (initial active 4) (4 cores per cpu, 1 threads per core) family 6 model 76 stepping 4, cmov, cx8, fxsr, mmx, sse, sse2, sse3, ssse3, sse4.1, sse4.2, popcnt, aes, clmul, erms, 3dnowpref, tsc, tscinvbit

Memory: 4k page, physical 2019428k(79768k free), swap 5754056k(35480k free)

vm_info: OpenJDK 64-Bit Server VM (25.222-b10) for windows-amd64 JRE (1.8.0_222-b10), built on Jul 17 2019 08:11:33 by "jenkins" with MS VC++ 12.0 (VS2013)

time: Tue Sep 17 09:23:29 2019
timezone: Hora estándar de Argentina
elapsed time: 125 seconds (0d 0h 2m 5s)

