#
# There is insufficient memory for the Java Runtime Environment to continue.
# Native memory allocation (malloc) failed to allocate 332656 bytes for Chunk::new
# Possible reasons:
#   The system is out of physical RAM or swap space
#   The process is running with CompressedOops enabled, and the Java Heap may be blocking the growth of the native heap
# Possible solutions:
#   Reduce memory load on the system
#   Increase physical memory or swap space
#   Check if swap backing store is full
#   Decrease Java heap size (-Xmx/-Xms)
#   Decrease number of Java threads
#   Decrease Java thread stack sizes (-Xss)
#   Set larger code cache with -XX:ReservedCodeCacheSize=
#   JVM is running with Unscaled Compressed Oops mode in which the Java heap is
#     placed in the first 4GB address space. The Java Heap base address is the
#     maximum limit for the native heap growth. Please use -XX:HeapBaseMinAddress
#     to set the Java Heap base and to place the Java Heap above 4GB virtual address.
# This output file may be truncated or incomplete.
#
#  Out of Memory Error (allocation.cpp:389), pid=8156, tid=0x0000000000000bf4
#
# JRE version: OpenJDK Runtime Environment (8.0_222-b10) (build 1.8.0_222-b10)
# Java VM: OpenJDK 64-Bit Server VM (25.222-b10 mixed mode windows-amd64 compressed oops)
# Failed to write core dump. Minidumps are not enabled by default on client versions of Windows
#

---------------  T H R E A D  ---------------

Current thread (0x0000020edfd67800):  JavaThread "C2 CompilerThread0" daemon [_thread_in_native, id=3060, stack(0x000000365ee00000,0x000000365ef00000)]

Stack: [0x000000365ee00000,0x000000365ef00000]
[error occurred during error reporting (printing stack bounds), id 0xc0000005]

Native frames: (J=compiled Java code, j=interpreted, Vv=VM code, C=native code)


Current CompileTask:
C2:  11767  306   !   4       java.util.jar.Attributes::read (380 bytes)


---------------  P R O C E S S  ---------------

Java Threads: ( => current thread )
  0x0000020edfd6e000 JavaThread "Service Thread" daemon [_thread_blocked, id=4644, stack(0x000000365f100000,0x000000365f200000)]
  0x0000020edfd6d000 JavaThread "C1 CompilerThread2" daemon [_thread_in_native, id=504, stack(0x000000365f000000,0x000000365f100000)]
  0x0000020edfd68800 JavaThread "C2 CompilerThread1" daemon [_thread_in_vm, id=4348, stack(0x000000365ef00000,0x000000365f000000)]
=>0x0000020edfd67800 JavaThread "C2 CompilerThread0" daemon [_thread_in_native, id=3060, stack(0x000000365ee00000,0x000000365ef00000)]
  0x0000020edfd59800 JavaThread "Attach Listener" daemon [_thread_blocked, id=6884, stack(0x000000365ed00000,0x000000365ee00000)]
  0x0000020ee06c3800 JavaThread "Signal Dispatcher" daemon [_thread_blocked, id=7940, stack(0x000000365ec00000,0x000000365ed00000)]
  0x0000020ee06c2800 JavaThread "Surrogate Locker Thread (Concurrent GC)" daemon [_thread_blocked, id=768, stack(0x000000365eb00000,0x000000365ec00000)]
  0x0000020edfd2f000 JavaThread "Finalizer" daemon [_thread_blocked, id=6960, stack(0x000000365ea00000,0x000000365eb00000)]
  0x0000020edfd26000 JavaThread "Reference Handler" daemon [_thread_blocked, id=3288, stack(0x000000365e900000,0x000000365ea00000)]
  0x0000020ec9e33800 JavaThread "main" [_thread_in_Java, id=1068, stack(0x000000365db00000,0x000000365dc00000)]

Other Threads:
  0x0000020edfd20000 VMThread [stack: 0x000000365e800000,0x000000365e900000] [id=8124]
  0x0000020ee073f000 WatcherThread [stack: 0x000000365f200000,0x000000365f300000] [id=6000]

VM state:not at safepoint (normal execution)

VM Mutex/Monitor currently owned by a thread: None

heap address: 0x00000000c0000000, size: 1024 MB, Compressed Oops mode: 32-bit
Narrow klass base: 0x0000000000000000, Narrow klass shift: 3
Compressed class space size: 1073741824 Address: 0x0000000100000000

Heap:
 garbage-first heap   total 32768K, used 4826K [0x00000000c0000000, 0x00000000c0100100, 0x0000000100000000)
  region size 1024K, 5 young (5120K), 1 survivors (1024K)
 Metaspace       used 5205K, capacity 5396K, committed 5504K, reserved 1056768K
  class space    used 534K, capacity 567K, committed 640K, reserved 1048576K

Heap Regions: (Y=young(eden), SU=young(survivor), HS=humongous(starts), HC=humongous(continues), CS=collection set, F=free, TS=gc time stamp, PTAMS=previous top-at-mark-start, NTAMS=next top-at-mark-start)
AC   0  O    TS     1 PTAMS 0x00000000c0000000 NTAMS 0x00000000c0000000 space 1024K,  71% used [0x00000000c0000000, 0x00000000c0100000)
AC   0  F    TS     0 PTAMS 0x00000000c0100000 NTAMS 0x00000000c0100000 space 1024K,   0% used [0x00000000c0100000, 0x00000000c0200000)
AC   0  F    TS     0 PTAMS 0x00000000c0200000 NTAMS 0x00000000c0200000 space 1024K,   0% used [0x00000000c0200000, 0x00000000c0300000)
AC   0  F    TS     0 PTAMS 0x00000000c0300000 NTAMS 0x00000000c0300000 space 1024K,   0% used [0x00000000c0300000, 0x00000000c0400000)
AC   0  F    TS     0 PTAMS 0x00000000c0400000 NTAMS 0x00000000c0400000 space 1024K,   0% used [0x00000000c0400000, 0x00000000c0500000)
AC   0  F    TS     0 PTAMS 0x00000000c0500000 NTAMS 0x00000000c0500000 space 1024K,   0% used [0x00000000c0500000, 0x00000000c0600000)
AC   0  F    TS     0 PTAMS 0x00000000c0600000 NTAMS 0x00000000c0600000 space 1024K,   0% used [0x00000000c0600000, 0x00000000c0700000)
AC   0  F    TS     0 PTAMS 0x00000000c0700000 NTAMS 0x00000000c0700000 space 1024K,   0% used [0x00000000c0700000, 0x00000000c0800000)
AC   0  F    TS     0 PTAMS 0x00000000c0800000 NTAMS 0x00000000c0800000 space 1024K,   0% used [0x00000000c0800000, 0x00000000c0900000)
AC   0  F    TS     0 PTAMS 0x00000000c0900000 NTAMS 0x00000000c0900000 space 1024K,   0% used [0x00000000c0900000, 0x00000000c0a00000)
AC   0  F    TS     0 PTAMS 0x00000000c0a00000 NTAMS 0x00000000c0a00000 space 1024K,   0% used [0x00000000c0a00000, 0x00000000c0b00000)
AC   0  F    TS     0 PTAMS 0x00000000c0b00000 NTAMS 0x00000000c0b00000 space 1024K,   0% used [0x00000000c0b00000, 0x00000000c0c00000)
AC   0  F    TS     0 PTAMS 0x00000000c0c00000 NTAMS 0x00000000c0c00000 space 1024K,   0% used [0x00000000c0c00000, 0x00000000c0d00000)
AC   0  F    TS     0 PTAMS 0x00000000c0d00000 NTAMS 0x00000000c0d00000 space 1024K,   0% used [0x00000000c0d00000, 0x00000000c0e00000)
AC   0  F    TS     0 PTAMS 0x00000000c0e00000 NTAMS 0x00000000c0e00000 space 1024K,   0% used [0x00000000c0e00000, 0x00000000c0f00000)
AC   0  F    TS     0 PTAMS 0x00000000c0f00000 NTAMS 0x00000000c0f00000 space 1024K,   0% used [0x00000000c0f00000, 0x00000000c1000000)
AC   0  F    TS     0 PTAMS 0x00000000c1000000 NTAMS 0x00000000c1000000 space 1024K,   0% used [0x00000000c1000000, 0x00000000c1100000)
AC   0  F    TS     0 PTAMS 0x00000000c1100000 NTAMS 0x00000000c1100000 space 1024K,   0% used [0x00000000c1100000, 0x00000000c1200000)
AC   0  F    TS     0 PTAMS 0x00000000c1200000 NTAMS 0x00000000c1200000 space 1024K,   0% used [0x00000000c1200000, 0x00000000c1300000)
AC   0  F    TS     0 PTAMS 0x00000000c1300000 NTAMS 0x00000000c1300000 space 1024K,   0% used [0x00000000c1300000, 0x00000000c1400000)
AC   0  F    TS     0 PTAMS 0x00000000c1400000 NTAMS 0x00000000c1400000 space 1024K,   0% used [0x00000000c1400000, 0x00000000c1500000)
AC   0  F    TS     0 PTAMS 0x00000000c1500000 NTAMS 0x00000000c1500000 space 1024K,   0% used [0x00000000c1500000, 0x00000000c1600000)
AC   0  F    TS     0 PTAMS 0x00000000c1600000 NTAMS 0x00000000c1600000 space 1024K,   0% used [0x00000000c1600000, 0x00000000c1700000)
AC   0  F    TS     0 PTAMS 0x00000000c1700000 NTAMS 0x00000000c1700000 space 1024K,   0% used [0x00000000c1700000, 0x00000000c1800000)
AC   0  F    TS     0 PTAMS 0x00000000c1800000 NTAMS 0x00000000c1800000 space 1024K,   0% used [0x00000000c1800000, 0x00000000c1900000)
AC   0  F    TS     0 PTAMS 0x00000000c1900000 NTAMS 0x00000000c1900000 space 1024K,   0% used [0x00000000c1900000, 0x00000000c1a00000)
AC   0  S CS TS     1 PTAMS 0x00000000c1a00000 NTAMS 0x00000000c1a00000 space 1024K, 100% used [0x00000000c1a00000, 0x00000000c1b00000)
AC   0  F    TS     0 PTAMS 0x00000000c1b00000 NTAMS 0x00000000c1b00000 space 1024K,   0% used [0x00000000c1b00000, 0x00000000c1c00000)
AC   0  E    TS     0 PTAMS 0x00000000c1c00000 NTAMS 0x00000000c1c00000 space 1024K,  21% used [0x00000000c1c00000, 0x00000000c1d00000)
AC   0  E CS TS     0 PTAMS 0x00000000c1d00000 NTAMS 0x00000000c1d00000 space 1024K, 100% used [0x00000000c1d00000, 0x00000000c1e00000)
AC   0  E CS TS     0 PTAMS 0x00000000c1e00000 NTAMS 0x00000000c1e00000 space 1024K, 100% used [0x00000000c1e00000, 0x00000000c1f00000)
AC   0  E CS TS     0 PTAMS 0x00000000c1f00000 NTAMS 0x00000000c1f00000 space 1024K, 100% used [0x00000000c1f00000, 0x00000000c2000000)

Card table byte_map: [0x0000020edb220000,0x0000020edb420000] byte_map_base: 0x0000020edac20000

Marking Bits (Prev, Next): (CMBitMap*) 0x0000020ec9e6dda8, (CMBitMap*) 0x0000020ec9e6de00
 Prev Bits: [0x0000020edb620000, 0x0000020edc620000)
 Next Bits: [0x0000020edc620000, 0x0000020edd620000)

Polling page: 0x0000020ec9d90000

CodeCache: size=245760Kb used=1739Kb max_used=1739Kb free=244020Kb
 bounds [0x0000020ecb620000, 0x0000020ecb890000, 0x0000020eda620000]
 total_blobs=607 nmethods=316 adapters=204
 compilation: enabled

Compilation events (10 events):
Event: 11.747 Thread 0x0000020edfd6d000  312       3       java.util.HashMap$EntrySet::iterator (12 bytes)
Event: 11.748 Thread 0x0000020edfd6d000 nmethod 312 0x0000020ecb7cb290 code [0x0000020ecb7cb400, 0x0000020ecb7cb6b0]
Event: 11.748 Thread 0x0000020edfd6d000  313       3       java.util.HashMap$EntryIterator::<init> (11 bytes)
Event: 11.749 Thread 0x0000020edfd6d000 nmethod 313 0x0000020ecb7caed0 code [0x0000020ecb7cb040, 0x0000020ecb7cb210]
Event: 11.749 Thread 0x0000020edfd6d000  314       3       java.util.jar.Attributes::entrySet (10 bytes)
Event: 11.749 Thread 0x0000020edfd6d000 nmethod 314 0x0000020ecb7caa90 code [0x0000020ecb7cac00, 0x0000020ecb7cae30]
Event: 11.751 Thread 0x0000020edfd6d000  316       3       java.util.HashMap::<init> (17 bytes)
Event: 11.752 Thread 0x0000020edfd6d000 nmethod 316 0x0000020ecb7ca510 code [0x0000020ecb7ca680, 0x0000020ecb7ca970]
Event: 11.753 Thread 0x0000020edfd6d000  317       3       java.util.jar.Attributes::clone (9 bytes)
Event: 11.754 Thread 0x0000020edfd6d000 nmethod 317 0x0000020ecb7cf490 code [0x0000020ecb7cf620, 0x0000020ecb7cfb50]

GC Heap History (2 events):
Event: 11.263 GC heap before
{Heap before GC invocations=0 (full 0):
 garbage-first heap   total 32768K, used 5120K [0x00000000c0000000, 0x00000000c0100100, 0x0000000100000000)
  region size 1024K, 5 young (5120K), 0 survivors (0K)
 Metaspace       used 4924K, capacity 5026K, committed 5248K, reserved 1056768K
  class space    used 508K, capacity 526K, committed 640K, reserved 1048576K
Event: 11.273 GC heap after
Heap after GC invocations=1 (full 0):
 garbage-first heap   total 32768K, used 1754K [0x00000000c0000000, 0x00000000c0100100, 0x0000000100000000)
  region size 1024K, 1 young (1024K), 1 survivors (1024K)
 Metaspace       used 4924K, capacity 5026K, committed 5248K, reserved 1056768K
  class space    used 508K, capacity 526K, committed 640K, reserved 1048576K
}

Deoptimization events (0 events):
No events

Classes redefined (0 events):
No events

Internal exceptions (10 events):
Event: 9.585 Thread 0x0000020ec9e33800 Exception <a 'java/io/FileNotFoundException'> (0x00000000c1d0e920) thrown at [C:\cygwin64\tmp\openjdk-jdk8u-windows-x64-hotspot\workspace\build\src\hotspot\src\share\vm\prims\jni.cpp, line 710]
Event: 9.586 Thread 0x0000020ec9e33800 Exception <a 'java/io/FileNotFoundException'> (0x00000000c1d0faf0) thrown at [C:\cygwin64\tmp\openjdk-jdk8u-windows-x64-hotspot\workspace\build\src\hotspot\src\share\vm\prims\jni.cpp, line 710]
Event: 9.589 Thread 0x0000020ec9e33800 Exception <a 'java/io/FileNotFoundException'> (0x00000000c1d10d48) thrown at [C:\cygwin64\tmp\openjdk-jdk8u-windows-x64-hotspot\workspace\build\src\hotspot\src\share\vm\prims\jni.cpp, line 710]
Event: 9.643 Thread 0x0000020ec9e33800 Exception <a 'java/io/FileNotFoundException'> (0x00000000c1d2c340) thrown at [C:\cygwin64\tmp\openjdk-jdk8u-windows-x64-hotspot\workspace\build\src\hotspot\src\share\vm\prims\jni.cpp, line 710]
Event: 11.628 Thread 0x0000020ec9e33800 Exception <a 'java/security/PrivilegedActionException'> (0x00000000c1d11e78) thrown at [C:\cygwin64\tmp\openjdk-jdk8u-windows-x64-hotspot\workspace\build\src\hotspot\src\share\vm\prims\jvm.cpp, line 1502]
Event: 11.628 Thread 0x0000020ec9e33800 Exception <a 'java/security/PrivilegedActionException'> (0x00000000c1d12088) thrown at [C:\cygwin64\tmp\openjdk-jdk8u-windows-x64-hotspot\workspace\build\src\hotspot\src\share\vm\prims\jvm.cpp, line 1502]
Event: 11.638 Thread 0x0000020ec9e33800 Exception <a 'java/security/PrivilegedActionException'> (0x00000000c1d163a8) thrown at [C:\cygwin64\tmp\openjdk-jdk8u-windows-x64-hotspot\workspace\build\src\hotspot\src\share\vm\prims\jvm.cpp, line 1502]
Event: 11.639 Thread 0x0000020ec9e33800 Exception <a 'java/security/PrivilegedActionException'> (0x00000000c1d165b8) thrown at [C:\cygwin64\tmp\openjdk-jdk8u-windows-x64-hotspot\workspace\build\src\hotspot\src\share\vm\prims\jvm.cpp, line 1502]
Event: 11.643 Thread 0x0000020ec9e33800 Exception <a 'java/security/PrivilegedActionException'> (0x00000000c1d17e60) thrown at [C:\cygwin64\tmp\openjdk-jdk8u-windows-x64-hotspot\workspace\build\src\hotspot\src\share\vm\prims\jvm.cpp, line 1502]
Event: 11.643 Thread 0x0000020ec9e33800 Exception <a 'java/security/PrivilegedActionException'> (0x00000000c1d18070) thrown at [C:\cygwin64\tmp\openjdk-jdk8u-windows-x64-hotspot\workspace\build\src\hotspot\src\share\vm\prims\jvm.cpp, line 1502]

Events (10 events):
Event: 11.598 loading class sun/misc/Launcher$BootClassPathHolder$1
Event: 11.599 loading class sun/misc/Launcher$BootClassPathHolder$1 done
Event: 11.627 loading class java/security/PrivilegedActionException
Event: 11.628 loading class java/security/PrivilegedActionException done
Event: 11.643 loading class java/net/URLClassLoader$2
Event: 11.647 loading class java/net/URLClassLoader$2 done
Event: 11.649 loading class sun/net/www/protocol/jar/URLJarFile$URLJarFileEntry
Event: 11.651 loading class sun/net/www/protocol/jar/URLJarFile$URLJarFileEntry done
Event: 11.651 loading class sun/net/www/protocol/jar/JarURLConnection$JarURLInputStream
Event: 11.651 loading class sun/net/www/protocol/jar/JarURLConnection$JarURLInputStream done


Dynamic libraries:
0x00007ff6b5b10000 - 0x00007ff6b5b4a000 	C:\Users\Ada Lovelace\AppData\Local\Programs\AdoptOpenJDK\bin\java.exe
0x00007ffa22460000 - 0x00007ffa22632000 	C:\WINDOWS\SYSTEM32\ntdll.dll
0x00007ffa1f9f0000 - 0x00007ffa1fa9c000 	C:\WINDOWS\System32\KERNEL32.DLL
0x00007ffa1ed20000 - 0x00007ffa1ef3d000 	C:\WINDOWS\System32\KERNELBASE.dll
0x00007ffa20c70000 - 0x00007ffa20d12000 	C:\WINDOWS\System32\ADVAPI32.dll
0x00007ffa20d70000 - 0x00007ffa20e0e000 	C:\WINDOWS\System32\msvcrt.dll
0x00007ffa20580000 - 0x00007ffa205d9000 	C:\WINDOWS\System32\sechost.dll
0x00007ffa206b0000 - 0x00007ffa207d1000 	C:\WINDOWS\System32\RPCRT4.dll
0x00007ffa207e0000 - 0x00007ffa20945000 	C:\WINDOWS\System32\USER32.dll
0x00007ffa1f920000 - 0x00007ffa1f93e000 	C:\WINDOWS\System32\win32u.dll
0x00007ffa22420000 - 0x00007ffa22454000 	C:\WINDOWS\System32\GDI32.dll
0x00007ffa1e9d0000 - 0x00007ffa1eb50000 	C:\WINDOWS\System32\gdi32full.dll
0x00007ffa143b0000 - 0x00007ffa1462a000 	C:\WINDOWS\WinSxS\amd64_microsoft.windows.common-controls_6595b64144ccf1df_6.0.14393.953_none_42151e83c686086b\COMCTL32.dll
0x00007ffa1ffd0000 - 0x00007ffa20298000 	C:\WINDOWS\System32\combase.dll
0x00007ffa1f770000 - 0x00007ffa1f865000 	C:\WINDOWS\System32\ucrtbase.dll
0x00007ffa1e960000 - 0x00007ffa1e9ca000 	C:\WINDOWS\System32\bcryptPrimitives.dll
0x00007ffa20d40000 - 0x00007ffa20d6e000 	C:\WINDOWS\System32\IMM32.DLL
0x00007ff9e4ac0000 - 0x00007ff9e4baf000 	C:\Users\Ada Lovelace\AppData\Local\Programs\AdoptOpenJDK\jre\bin\msvcr120.dll
0x00007ff9e6e60000 - 0x00007ff9e6f06000 	C:\Users\Ada Lovelace\AppData\Local\Programs\AdoptOpenJDK\jre\bin\msvcp120.dll
0x0000000054f30000 - 0x000000005572e000 	C:\Users\Ada Lovelace\AppData\Local\Programs\AdoptOpenJDK\jre\bin\server\jvm.dll
0x00007ffa20b70000 - 0x00007ffa20b78000 	C:\WINDOWS\System32\PSAPI.DLL
0x00007ffa0f740000 - 0x00007ffa0f749000 	C:\WINDOWS\SYSTEM32\WSOCK32.dll
0x00007ffa20c00000 - 0x00007ffa20c6a000 	C:\WINDOWS\System32\WS2_32.dll
0x00007ffa1c8a0000 - 0x00007ffa1c8c3000 	C:\WINDOWS\SYSTEM32\WINMM.dll
0x00007ffa11090000 - 0x00007ffa1109a000 	C:\WINDOWS\SYSTEM32\VERSION.dll
0x00007ffa1c840000 - 0x00007ffa1c86b000 	C:\WINDOWS\SYSTEM32\WINMMBASE.dll
0x00007ffa1f9a0000 - 0x00007ffa1f9e2000 	C:\WINDOWS\System32\cfgmgr32.dll
0x00007ffa188f0000 - 0x00007ffa188ff000 	C:\Users\Ada Lovelace\AppData\Local\Programs\AdoptOpenJDK\jre\bin\verify.dll
0x00007ff9e4a90000 - 0x00007ff9e4ab8000 	C:\Users\Ada Lovelace\AppData\Local\Programs\AdoptOpenJDK\jre\bin\java.dll
0x00007ffa04830000 - 0x00007ffa04846000 	C:\Users\Ada Lovelace\AppData\Local\Programs\AdoptOpenJDK\jre\bin\zip.dll
0x00007ffa20e10000 - 0x00007ffa22319000 	C:\WINDOWS\System32\SHELL32.dll
0x00007ffa1efe0000 - 0x00007ffa1f6b9000 	C:\WINDOWS\System32\windows.storage.dll
0x00007ffa1e910000 - 0x00007ffa1e95c000 	C:\WINDOWS\System32\powrprof.dll
0x00007ffa20650000 - 0x00007ffa206a2000 	C:\WINDOWS\System32\shlwapi.dll
0x00007ffa1e8d0000 - 0x00007ffa1e8df000 	C:\WINDOWS\System32\kernel.appcore.dll
0x00007ffa1f6c0000 - 0x00007ffa1f769000 	C:\WINDOWS\System32\shcore.dll
0x00007ffa1e8e0000 - 0x00007ffa1e8f4000 	C:\WINDOWS\System32\profapi.dll
0x00007ffa1e350000 - 0x00007ffa1e367000 	C:\WINDOWS\SYSTEM32\CRYPTSP.dll
0x00007ffa1dda0000 - 0x00007ffa1ddd3000 	C:\WINDOWS\system32\rsaenh.dll
0x00007ffa1e810000 - 0x00007ffa1e83b000 	C:\WINDOWS\SYSTEM32\bcrypt.dll
0x00007ffa1e020000 - 0x00007ffa1e03f000 	C:\WINDOWS\SYSTEM32\USERENV.dll
0x00007ffa1e340000 - 0x00007ffa1e34b000 	C:\WINDOWS\SYSTEM32\CRYPTBASE.dll
0x00007ffa043b0000 - 0x00007ffa043ca000 	C:\Users\Ada Lovelace\AppData\Local\Programs\AdoptOpenJDK\jre\bin\net.dll
0x00007ffa0cd40000 - 0x00007ffa0cf02000 	C:\WINDOWS\SYSTEM32\urlmon.dll
0x00007ffa15580000 - 0x00007ffa15825000 	C:\WINDOWS\SYSTEM32\iertutil.dll
0x00007ffa1e1a0000 - 0x00007ffa1e1fc000 	C:\WINDOWS\system32\mswsock.dll
0x00007ffa1df20000 - 0x00007ffa1df58000 	C:\WINDOWS\SYSTEM32\IPHLPAPI.DLL
0x00007ffa20640000 - 0x00007ffa20648000 	C:\WINDOWS\System32\NSI.dll
0x00007ffa14ce0000 - 0x00007ffa14cf6000 	C:\WINDOWS\SYSTEM32\dhcpcsvc6.DLL
0x00007ffa15350000 - 0x00007ffa1536a000 	C:\WINDOWS\SYSTEM32\dhcpcsvc.DLL
0x00007ffa035d0000 - 0x00007ffa035e2000 	C:\Users\Ada Lovelace\AppData\Local\Programs\AdoptOpenJDK\jre\bin\nio.dll

VM Arguments:
jvm_args: -Declipse.application=org.eclipse.jdt.ls.core.id1 -Dosgi.bundles.defaultStartLevel=4 -Declipse.product=org.eclipse.jdt.ls.core.product -Dfile.encoding=utf8 -DwatchParentProcess=false -Xverify:none -Xmx1G -XX:+UseG1GC -XX:+UseStringDeduplication 
java_command: c:\Users\Ada Lovelace\.vscode\extensions\redhat.java-0.50.0\server\plugins\org.eclipse.equinox.launcher_1.5.500.v20190715-1310.jar -configuration c:\Users\Ada Lovelace\.vscode\extensions\redhat.java-0.50.0\server\config_win -data c:\Users\Ada Lovelace\AppData\Roaming\Code\User\workspaceStorage\e19c3000a7c317a56c2f6cb491ca1752\redhat.java\jdt_ws
java_class_path (initial): c:\Users\Ada Lovelace\.vscode\extensions\redhat.java-0.50.0\server\plugins\org.eclipse.equinox.launcher_1.5.500.v20190715-1310.jar
Launcher Type: SUN_STANDARD

Environment Variables:
JAVA_HOME=C:\Users\Ada Lovelace\AppData\Local\Programs\AdoptOpenJDK\
PATH=C:\Program Files (x86)\Intel\TXE Components\iCLS\;C:\Program Files\Intel\TXE Components\iCLS\;C:\WINDOWS\system32;C:\WINDOWS;C:\WINDOWS\System32\Wbem;C:\WINDOWS\System32\WindowsPowerShell\v1.0\;C:\Users\Administrator\AppData\Local\Microsoft\WindowsApps;C:\Recovery\OEM\Backup\;C:\Program Files\Intel\TXE Components\DAL\;C:\Program Files (x86)\Intel\TXE Components\DAL\;C:\Program Files\Intel\TXE Components\IPT\;C:\Program Files (x86)\Intel\TXE Components\IPT\;C:\Program Files\Intel\WiFi\bin\;C:\Program Files\Common Files\Intel\WirelessCommon\;C:\WINDOWS\system32;C:\WINDOWS;C:\WINDOWS\System32\Wbem;C:\WINDOWS\System32\WindowsPowerShell\v1.0\;C:\Program Files\Git\cmd;C:\Users\Ada Lovelace\AppData\Local\Programs\AdoptOpenJDK\bin;C:\Users\Ada Lovelace\AppData\Local\Microsoft\WindowsApps;C:\Users\Ada Lovelace\AppData\Local\GitHubDesktop\bin;C:\Users\Ada Lovelace\AppData\Local\Programs\Microsoft VS Code\bin
USERNAME=Ada Lovelace
OS=Windows_NT
PROCESSOR_IDENTIFIER=Intel64 Family 6 Model 76 Stepping 4, GenuineIntel



---------------  S Y S T E M  ---------------

OS: Windows 10.0 , 64 bit Build 14393 (10.0.14393.2189)

CPU:total 4 (initial active 4) (4 cores per cpu, 1 threads per core) family 6 model 76 stepping 4, cmov, cx8, fxsr, mmx, sse, sse2, sse3, ssse3, sse4.1, sse4.2, popcnt, aes, clmul, erms, 3dnowpref, tsc, tscinvbit

Memory: 4k page, physical 2019428k(103568k free), swap 5320456k(344k free)

vm_info: OpenJDK 64-Bit Server VM (25.222-b10) for windows-amd64 JRE (1.8.0_222-b10), built on Jul 17 2019 08:11:33 by "jenkins" with MS VC++ 12.0 (VS2013)

time: Thu Oct 10 09:50:26 2019
timezone: Hora estándar de Argentina
elapsed time: 11 seconds (0d 0h 0m 11s)

