#
# There is insufficient memory for the Java Runtime Environment to continue.
# Native memory allocation (malloc) failed to allocate 526096 bytes for Chunk::new
# Possible reasons:
#   The system is out of physical RAM or swap space
#   The process is running with CompressedOops enabled, and the Java Heap may be blocking the growth of the native heap
# Possible solutions:
#   Reduce memory load on the system
#   Increase physical memory or swap space
#   Check if swap backing store is full
#   Decrease Java heap size (-Xmx/-Xms)
#   Decrease number of Java threads
#   Decrease Java thread stack sizes (-Xss)
#   Set larger code cache with -XX:ReservedCodeCacheSize=
#   JVM is running with Unscaled Compressed Oops mode in which the Java heap is
#     placed in the first 4GB address space. The Java Heap base address is the
#     maximum limit for the native heap growth. Please use -XX:HeapBaseMinAddress
#     to set the Java Heap base and to place the Java Heap above 4GB virtual address.
# This output file may be truncated or incomplete.
#
#  Out of Memory Error (allocation.cpp:389), pid=4612, tid=0x00000000000004b4
#
# JRE version: OpenJDK Runtime Environment (8.0_222-b10) (build 1.8.0_222-b10)
# Java VM: OpenJDK 64-Bit Server VM (25.222-b10 mixed mode windows-amd64 compressed oops)
# Failed to write core dump. Minidumps are not enabled by default on client versions of Windows
#

---------------  T H R E A D  ---------------

Current thread (0x0000019b9d257000):  JavaThread "C2 CompilerThread1" daemon [_thread_in_native, id=1204, stack(0x0000000775200000,0x0000000775300000)]

Stack: [0x0000000775200000,0x0000000775300000]
[error occurred during error reporting (printing stack bounds), id 0xc0000005]

Native frames: (J=compiled Java code, j=interpreted, Vv=VM code, C=native code)


Current CompileTask:
C2:  11926 1194   !   4       java.net.URL::<init> (543 bytes)


---------------  P R O C E S S  ---------------

Java Threads: ( => current thread )
  0x0000019b9ea66000 JavaThread "background-preinit" [_thread_blocked, id=6904, stack(0x0000000775600000,0x0000000775700000)]
  0x0000019b9d2d5800 JavaThread "Service Thread" daemon [_thread_blocked, id=7208, stack(0x0000000775400000,0x0000000775500000)]
  0x0000019b9d2b5000 JavaThread "C1 CompilerThread2" daemon [_thread_blocked, id=7020, stack(0x0000000775300000,0x0000000775400000)]
=>0x0000019b9d257000 JavaThread "C2 CompilerThread1" daemon [_thread_in_native, id=1204, stack(0x0000000775200000,0x0000000775300000)]
  0x0000019b9d253000 JavaThread "C2 CompilerThread0" daemon [_thread_blocked, id=6020, stack(0x0000000775100000,0x0000000775200000)]
  0x0000019b9d247000 JavaThread "JDWP Command Reader" daemon [_thread_in_native, id=6976, stack(0x0000000775000000,0x0000000775100000)]
  0x0000019b9d23f800 JavaThread "JDWP Event Helper Thread" daemon [_thread_blocked, id=4928, stack(0x0000000774f00000,0x0000000775000000)]
  0x0000019b9d23b000 JavaThread "JDWP Transport Listener: dt_socket" daemon [_thread_blocked, id=3148, stack(0x0000000774e00000,0x0000000774f00000)]
  0x0000019b9d1d0000 JavaThread "Attach Listener" daemon [_thread_blocked, id=228, stack(0x0000000774d00000,0x0000000774e00000)]
  0x0000019b9d221000 JavaThread "Signal Dispatcher" daemon [_thread_blocked, id=6764, stack(0x0000000774c00000,0x0000000774d00000)]
  0x0000019b9ca87800 JavaThread "Finalizer" daemon [_thread_blocked, id=8012, stack(0x0000000774b00000,0x0000000774c00000)]
  0x0000019b9ca7d800 JavaThread "Reference Handler" daemon [_thread_blocked, id=7680, stack(0x0000000774a00000,0x0000000774b00000)]
  0x0000019b8a255800 JavaThread "main" [_thread_in_native, id=7100, stack(0x0000000774400000,0x0000000774500000)]

Other Threads:
  0x0000019b9d192000 VMThread [stack: 0x0000000774900000,0x0000000774a00000] [id=9184]
  0x0000019b9d2d8000 WatcherThread [stack: 0x0000000775500000,0x0000000775600000] [id=4856]

VM state:not at safepoint (normal execution)

VM Mutex/Monitor currently owned by a thread: None

heap address: 0x00000000e1200000, size: 494 MB, Compressed Oops mode: 32-bit
Narrow klass base: 0x0000000000000000, Narrow klass shift: 3
Compressed class space size: 1073741824 Address: 0x0000000100000000

Heap:
 PSYoungGen      total 19968K, used 13472K [0x00000000f5b80000, 0x00000000f8280000, 0x0000000100000000)
  eden space 17408K, 64% used [0x00000000f5b80000,0x00000000f6685cf8,0x00000000f6c80000)
  from space 2560K, 85% used [0x00000000f6c80000,0x00000000f6ea2310,0x00000000f6f00000)
  to   space 2560K, 0% used [0x00000000f8000000,0x00000000f8000000,0x00000000f8280000)
 ParOldGen       total 22016K, used 5262K [0x00000000e1200000, 0x00000000e2780000, 0x00000000f5b80000)
  object space 22016K, 23% used [0x00000000e1200000,0x00000000e1723bd8,0x00000000e2780000)
 Metaspace       used 13934K, capacity 14342K, committed 14464K, reserved 1062912K
  class space    used 1759K, capacity 1863K, committed 1920K, reserved 1048576K

Card table byte_map: [0x0000019b9af70000,0x0000019b9b070000] byte_map_base: 0x0000019b9a867000

Marking Bits: (ParMarkBitMap*) 0x000000005e574e90
 Begin Bits: [0x0000019b9b120000, 0x0000019b9b8d8000)
 End Bits:   [0x0000019b9b8d8000, 0x0000019b9c090000)

Polling page: 0x0000019b8a410000

CodeCache: size=245760Kb used=4108Kb max_used=4108Kb free=241651Kb
 bounds [0x0000019b8bbb0000, 0x0000019b8bfc0000, 0x0000019b9abb0000]
 total_blobs=1499 nmethods=1177 adapters=245
 compilation: enabled

Compilation events (10 events):
Event: 11.719 Thread 0x0000019b9d2b5000 1199       3       java.lang.StringCoding::access$100 (8 bytes)
Event: 11.720 Thread 0x0000019b9d2b5000 nmethod 1199 0x0000019b8bfaca90 code [0x0000019b8bfacc20, 0x0000019b8bfad170]
Event: 11.720 Thread 0x0000019b9d2b5000 1200       3       java.lang.StringCoding::safeTrim (24 bytes)
Event: 11.721 Thread 0x0000019b9d2b5000 nmethod 1200 0x0000019b8bfac250 code [0x0000019b8bfac3e0, 0x0000019b8bfac8b0]
Event: 11.721 Thread 0x0000019b9d2b5000 1201       3       java.util.jar.Attributes::putValue (17 bytes)
Event: 11.722 Thread 0x0000019b9d2b5000 nmethod 1201 0x0000019b8bfab350 code [0x0000019b8bfab4e0, 0x0000019b8bfab900]
Event: 11.822 Thread 0x0000019b9d2b5000 1203       1       java.lang.reflect.Constructor::getConstructorAccessor (5 bytes)
Event: 11.823 Thread 0x0000019b9d2b5000 nmethod 1203 0x0000019b8bfab090 code [0x0000019b8bfab1e0, 0x0000019b8bfab2f8]
Event: 11.823 Thread 0x0000019b9d2b5000 1204       3       java.lang.reflect.Constructor::setConstructorAccessor (21 bytes)
Event: 11.824 Thread 0x0000019b9d2b5000 nmethod 1204 0x0000019b8bfaaa10 code [0x0000019b8bfaab80, 0x0000019b8bfaaf50]

GC Heap History (10 events):
Event: 8.838 GC heap before
{Heap before GC invocations=3 (full 0):
 PSYoungGen      total 9728K, used 9698K [0x00000000f5b80000, 0x00000000f6600000, 0x0000000100000000)
  eden space 8704K, 100% used [0x00000000f5b80000,0x00000000f6400000,0x00000000f6400000)
  from space 1024K, 97% used [0x00000000f6500000,0x00000000f65f8a40,0x00000000f6600000)
  to   space 1024K, 0% used [0x00000000f6400000,0x00000000f6400000,0x00000000f6500000)
 ParOldGen       total 22016K, used 1930K [0x00000000e1200000, 0x00000000e2780000, 0x00000000f5b80000)
  object space 22016K, 8% used [0x00000000e1200000,0x00000000e13e2a48,0x00000000e2780000)
 Metaspace       used 8336K, capacity 8574K, committed 8704K, reserved 1056768K
  class space    used 936K, capacity 1007K, committed 1024K, reserved 1048576K
Event: 8.846 GC heap after
Heap after GC invocations=3 (full 0):
 PSYoungGen      total 9728K, used 1013K [0x00000000f5b80000, 0x00000000f6600000, 0x0000000100000000)
  eden space 8704K, 0% used [0x00000000f5b80000,0x00000000f5b80000,0x00000000f6400000)
  from space 1024K, 98% used [0x00000000f6400000,0x00000000f64fd548,0x00000000f6500000)
  to   space 1024K, 0% used [0x00000000f6500000,0x00000000f6500000,0x00000000f6600000)
 ParOldGen       total 22016K, used 2814K [0x00000000e1200000, 0x00000000e2780000, 0x00000000f5b80000)
  object space 22016K, 12% used [0x00000000e1200000,0x00000000e14bfa38,0x00000000e2780000)
 Metaspace       used 8336K, capacity 8574K, committed 8704K, reserved 1056768K
  class space    used 936K, capacity 1007K, committed 1024K, reserved 1048576K
}
Event: 9.528 GC heap before
{Heap before GC invocations=4 (full 0):
 PSYoungGen      total 9728K, used 9717K [0x00000000f5b80000, 0x00000000f6600000, 0x0000000100000000)
  eden space 8704K, 100% used [0x00000000f5b80000,0x00000000f6400000,0x00000000f6400000)
  from space 1024K, 98% used [0x00000000f6400000,0x00000000f64fd548,0x00000000f6500000)
  to   space 1024K, 0% used [0x00000000f6500000,0x00000000f6500000,0x00000000f6600000)
 ParOldGen       total 22016K, used 2814K [0x00000000e1200000, 0x00000000e2780000, 0x00000000f5b80000)
  object space 22016K, 12% used [0x00000000e1200000,0x00000000e14bfa38,0x00000000e2780000)
 Metaspace       used 10120K, capacity 10394K, committed 10496K, reserved 1058816K
  class space    used 1125K, capacity 1225K, committed 1280K, reserved 1048576K
Event: 9.542 GC heap after
Heap after GC invocations=4 (full 0):
 PSYoungGen      total 9728K, used 994K [0x00000000f5b80000, 0x00000000f6600000, 0x0000000100000000)
  eden space 8704K, 0% used [0x00000000f5b80000,0x00000000f5b80000,0x00000000f6400000)
  from space 1024K, 97% used [0x00000000f6500000,0x00000000f65f8a40,0x00000000f6600000)
  to   space 1024K, 0% used [0x00000000f6400000,0x00000000f6400000,0x00000000f6500000)
 ParOldGen       total 22016K, used 3957K [0x00000000e1200000, 0x00000000e2780000, 0x00000000f5b80000)
  object space 22016K, 17% used [0x00000000e1200000,0x00000000e15dd618,0x00000000e2780000)
 Metaspace       used 10120K, capacity 10394K, committed 10496K, reserved 1058816K
  class space    used 1125K, capacity 1225K, committed 1280K, reserved 1048576K
}
Event: 10.144 GC heap before
{Heap before GC invocations=5 (full 0):
 PSYoungGen      total 9728K, used 9698K [0x00000000f5b80000, 0x00000000f6600000, 0x0000000100000000)
  eden space 8704K, 100% used [0x00000000f5b80000,0x00000000f6400000,0x00000000f6400000)
  from space 1024K, 97% used [0x00000000f6500000,0x00000000f65f8a40,0x00000000f6600000)
  to   space 1024K, 0% used [0x00000000f6400000,0x00000000f6400000,0x00000000f6500000)
 ParOldGen       total 22016K, used 3957K [0x00000000e1200000, 0x00000000e2780000, 0x00000000f5b80000)
  object space 22016K, 17% used [0x00000000e1200000,0x00000000e15dd618,0x00000000e2780000)
 Metaspace       used 10962K, capacity 11330K, committed 11392K, reserved 1058816K
  class space    used 1266K, capacity 1385K, committed 1408K, reserved 1048576K
Event: 10.154 GC heap after
Heap after GC invocations=5 (full 0):
 PSYoungGen      total 9728K, used 1008K [0x00000000f5b80000, 0x00000000f7180000, 0x0000000100000000)
  eden space 8704K, 0% used [0x00000000f5b80000,0x00000000f5b80000,0x00000000f6400000)
  from space 1024K, 98% used [0x00000000f6400000,0x00000000f64fc010,0x00000000f6500000)
  to   space 2560K, 0% used [0x00000000f6f00000,0x00000000f6f00000,0x00000000f7180000)
 ParOldGen       total 22016K, used 4748K [0x00000000e1200000, 0x00000000e2780000, 0x00000000f5b80000)
  object space 22016K, 21% used [0x00000000e1200000,0x00000000e16a32a8,0x00000000e2780000)
 Metaspace       used 10962K, capacity 11330K, committed 11392K, reserved 1058816K
  class space    used 1266K, capacity 1385K, committed 1408K, reserved 1048576K
}
Event: 10.689 GC heap before
{Heap before GC invocations=6 (full 0):
 PSYoungGen      total 9728K, used 9712K [0x00000000f5b80000, 0x00000000f7180000, 0x0000000100000000)
  eden space 8704K, 100% used [0x00000000f5b80000,0x00000000f6400000,0x00000000f6400000)
  from space 1024K, 98% used [0x00000000f6400000,0x00000000f64fc010,0x00000000f6500000)
  to   space 2560K, 0% used [0x00000000f6f00000,0x00000000f6f00000,0x00000000f7180000)
 ParOldGen       total 22016K, used 4748K [0x00000000e1200000, 0x00000000e2780000, 0x00000000f5b80000)
  object space 22016K, 21% used [0x00000000e1200000,0x00000000e16a32a8,0x00000000e2780000)
 Metaspace       used 11872K, capacity 12210K, committed 12288K, reserved 1060864K
  class space    used 1406K, capacity 1501K, committed 1536K, reserved 1048576K
Event: 10.698 GC heap after
Heap after GC invocations=6 (full 0):
 PSYoungGen      total 19968K, used 1775K [0x00000000f5b80000, 0x00000000f7180000, 0x0000000100000000)
  eden space 17408K, 0% used [0x00000000f5b80000,0x00000000f5b80000,0x00000000f6c80000)
  from space 2560K, 69% used [0x00000000f6f00000,0x00000000f70bbd70,0x00000000f7180000)
  to   space 2560K, 0% used [0x00000000f6c80000,0x00000000f6c80000,0x00000000f6f00000)
 ParOldGen       total 22016K, used 4756K [0x00000000e1200000, 0x00000000e2780000, 0x00000000f5b80000)
  object space 22016K, 21% used [0x00000000e1200000,0x00000000e16a52a8,0x00000000e2780000)
 Metaspace       used 11872K, capacity 12210K, committed 12288K, reserved 1060864K
  class space    used 1406K, capacity 1501K, committed 1536K, reserved 1048576K
}
Event: 11.283 GC heap before
{Heap before GC invocations=7 (full 0):
 PSYoungGen      total 19968K, used 19183K [0x00000000f5b80000, 0x00000000f7180000, 0x0000000100000000)
  eden space 17408K, 100% used [0x00000000f5b80000,0x00000000f6c80000,0x00000000f6c80000)
  from space 2560K, 69% used [0x00000000f6f00000,0x00000000f70bbd70,0x00000000f7180000)
  to   space 2560K, 0% used [0x00000000f6c80000,0x00000000f6c80000,0x00000000f6f00000)
 ParOldGen       total 22016K, used 4756K [0x00000000e1200000, 0x00000000e2780000, 0x00000000f5b80000)
  object space 22016K, 21% used [0x00000000e1200000,0x00000000e16a52a8,0x00000000e2780000)
 Metaspace       used 12980K, capacity 13366K, committed 13568K, reserved 1060864K
  class space    used 1625K, capacity 1731K, committed 1792K, reserved 1048576K
Event: 11.296 GC heap after
Heap after GC invocations=7 (full 0):
 PSYoungGen      total 19968K, used 2184K [0x00000000f5b80000, 0x00000000f8280000, 0x0000000100000000)
  eden space 17408K, 0% used [0x00000000f5b80000,0x00000000f5b80000,0x00000000f6c80000)
  from space 2560K, 85% used [0x00000000f6c80000,0x00000000f6ea2310,0x00000000f6f00000)
  to   space 2560K, 0% used [0x00000000f8000000,0x00000000f8000000,0x00000000f8280000)
 ParOldGen       total 22016K, used 5262K [0x00000000e1200000, 0x00000000e2780000, 0x00000000f5b80000)
  object space 22016K, 23% used [0x00000000e1200000,0x00000000e1723bd8,0x00000000e2780000)
 Metaspace       used 12980K, capacity 13366K, committed 13568K, reserved 1060864K
  class space    used 1625K, capacity 1731K, committed 1792K, reserved 1048576K
}

Deoptimization events (7 events):
Event: 6.001 Thread 0x0000019b8a255800 Uncommon trap: reason=unstable_if action=reinterpret pc=0x0000019b8bd869a0 method=sun.misc.URLClassPath$JarLoader.getResource(Ljava/lang/String;Z)Lsun/misc/Resource; @ 15
Event: 8.384 Thread 0x0000019b8a255800 Uncommon trap: reason=unstable_if action=reinterpret pc=0x0000019b8bd82a54 method=java.lang.String.indexOf([CII[CIII)I @ 3
Event: 8.508 Thread 0x0000019b9ea66000 Uncommon trap: reason=range_check action=make_not_entrant pc=0x0000019b8be9390c method=sun.reflect.generics.parser.SignatureParser.current()C @ 34
Event: 11.591 Thread 0x0000019b8a255800 Uncommon trap: reason=unstable_if action=reinterpret pc=0x0000019b8be9b7ac method=java.util.HashMap.getNode(ILjava/lang/Object;)Ljava/util/HashMap$Node; @ 129
Event: 11.591 Thread 0x0000019b8a255800 Uncommon trap: reason=unstable_if action=reinterpret pc=0x0000019b8bd4b1c8 method=java.util.HashMap.putVal(ILjava/lang/Object;Ljava/lang/Object;ZZ)Ljava/lang/Object; @ 193
Event: 11.591 Thread 0x0000019b8a255800 Uncommon trap: reason=unstable_if action=reinterpret pc=0x0000019b8be96b44 method=java.util.HashMap.getNode(ILjava/lang/Object;)Ljava/util/HashMap$Node; @ 129
Event: 11.608 Thread 0x0000019b9ea66000 Uncommon trap: reason=unstable_if action=reinterpret pc=0x0000019b8bf9e710 method=java.util.concurrent.ConcurrentHashMap.addCount(JI)V @ 272

Classes redefined (0 events):
No events

Internal exceptions (10 events):
Event: 8.191 Thread 0x0000019b8a255800 Exception <a 'java/lang/ArrayIndexOutOfBoundsException'> (0x00000000f5cd89a8) thrown at [C:\cygwin64\tmp\openjdk-jdk8u-windows-x64-hotspot\workspace\build\src\hotspot\src\share\vm\runtime\sharedRuntime.cpp, line 605]
Event: 8.194 Thread 0x0000019b8a255800 Exception <a 'java/lang/ArrayIndexOutOfBoundsException'> (0x00000000f5ce6cd0) thrown at [C:\cygwin64\tmp\openjdk-jdk8u-windows-x64-hotspot\workspace\build\src\hotspot\src\share\vm\runtime\sharedRuntime.cpp, line 605]
Event: 8.196 Thread 0x0000019b8a255800 Exception <a 'java/lang/ArrayIndexOutOfBoundsException'> (0x00000000f5cf0100) thrown at [C:\cygwin64\tmp\openjdk-jdk8u-windows-x64-hotspot\workspace\build\src\hotspot\src\share\vm\runtime\sharedRuntime.cpp, line 605]
Event: 8.197 Thread 0x0000019b8a255800 Exception <a 'java/lang/ArrayIndexOutOfBoundsException'> (0x00000000f5cf1ca0) thrown at [C:\cygwin64\tmp\openjdk-jdk8u-windows-x64-hotspot\workspace\build\src\hotspot\src\share\vm\runtime\sharedRuntime.cpp, line 605]
Event: 8.491 Thread 0x0000019b9ea66000 Exception <a 'java/lang/ArrayIndexOutOfBoundsException'> (0x00000000f60388d8) thrown at [C:\cygwin64\tmp\openjdk-jdk8u-windows-x64-hotspot\workspace\build\src\hotspot\src\share\vm\runtime\sharedRuntime.cpp, line 605]
Event: 8.492 Thread 0x0000019b9ea66000 Exception <a 'java/lang/ArrayIndexOutOfBoundsException'> (0x00000000f603a0c0) thrown at [C:\cygwin64\tmp\openjdk-jdk8u-windows-x64-hotspot\workspace\build\src\hotspot\src\share\vm\runtime\sharedRuntime.cpp, line 605]
Event: 8.508 Thread 0x0000019b9ea66000 Exception <a 'java/lang/ArrayIndexOutOfBoundsException': 117> (0x00000000f6082038) thrown at [C:\cygwin64\tmp\openjdk-jdk8u-windows-x64-hotspot\workspace\build\src\hotspot\src\share\vm\interpreter\interpreterRuntime.cpp, line 368]
Event: 8.515 Thread 0x0000019b8a255800 Exception <a 'java/io/FileNotFoundException'> (0x00000000f600fda8) thrown at [C:\cygwin64\tmp\openjdk-jdk8u-windows-x64-hotspot\workspace\build\src\hotspot\src\share\vm\prims\jni.cpp, line 710]
Event: 8.520 Thread 0x0000019b9ea66000 Exception <a 'java/lang/ArrayIndexOutOfBoundsException': 113> (0x00000000f60abf58) thrown at [C:\cygwin64\tmp\openjdk-jdk8u-windows-x64-hotspot\workspace\build\src\hotspot\src\share\vm\interpreter\interpreterRuntime.cpp, line 368]
Event: 9.400 Thread 0x0000019b8a255800 Exception <a 'java/lang/NoSuchMethodError': java.lang.Object.lambda$chars$0()Ljava/util/Spliterator$OfInt;> (0x00000000f6204100) thrown at [C:\cygwin64\tmp\openjdk-jdk8u-windows-x64-hotspot\workspace\build\src\hotspot\src\share\vm\interpreter\linkResolver

Events (10 events):
Event: 11.823 Thread 0x0000019b8a255800 DEOPT PACKING pc=0x0000019b8bd60f5c sp=0x00000007744fdb70
Event: 11.823 Thread 0x0000019b8a255800 DEOPT UNPACKING pc=0x0000019b8bbf71d8 sp=0x00000007744fd990 mode 1
Event: 11.825 loading class org/springframework/boot/diagnostics/analyzer/InvalidConfigurationPropertyValueFailureAnalyzer
Event: 11.825 loading class org/springframework/boot/diagnostics/analyzer/InvalidConfigurationPropertyValueFailureAnalyzer done
Event: 11.825 Thread 0x0000019b8a255800 DEOPT PACKING pc=0x0000019b8bda9e41 sp=0x00000007744fd960
Event: 11.825 Thread 0x0000019b8a255800 DEOPT UNPACKING pc=0x0000019b8bbf71d8 sp=0x00000007744fd6b0 mode 1
Event: 11.825 Thread 0x0000019b8a255800 DEOPT PACKING pc=0x0000019b8bd611cc sp=0x00000007744fd9e0
Event: 11.826 Thread 0x0000019b8a255800 DEOPT UNPACKING pc=0x0000019b8bbf71d8 sp=0x00000007744fd800 mode 1
Event: 11.826 Thread 0x0000019b8a255800 DEOPT PACKING pc=0x0000019b8bd60f5c sp=0x00000007744fdb70
Event: 11.826 Thread 0x0000019b8a255800 DEOPT UNPACKING pc=0x0000019b8bbf71d8 sp=0x00000007744fd990 mode 1


Dynamic libraries:
0x00007ff632890000 - 0x00007ff6328ca000 	C:\Users\Ada Lovelace\AppData\Local\Programs\AdoptOpenJDK\bin\java.exe
0x00007ffa14930000 - 0x00007ffa14b02000 	C:\WINDOWS\SYSTEM32\ntdll.dll
0x00007ffa14880000 - 0x00007ffa1492c000 	C:\WINDOWS\System32\KERNEL32.DLL
0x00007ffa117c0000 - 0x00007ffa119dd000 	C:\WINDOWS\System32\KERNELBASE.dll
0x00007ffa13af0000 - 0x00007ffa13b92000 	C:\WINDOWS\System32\ADVAPI32.dll
0x00007ffa11f30000 - 0x00007ffa11fce000 	C:\WINDOWS\System32\msvcrt.dll
0x00007ffa11ed0000 - 0x00007ffa11f29000 	C:\WINDOWS\System32\sechost.dll
0x00007ffa144e0000 - 0x00007ffa14601000 	C:\WINDOWS\System32\RPCRT4.dll
0x00007ffa13be0000 - 0x00007ffa13d45000 	C:\WINDOWS\System32\USER32.dll
0x00007ffa11bb0000 - 0x00007ffa11bce000 	C:\WINDOWS\System32\win32u.dll
0x00007ffa13ba0000 - 0x00007ffa13bd4000 	C:\WINDOWS\System32\GDI32.dll
0x00007ffa119e0000 - 0x00007ffa11b60000 	C:\WINDOWS\System32\gdi32full.dll
0x00007ffa06910000 - 0x00007ffa06b8a000 	C:\WINDOWS\WinSxS\amd64_microsoft.windows.common-controls_6595b64144ccf1df_6.0.14393.953_none_42151e83c686086b\COMCTL32.dll
0x00007ffa13f30000 - 0x00007ffa141f8000 	C:\WINDOWS\System32\combase.dll
0x00007ffa116c0000 - 0x00007ffa117b5000 	C:\WINDOWS\System32\ucrtbase.dll
0x00007ffa11da0000 - 0x00007ffa11e0a000 	C:\WINDOWS\System32\bcryptPrimitives.dll
0x00007ffa13ac0000 - 0x00007ffa13aee000 	C:\WINDOWS\System32\IMM32.DLL
0x00007ff9fca50000 - 0x00007ff9fcb3f000 	C:\Users\Ada Lovelace\AppData\Local\Programs\AdoptOpenJDK\jre\bin\msvcr120.dll
0x00007ff9f5ba0000 - 0x00007ff9f5c46000 	C:\Users\Ada Lovelace\AppData\Local\Programs\AdoptOpenJDK\jre\bin\msvcp120.dll
0x000000005ddf0000 - 0x000000005e5ee000 	C:\Users\Ada Lovelace\AppData\Local\Programs\AdoptOpenJDK\jre\bin\server\jvm.dll
0x00007ffa13910000 - 0x00007ffa13918000 	C:\WINDOWS\System32\PSAPI.DLL
0x00007ffa024d0000 - 0x00007ffa024d9000 	C:\WINDOWS\SYSTEM32\WSOCK32.dll
0x00007ffa0f2e0000 - 0x00007ffa0f303000 	C:\WINDOWS\SYSTEM32\WINMM.dll
0x00007ffa139e0000 - 0x00007ffa13a4a000 	C:\WINDOWS\System32\WS2_32.dll
0x00007ffa03590000 - 0x00007ffa0359a000 	C:\WINDOWS\SYSTEM32\VERSION.dll
0x0000019b8a440000 - 0x0000019b8a46b000 	C:\WINDOWS\SYSTEM32\WINMMBASE.dll
0x00007ffa11b60000 - 0x00007ffa11ba2000 	C:\WINDOWS\System32\cfgmgr32.dll
0x00007ffa0e4c0000 - 0x00007ffa0e4cf000 	C:\Users\Ada Lovelace\AppData\Local\Programs\AdoptOpenJDK\jre\bin\verify.dll
0x00007ffa086b0000 - 0x00007ffa086d8000 	C:\Users\Ada Lovelace\AppData\Local\Programs\AdoptOpenJDK\jre\bin\java.dll
0x00007ff9fe460000 - 0x00007ff9fe495000 	C:\Users\Ada Lovelace\AppData\Local\Programs\AdoptOpenJDK\jre\bin\jdwp.dll
0x00007ffa0a420000 - 0x00007ffa0a428000 	C:\Users\Ada Lovelace\AppData\Local\Programs\AdoptOpenJDK\jre\bin\npt.dll
0x00007ffa0a6f0000 - 0x00007ffa0a706000 	C:\Users\Ada Lovelace\AppData\Local\Programs\AdoptOpenJDK\jre\bin\zip.dll
0x00007ffa11fd0000 - 0x00007ffa134d9000 	C:\WINDOWS\System32\SHELL32.dll
0x00007ffa10e30000 - 0x00007ffa11509000 	C:\WINDOWS\System32\windows.storage.dll
0x00007ffa10dd0000 - 0x00007ffa10e1c000 	C:\WINDOWS\System32\powrprof.dll
0x00007ffa13920000 - 0x00007ffa13972000 	C:\WINDOWS\System32\shlwapi.dll
0x00007ffa10da0000 - 0x00007ffa10daf000 	C:\WINDOWS\System32\kernel.appcore.dll
0x00007ffa11610000 - 0x00007ffa116b9000 	C:\WINDOWS\System32\shcore.dll
0x00007ffa10db0000 - 0x00007ffa10dc4000 	C:\WINDOWS\System32\profapi.dll
0x00007ffa0a2a0000 - 0x00007ffa0a2a9000 	C:\Users\Ada Lovelace\AppData\Local\Programs\AdoptOpenJDK\jre\bin\dt_socket.dll
0x00007ff9febc0000 - 0x00007ff9febd6000 	C:\WINDOWS\system32\napinsp.dll
0x00007ff9feba0000 - 0x00007ff9febba000 	C:\WINDOWS\system32\pnrpnsp.dll
0x00007ffa0e550000 - 0x00007ffa0e568000 	C:\WINDOWS\system32\NLAapi.dll
0x00007ffa10670000 - 0x00007ffa106cc000 	C:\WINDOWS\System32\mswsock.dll
0x00007ffa10430000 - 0x00007ffa104d1000 	C:\WINDOWS\SYSTEM32\DNSAPI.dll
0x00007ffa11ec0000 - 0x00007ffa11ec8000 	C:\WINDOWS\System32\NSI.dll
0x00007ffa103f0000 - 0x00007ffa10428000 	C:\WINDOWS\SYSTEM32\IPHLPAPI.DLL
0x00007ff9ff520000 - 0x00007ff9ff52e000 	C:\WINDOWS\System32\winrnr.dll
0x00007ffa0ab10000 - 0x00007ffa0ab25000 	C:\WINDOWS\System32\wshbth.dll
0x00007ffa04500000 - 0x00007ffa0456a000 	C:\WINDOWS\System32\fwpuclnt.dll
0x00007ffa10ce0000 - 0x00007ffa10d0b000 	C:\WINDOWS\SYSTEM32\bcrypt.dll
0x00007ffa00d50000 - 0x00007ffa00d5a000 	C:\Windows\System32\rasadhlp.dll
0x00007ffa0b030000 - 0x00007ffa0b03d000 	C:\Users\Ada Lovelace\AppData\Local\Programs\AdoptOpenJDK\jre\bin\management.dll
0x00007ffa0a450000 - 0x00007ffa0a46a000 	C:\Users\Ada Lovelace\AppData\Local\Programs\AdoptOpenJDK\jre\bin\net.dll
0x00007ff9ffd20000 - 0x00007ff9ffee2000 	C:\WINDOWS\SYSTEM32\urlmon.dll
0x00007ffa07a80000 - 0x00007ffa07d25000 	C:\WINDOWS\SYSTEM32\iertutil.dll

VM Arguments:
jvm_args: -agentlib:jdwp=transport=dt_socket,server=n,suspend=y,address=localhost:54794 -Dfile.encoding=UTF-8 
java_command: ar.com.ada.api.billeteravirtual.DemoApplication
java_class_path (initial): C:\Users\ADALOV~1\AppData\Local\Temp\cp_e1miq7agnk3fxbh439fjgq75v.jar
Launcher Type: SUN_STANDARD

Environment Variables:
JAVA_HOME=C:\Users\Ada Lovelace\AppData\Local\Programs\AdoptOpenJDK\
PATH=C:\Program Files (x86)\Intel\TXE Components\iCLS\;C:\Program Files\Intel\TXE Components\iCLS\;C:\WINDOWS\system32;C:\WINDOWS;C:\WINDOWS\System32\Wbem;C:\WINDOWS\System32\WindowsPowerShell\v1.0\;C:\Users\Administrator\AppData\Local\Microsoft\WindowsApps;C:\Recovery\OEM\Backup\;C:\Program Files\Intel\TXE Components\DAL\;C:\Program Files (x86)\Intel\TXE Components\DAL\;C:\Program Files\Intel\TXE Components\IPT\;C:\Program Files (x86)\Intel\TXE Components\IPT\;C:\Program Files\Intel\WiFi\bin\;C:\Program Files\Common Files\Intel\WirelessCommon\;C:\WINDOWS\system32;C:\WINDOWS;C:\WINDOWS\System32\Wbem;C:\WINDOWS\System32\WindowsPowerShell\v1.0\;C:\Program Files\Git\cmd;C:\Users\Ada Lovelace\AppData\Local\Programs\AdoptOpenJDK\bin;C:\Users\Ada Lovelace\AppData\Local\Microsoft\WindowsApps;C:\Users\Ada Lovelace\AppData\Local\GitHubDesktop\bin;C:\Users\Ada Lovelace\AppData\Local\Programs\Microsoft VS Code\bin
USERNAME=Ada Lovelace
OS=Windows_NT
PROCESSOR_IDENTIFIER=Intel64 Family 6 Model 76 Stepping 4, GenuineIntel



---------------  S Y S T E M  ---------------

OS: Windows 10.0 , 64 bit Build 14393 (10.0.14393.2189)

CPU:total 4 (initial active 4) (4 cores per cpu, 1 threads per core) family 6 model 76 stepping 4, cmov, cx8, fxsr, mmx, sse, sse2, sse3, ssse3, sse4.1, sse4.2, popcnt, aes, clmul, erms, 3dnowpref, tsc, tscinvbit

Memory: 4k page, physical 2019428k(62520k free), swap 5759840k(5532k free)

vm_info: OpenJDK 64-Bit Server VM (25.222-b10) for windows-amd64 JRE (1.8.0_222-b10), built on Jul 17 2019 08:11:33 by "jenkins" with MS VC++ 12.0 (VS2013)

time: Wed Oct 30 12:13:18 2019
timezone: Hora estándar de Argentina
elapsed time: 11 seconds (0d 0h 0m 11s)

