#
# There is insufficient memory for the Java Runtime Environment to continue.
# Native memory allocation (malloc) failed to allocate 32744 bytes for ChunkPool::allocate
# Possible reasons:
#   The system is out of physical RAM or swap space
#   The process is running with CompressedOops enabled, and the Java Heap may be blocking the growth of the native heap
# Possible solutions:
#   Reduce memory load on the system
#   Increase physical memory or swap space
#   Check if swap backing store is full
#   Decrease Java heap size (-Xmx/-Xms)
#   Decrease number of Java threads
#   Decrease Java thread stack sizes (-Xss)
#   Set larger code cache with -XX:ReservedCodeCacheSize=
#   JVM is running with Unscaled Compressed Oops mode in which the Java heap is
#     placed in the first 4GB address space. The Java Heap base address is the
#     maximum limit for the native heap growth. Please use -XX:HeapBaseMinAddress
#     to set the Java Heap base and to place the Java Heap above 4GB virtual address.
# This output file may be truncated or incomplete.
#
#  Out of Memory Error (allocation.cpp:272), pid=2984, tid=0x0000000000001a38
#
# JRE version: OpenJDK Runtime Environment (8.0_222-b10) (build 1.8.0_222-b10)
# Java VM: OpenJDK 64-Bit Server VM (25.222-b10 mixed mode windows-amd64 compressed oops)
# Failed to write core dump. Minidumps are not enabled by default on client versions of Windows
#

---------------  T H R E A D  ---------------

Current thread (0x000001c0309c5000):  JavaThread "C2 CompilerThread0" daemon [_thread_in_native, id=6712, stack(0x000000363a600000,0x000000363a700000)]

Stack: [0x000000363a600000,0x000000363a700000]
[error occurred during error reporting (printing stack bounds), id 0xc0000005]

Native frames: (J=compiled Java code, j=interpreted, Vv=VM code, C=native code)


Current CompileTask:
C2:  11514 1039       4       java.io.DataOutputStream::writeShort (35 bytes)


---------------  P R O C E S S  ---------------

Java Threads: ( => current thread )
  0x000001c030a2b800 JavaThread "Service Thread" daemon [_thread_blocked, id=7044, stack(0x000000363a900000,0x000000363aa00000)]
  0x000001c030a28000 JavaThread "C1 CompilerThread2" daemon [_thread_blocked, id=3400, stack(0x000000363a800000,0x000000363a900000)]
  0x000001c0309c8000 JavaThread "C2 CompilerThread1" daemon [_thread_blocked, id=2280, stack(0x000000363a700000,0x000000363a800000)]
=>0x000001c0309c5000 JavaThread "C2 CompilerThread0" daemon [_thread_in_native, id=6712, stack(0x000000363a600000,0x000000363a700000)]
  0x000001c0309bd800 JavaThread "Attach Listener" daemon [_thread_blocked, id=5332, stack(0x000000363a500000,0x000000363a600000)]
  0x000001c0309ba800 JavaThread "Signal Dispatcher" daemon [_thread_blocked, id=7720, stack(0x000000363a400000,0x000000363a500000)]
  0x000001c030279800 JavaThread "Finalizer" daemon [_thread_blocked, id=776, stack(0x000000363a300000,0x000000363a400000)]
  0x000001c0309a5800 JavaThread "Reference Handler" daemon [_thread_blocked, id=224, stack(0x000000363a200000,0x000000363a300000)]
  0x000001c01db83000 JavaThread "main" [_thread_in_Java, id=9084, stack(0x0000003639c00000,0x0000003639d00000)]

Other Threads:
  0x000001c030983800 VMThread [stack: 0x000000363a100000,0x000000363a200000] [id=6220]
  0x000001c030a2d000 WatcherThread [stack: 0x000000363aa00000,0x000000363ab00000] [id=6168]

VM state:not at safepoint (normal execution)

VM Mutex/Monitor currently owned by a thread: None

heap address: 0x00000000e1200000, size: 494 MB, Compressed Oops mode: 32-bit
Narrow klass base: 0x0000000000000000, Narrow klass shift: 3
Compressed class space size: 1073741824 Address: 0x0000000100000000

Heap:
 PSYoungGen      total 11776K, used 9246K [0x00000000f5b80000, 0x00000000f7280000, 0x0000000100000000)
  eden space 8704K, 78% used [0x00000000f5b80000,0x00000000f6229538,0x00000000f6400000)
  from space 3072K, 78% used [0x00000000f6700000,0x00000000f695e588,0x00000000f6a00000)
  to   space 3072K, 0% used [0x00000000f6400000,0x00000000f6400000,0x00000000f6700000)
 ParOldGen       total 22016K, used 6236K [0x00000000e1200000, 0x00000000e2780000, 0x00000000f5b80000)
  object space 22016K, 28% used [0x00000000e1200000,0x00000000e18173c8,0x00000000e2780000)
 Metaspace       used 11217K, capacity 11418K, committed 11776K, reserved 1058816K
  class space    used 1350K, capacity 1417K, committed 1536K, reserved 1048576K

Card table byte_map: [0x000001c02e760000,0x000001c02e860000] byte_map_base: 0x000001c02e057000

Marking Bits: (ParMarkBitMap*) 0x00000000727d4e90
 Begin Bits: [0x000001c02e910000, 0x000001c02f0c8000)
 End Bits:   [0x000001c02f0c8000, 0x000001c02f880000)

Polling page: 0x000001c01db30000

CodeCache: size=245760Kb used=4179Kb max_used=4179Kb free=241580Kb
 bounds [0x000001c01f3a0000, 0x000001c01f7c0000, 0x000001c02e3a0000]
 total_blobs=1368 nmethods=1049 adapters=232
 compilation: enabled

Compilation events (10 events):
Event: 11.318 Thread 0x000001c030a28000 1034       3       com.google.common.collect.ImmutableCollection$ArrayBasedBuilder::add (34 bytes)
Event: 11.319 Thread 0x000001c030a28000 nmethod 1034 0x000001c01f7aa690 code [0x000001c01f7aa820, 0x000001c01f7aac80]
Event: 11.319 Thread 0x000001c030a28000 1035       3       java.util.LinkedHashMap$LinkedHashIterator::<init> (31 bytes)
Event: 11.319 Thread 0x000001c030a28000 nmethod 1035 0x000001c01f7aae50 code [0x000001c01f7aafc0, 0x000001c01f7ab1b8]
Event: 11.359 Thread 0x000001c030a28000 1037   !   3       sun.reflect.UTF8::encode (191 bytes)
Event: 11.362 Thread 0x000001c030a28000 nmethod 1037 0x000001c01f7ab290 code [0x000001c01f7ab460, 0x000001c01f7abd50]
Event: 11.364 Thread 0x000001c030a28000 1038       3       java.util.HashMap$ValueIterator::next (8 bytes)
Event: 11.364 Thread 0x000001c0309c5000 1039       4       java.io.DataOutputStream::writeShort (35 bytes)
Event: 11.365 Thread 0x000001c030a28000 nmethod 1038 0x000001c01f7ac310 code [0x000001c01f7ac480, 0x000001c01f7ac690]
Event: 11.416 Thread 0x000001c030a28000 1040   !   3       java.lang.reflect.Proxy::newProxyInstance (174 bytes)

GC Heap History (10 events):
Event: 6.603 GC heap before
{Heap before GC invocations=2 (full 0):
 PSYoungGen      total 9728K, used 9696K [0x00000000f5b80000, 0x00000000f6600000, 0x0000000100000000)
  eden space 8704K, 100% used [0x00000000f5b80000,0x00000000f6400000,0x00000000f6400000)
  from space 1024K, 96% used [0x00000000f6400000,0x00000000f64f8020,0x00000000f6500000)
  to   space 1024K, 0% used [0x00000000f6500000,0x00000000f6500000,0x00000000f6600000)
 ParOldGen       total 22016K, used 1227K [0x00000000e1200000, 0x00000000e2780000, 0x00000000f5b80000)
  object space 22016K, 5% used [0x00000000e1200000,0x00000000e1332ec0,0x00000000e2780000)
 Metaspace       used 7336K, capacity 7528K, committed 7552K, reserved 1056768K
  class space    used 833K, capacity 892K, committed 896K, reserved 1048576K
Event: 6.616 GC heap after
Heap after GC invocations=2 (full 0):
 PSYoungGen      total 9728K, used 1010K [0x00000000f5b80000, 0x00000000f6600000, 0x0000000100000000)
  eden space 8704K, 0% used [0x00000000f5b80000,0x00000000f5b80000,0x00000000f6400000)
  from space 1024K, 98% used [0x00000000f6500000,0x00000000f65fcb70,0x00000000f6600000)
  to   space 1024K, 0% used [0x00000000f6400000,0x00000000f6400000,0x00000000f6500000)
 ParOldGen       total 22016K, used 2867K [0x00000000e1200000, 0x00000000e2780000, 0x00000000f5b80000)
  object space 22016K, 13% used [0x00000000e1200000,0x00000000e14cce58,0x00000000e2780000)
 Metaspace       used 7336K, capacity 7528K, committed 7552K, reserved 1056768K
  class space    used 833K, capacity 892K, committed 896K, reserved 1048576K
}
Event: 7.500 GC heap before
{Heap before GC invocations=3 (full 0):
 PSYoungGen      total 9728K, used 9714K [0x00000000f5b80000, 0x00000000f6600000, 0x0000000100000000)
  eden space 8704K, 100% used [0x00000000f5b80000,0x00000000f6400000,0x00000000f6400000)
  from space 1024K, 98% used [0x00000000f6500000,0x00000000f65fcb70,0x00000000f6600000)
  to   space 1024K, 0% used [0x00000000f6400000,0x00000000f6400000,0x00000000f6500000)
 ParOldGen       total 22016K, used 2867K [0x00000000e1200000, 0x00000000e2780000, 0x00000000f5b80000)
  object space 22016K, 13% used [0x00000000e1200000,0x00000000e14cce58,0x00000000e2780000)
 Metaspace       used 7878K, capacity 8072K, committed 8192K, reserved 1056768K
  class space    used 925K, capacity 988K, committed 1024K, reserved 1048576K
Event: 7.509 GC heap after
Heap after GC invocations=3 (full 0):
 PSYoungGen      total 9728K, used 1024K [0x00000000f5b80000, 0x00000000f6600000, 0x0000000100000000)
  eden space 8704K, 0% used [0x00000000f5b80000,0x00000000f5b80000,0x00000000f6400000)
  from space 1024K, 100% used [0x00000000f6400000,0x00000000f6500000,0x00000000f6500000)
  to   space 1024K, 0% used [0x00000000f6500000,0x00000000f6500000,0x00000000f6600000)
 ParOldGen       total 22016K, used 3707K [0x00000000e1200000, 0x00000000e2780000, 0x00000000f5b80000)
  object space 22016K, 16% used [0x00000000e1200000,0x00000000e159ecd8,0x00000000e2780000)
 Metaspace       used 7878K, capacity 8072K, committed 8192K, reserved 1056768K
  class space    used 925K, capacity 988K, committed 1024K, reserved 1048576K
}
Event: 8.246 GC heap before
{Heap before GC invocations=4 (full 0):
 PSYoungGen      total 9728K, used 9728K [0x00000000f5b80000, 0x00000000f6600000, 0x0000000100000000)
  eden space 8704K, 100% used [0x00000000f5b80000,0x00000000f6400000,0x00000000f6400000)
  from space 1024K, 100% used [0x00000000f6400000,0x00000000f6500000,0x00000000f6500000)
  to   space 1024K, 0% used [0x00000000f6500000,0x00000000f6500000,0x00000000f6600000)
 ParOldGen       total 22016K, used 3707K [0x00000000e1200000, 0x00000000e2780000, 0x00000000f5b80000)
  object space 22016K, 16% used [0x00000000e1200000,0x00000000e159ecd8,0x00000000e2780000)
 Metaspace       used 8598K, capacity 8788K, committed 9088K, reserved 1056768K
  class space    used 1013K, capacity 1054K, committed 1152K, reserved 1048576K
Event: 8.260 GC heap after
Heap after GC invocations=4 (full 0):
 PSYoungGen      total 9728K, used 1024K [0x00000000f5b80000, 0x00000000f6600000, 0x0000000100000000)
  eden space 8704K, 0% used [0x00000000f5b80000,0x00000000f5b80000,0x00000000f6400000)
  from space 1024K, 100% used [0x00000000f6500000,0x00000000f6600000,0x00000000f6600000)
  to   space 1024K, 0% used [0x00000000f6400000,0x00000000f6400000,0x00000000f6500000)
 ParOldGen       total 22016K, used 4832K [0x00000000e1200000, 0x00000000e2780000, 0x00000000f5b80000)
  object space 22016K, 21% used [0x00000000e1200000,0x00000000e16b8268,0x00000000e2780000)
 Metaspace       used 8598K, capacity 8788K, committed 9088K, reserved 1056768K
  class space    used 1013K, capacity 1054K, committed 1152K, reserved 1048576K
}
Event: 9.105 GC heap before
{Heap before GC invocations=5 (full 0):
 PSYoungGen      total 9728K, used 9728K [0x00000000f5b80000, 0x00000000f6600000, 0x0000000100000000)
  eden space 8704K, 100% used [0x00000000f5b80000,0x00000000f6400000,0x00000000f6400000)
  from space 1024K, 100% used [0x00000000f6500000,0x00000000f6600000,0x00000000f6600000)
  to   space 1024K, 0% used [0x00000000f6400000,0x00000000f6400000,0x00000000f6500000)
 ParOldGen       total 22016K, used 4832K [0x00000000e1200000, 0x00000000e2780000, 0x00000000f5b80000)
  object space 22016K, 21% used [0x00000000e1200000,0x00000000e16b8268,0x00000000e2780000)
 Metaspace       used 9249K, capacity 9466K, committed 9600K, reserved 1058816K
  class space    used 1098K, capacity 1151K, committed 1152K, reserved 1048576K
Event: 9.115 GC heap after
Heap after GC invocations=5 (full 0):
 PSYoungGen      total 9728K, used 1008K [0x00000000f5b80000, 0x00000000f6a00000, 0x0000000100000000)
  eden space 8704K, 0% used [0x00000000f5b80000,0x00000000f5b80000,0x00000000f6400000)
  from space 1024K, 98% used [0x00000000f6400000,0x00000000f64fc010,0x00000000f6500000)
  to   space 3072K, 0% used [0x00000000f6700000,0x00000000f6700000,0x00000000f6a00000)
 ParOldGen       total 22016K, used 6236K [0x00000000e1200000, 0x00000000e2780000, 0x00000000f5b80000)
  object space 22016K, 28% used [0x00000000e1200000,0x00000000e18173c8,0x00000000e2780000)
 Metaspace       used 9249K, capacity 9466K, committed 9600K, reserved 1058816K
  class space    used 1098K, capacity 1151K, committed 1152K, reserved 1048576K
}
Event: 9.928 GC heap before
{Heap before GC invocations=6 (full 0):
 PSYoungGen      total 9728K, used 9712K [0x00000000f5b80000, 0x00000000f6a00000, 0x0000000100000000)
  eden space 8704K, 100% used [0x00000000f5b80000,0x00000000f6400000,0x00000000f6400000)
  from space 1024K, 98% used [0x00000000f6400000,0x00000000f64fc010,0x00000000f6500000)
  to   space 3072K, 0% used [0x00000000f6700000,0x00000000f6700000,0x00000000f6a00000)
 ParOldGen       total 22016K, used 6236K [0x00000000e1200000, 0x00000000e2780000, 0x00000000f5b80000)
  object space 22016K, 28% used [0x00000000e1200000,0x00000000e18173c8,0x00000000e2780000)
 Metaspace       used 10417K, capacity 10604K, committed 10880K, reserved 1058816K
  class space    used 1245K, capacity 1320K, committed 1408K, reserved 1048576K
Event: 9.968 GC heap after
Heap after GC invocations=6 (full 0):
 PSYoungGen      total 11776K, used 2425K [0x00000000f5b80000, 0x00000000f7280000, 0x0000000100000000)
  eden space 8704K, 0% used [0x00000000f5b80000,0x00000000f5b80000,0x00000000f6400000)
  from space 3072K, 78% used [0x00000000f6700000,0x00000000f695e588,0x00000000f6a00000)
  to   space 3072K, 0% used [0x00000000f6400000,0x00000000f6400000,0x00000000f6700000)
 ParOldGen       total 22016K, used 6236K [0x00000000e1200000, 0x00000000e2780000, 0x00000000f5b80000)
  object space 22016K, 28% used [0x00000000e1200000,0x00000000e18173c8,0x00000000e2780000)
 Metaspace       used 10417K, capacity 10604K, committed 10880K, reserved 1058816K
  class space    used 1245K, capacity 1320K, committed 1408K, reserved 1048576K
}

Deoptimization events (10 events):
Event: 3.345 Thread 0x000001c01db83000 Uncommon trap: reason=unstable_if action=reinterpret pc=0x000001c01f571064 method=org.codehaus.plexus.util.xml.pull.MXParser.more()C @ 8
Event: 4.735 Thread 0x000001c01db83000 Uncommon trap: reason=unstable_if action=reinterpret pc=0x000001c01f51e380 method=java.lang.String.indexOf([CII[CIII)I @ 3
Event: 7.215 Thread 0x000001c01db83000 Uncommon trap: reason=unstable_if action=reinterpret pc=0x000001c01f64f22c method=java.nio.charset.CoderResult.isOverflow()Z @ 5
Event: 7.298 Thread 0x000001c01db83000 Uncommon trap: reason=unstable_if action=reinterpret pc=0x000001c01f652980 method=java.io.Reader.read()I @ 12
Event: 7.333 Thread 0x000001c01db83000 Uncommon trap: reason=unstable_if action=reinterpret pc=0x000001c01f657b2c method=java.nio.charset.CoderResult.isOverflow()Z @ 5
Event: 7.582 Thread 0x000001c01db83000 Uncommon trap: reason=unstable_if action=reinterpret pc=0x000001c01f6876c0 method=org.codehaus.plexus.util.xml.pull.MXParser.nextImpl()I @ 241
Event: 7.896 Thread 0x000001c01db83000 Uncommon trap: reason=unstable_if action=reinterpret pc=0x000001c01f61d440 method=java.util.HashMap.getNode(ILjava/lang/Object;)Ljava/util/HashMap$Node; @ 129
Event: 7.897 Thread 0x000001c01db83000 Uncommon trap: reason=unstable_if action=reinterpret pc=0x000001c01f6177bc method=java.util.HashMap.getNode(ILjava/lang/Object;)Ljava/util/HashMap$Node; @ 129
Event: 7.952 Thread 0x000001c01db83000 Uncommon trap: reason=range_check action=make_not_entrant pc=0x000001c01f66fca0 method=sun.reflect.generics.parser.SignatureParser.current()C @ 34
Event: 8.848 Thread 0x000001c01db83000 Uncommon trap: reason=bimorphic action=maybe_recompile pc=0x000001c01f72316c method=java.util.HashMap.putVal(ILjava/lang/Object;Ljava/lang/Object;ZZ)Ljava/lang/Object; @ 203

Classes redefined (0 events):
No events

Internal exceptions (10 events):
Event: 2.062 Thread 0x000001c01db83000 Exception <a 'java/security/PrivilegedActionException'> (0x00000000f5f20d88) thrown at [C:\cygwin64\tmp\openjdk-jdk8u-windows-x64-hotspot\workspace\build\src\hotspot\src\share\vm\prims\jvm.cpp, line 1502]
Event: 2.062 Thread 0x000001c01db83000 Exception <a 'java/security/PrivilegedActionException'> (0x00000000f5f20f98) thrown at [C:\cygwin64\tmp\openjdk-jdk8u-windows-x64-hotspot\workspace\build\src\hotspot\src\share\vm\prims\jvm.cpp, line 1502]
Event: 2.063 Thread 0x000001c01db83000 Exception <a 'java/security/PrivilegedActionException'> (0x00000000f5f22840) thrown at [C:\cygwin64\tmp\openjdk-jdk8u-windows-x64-hotspot\workspace\build\src\hotspot\src\share\vm\prims\jvm.cpp, line 1502]
Event: 2.063 Thread 0x000001c01db83000 Exception <a 'java/security/PrivilegedActionException'> (0x00000000f5f22a50) thrown at [C:\cygwin64\tmp\openjdk-jdk8u-windows-x64-hotspot\workspace\build\src\hotspot\src\share\vm\prims\jvm.cpp, line 1502]
Event: 6.818 Thread 0x000001c01db83000 Exception <a 'java/lang/ArrayIndexOutOfBoundsException'> (0x00000000f5c98c98) thrown at [C:\cygwin64\tmp\openjdk-jdk8u-windows-x64-hotspot\workspace\build\src\hotspot\src\share\vm\runtime\sharedRuntime.cpp, line 605]
Event: 6.836 Thread 0x000001c01db83000 Exception <a 'java/lang/ArrayIndexOutOfBoundsException'> (0x00000000f5cb4340) thrown at [C:\cygwin64\tmp\openjdk-jdk8u-windows-x64-hotspot\workspace\build\src\hotspot\src\share\vm\runtime\sharedRuntime.cpp, line 605]
Event: 6.924 Thread 0x000001c01db83000 Exception <a 'java/lang/ArrayIndexOutOfBoundsException'> (0x00000000f5cf5cd8) thrown at [C:\cygwin64\tmp\openjdk-jdk8u-windows-x64-hotspot\workspace\build\src\hotspot\src\share\vm\runtime\sharedRuntime.cpp, line 605]
Event: 7.627 Thread 0x000001c01db83000 Exception <a 'java/lang/ArrayIndexOutOfBoundsException'> (0x00000000f5dd24f8) thrown at [C:\cygwin64\tmp\openjdk-jdk8u-windows-x64-hotspot\workspace\build\src\hotspot\src\share\vm\runtime\sharedRuntime.cpp, line 605]
Event: 7.631 Thread 0x000001c01db83000 Exception <a 'java/lang/ArrayIndexOutOfBoundsException'> (0x00000000f5dd40d0) thrown at [C:\cygwin64\tmp\openjdk-jdk8u-windows-x64-hotspot\workspace\build\src\hotspot\src\share\vm\runtime\sharedRuntime.cpp, line 605]
Event: 7.952 Thread 0x000001c01db83000 Exception <a 'java/lang/ArrayIndexOutOfBoundsException': 66> (0x00000000f60cbe48) thrown at [C:\cygwin64\tmp\openjdk-jdk8u-windows-x64-hotspot\workspace\build\src\hotspot\src\share\vm\interpreter\interpreterRuntime.cpp, line 368]

Events (10 events):
Event: 11.337 loading class org/eclipse/aether/resolution/ResolutionErrorPolicy
Event: 11.338 loading class org/eclipse/aether/resolution/ResolutionErrorPolicy done
Event: 11.340 loading class org/eclipse/aether/repository/MirrorSelector
Event: 11.340 loading class org/eclipse/aether/repository/MirrorSelector done
Event: 11.342 loading class org/eclipse/aether/repository/ProxySelector
Event: 11.342 loading class org/eclipse/aether/repository/ProxySelector done
Event: 11.348 loading class org/eclipse/aether/repository/AuthenticationSelector
Event: 11.348 loading class org/eclipse/aether/repository/AuthenticationSelector done
Event: 11.361 loading class org/eclipse/sisu/Nullable
Event: 11.361 loading class org/eclipse/sisu/Nullable done


Dynamic libraries:
0x00007ff7b8420000 - 0x00007ff7b845a000 	C:\Users\Ada Lovelace\AppData\Local\Programs\AdoptOpenJDK\bin\java.exe
0x00007ffaf2ee0000 - 0x00007ffaf30b2000 	C:\WINDOWS\SYSTEM32\ntdll.dll
0x00007ffaf2750000 - 0x00007ffaf27fc000 	C:\WINDOWS\System32\KERNEL32.DLL
0x00007ffaef490000 - 0x00007ffaef6ad000 	C:\WINDOWS\System32\KERNELBASE.dll
0x00007ffaf2440000 - 0x00007ffaf24e2000 	C:\WINDOWS\System32\ADVAPI32.dll
0x00007ffaf1e20000 - 0x00007ffaf1ebe000 	C:\WINDOWS\System32\msvcrt.dll
0x00007ffaf24f0000 - 0x00007ffaf2549000 	C:\WINDOWS\System32\sechost.dll
0x00007ffaf2840000 - 0x00007ffaf2961000 	C:\WINDOWS\System32\RPCRT4.dll
0x00007ffaf22d0000 - 0x00007ffaf2435000 	C:\WINDOWS\System32\USER32.dll
0x00007ffaef820000 - 0x00007ffaef83e000 	C:\WINDOWS\System32\win32u.dll
0x00007ffaf2800000 - 0x00007ffaf2834000 	C:\WINDOWS\System32\GDI32.dll
0x00007ffaf0240000 - 0x00007ffaf03c0000 	C:\WINDOWS\System32\gdi32full.dll
0x00007ffae49a0000 - 0x00007ffae4c1a000 	C:\WINDOWS\WinSxS\amd64_microsoft.windows.common-controls_6595b64144ccf1df_6.0.14393.953_none_42151e83c686086b\COMCTL32.dll
0x00007ffaf1a10000 - 0x00007ffaf1cd8000 	C:\WINDOWS\System32\combase.dll
0x00007ffaeff20000 - 0x00007ffaf0015000 	C:\WINDOWS\System32\ucrtbase.dll
0x00007ffaef6b0000 - 0x00007ffaef71a000 	C:\WINDOWS\System32\bcryptPrimitives.dll
0x00007ffaf2550000 - 0x00007ffaf257e000 	C:\WINDOWS\System32\IMM32.DLL
0x00007ffaccd00000 - 0x00007ffaccdef000 	C:\Users\Ada Lovelace\AppData\Local\Programs\AdoptOpenJDK\jre\bin\msvcr120.dll
0x00007ffaccc50000 - 0x00007ffacccf6000 	C:\Users\Ada Lovelace\AppData\Local\Programs\AdoptOpenJDK\jre\bin\msvcp120.dll
0x0000000072050000 - 0x000000007284e000 	C:\Users\Ada Lovelace\AppData\Local\Programs\AdoptOpenJDK\jre\bin\server\jvm.dll
0x00007ffaf19a0000 - 0x00007ffaf19a8000 	C:\WINDOWS\System32\PSAPI.DLL
0x00007ffae0bd0000 - 0x00007ffae0bd9000 	C:\WINDOWS\SYSTEM32\WSOCK32.dll
0x00007ffaf1d50000 - 0x00007ffaf1dba000 	C:\WINDOWS\System32\WS2_32.dll
0x00007ffaed890000 - 0x00007ffaed8b3000 	C:\WINDOWS\SYSTEM32\WINMM.dll
0x00007ffae2550000 - 0x00007ffae255a000 	C:\WINDOWS\SYSTEM32\VERSION.dll
0x00007ffaed830000 - 0x00007ffaed85b000 	C:\WINDOWS\SYSTEM32\WINMMBASE.dll
0x00007ffaf01f0000 - 0x00007ffaf0232000 	C:\WINDOWS\System32\cfgmgr32.dll
0x00007ffae6b10000 - 0x00007ffae6b1f000 	C:\Users\Ada Lovelace\AppData\Local\Programs\AdoptOpenJDK\jre\bin\verify.dll
0x00007ffacecb0000 - 0x00007ffacecd8000 	C:\Users\Ada Lovelace\AppData\Local\Programs\AdoptOpenJDK\jre\bin\java.dll
0x00007ffacf0a0000 - 0x00007ffacf0b6000 	C:\Users\Ada Lovelace\AppData\Local\Programs\AdoptOpenJDK\jre\bin\zip.dll
0x00007ffaf0470000 - 0x00007ffaf1979000 	C:\WINDOWS\System32\SHELL32.dll
0x00007ffaef840000 - 0x00007ffaeff19000 	C:\WINDOWS\System32\windows.storage.dll
0x00007ffaef380000 - 0x00007ffaef3cc000 	C:\WINDOWS\System32\powrprof.dll
0x00007ffaf1dc0000 - 0x00007ffaf1e12000 	C:\WINDOWS\System32\shlwapi.dll
0x00007ffaef370000 - 0x00007ffaef37f000 	C:\WINDOWS\System32\kernel.appcore.dll
0x00007ffaf03c0000 - 0x00007ffaf0469000 	C:\WINDOWS\System32\shcore.dll
0x00007ffaef350000 - 0x00007ffaef364000 	C:\WINDOWS\System32\profapi.dll
0x00007ffaecfa0000 - 0x00007ffaecfaa000 	C:\apache-maven-3.6.2\lib\jansi-native\windows64\jansi.dll

VM Arguments:
jvm_args: -Dclassworlds.conf=C:\apache-maven-3.6.2\bin\..\bin\m2.conf -Dmaven.home=C:\apache-maven-3.6.2\bin\.. -Dlibrary.jansi.path=C:\apache-maven-3.6.2\bin\..\lib\jansi-native -Dmaven.multiModuleProjectDirectory=c:\Users\Ada Lovelace\Desktop\EjerciciosHechos\ADA\API\billeteravirtual 
java_command: org.codehaus.plexus.classworlds.launcher.Launcher clean -f c:\Users\Ada Lovelace\Desktop\EjerciciosHechos\ADA\API\billeteravirtual\pom.xml
java_class_path (initial): C:\apache-maven-3.6.2\bin\..\boot\plexus-classworlds-2.6.0.jar
Launcher Type: SUN_STANDARD

Environment Variables:
JAVA_HOME=C:\Users\Ada Lovelace\AppData\Local\Programs\AdoptOpenJDK\
PATH=C:\Program Files (x86)\Intel\TXE Components\iCLS\;C:\Program Files\Intel\TXE Components\iCLS\;C:\WINDOWS\system32;C:\WINDOWS;C:\WINDOWS\System32\Wbem;C:\WINDOWS\System32\WindowsPowerShell\v1.0\;C:\Users\Administrator\AppData\Local\Microsoft\WindowsApps;C:\Recovery\OEM\Backup\;C:\Program Files\Intel\TXE Components\DAL\;C:\Program Files (x86)\Intel\TXE Components\DAL\;C:\Program Files\Intel\TXE Components\IPT\;C:\Program Files (x86)\Intel\TXE Components\IPT\;C:\Program Files\Intel\WiFi\bin\;C:\Program Files\Common Files\Intel\WirelessCommon\;C:\WINDOWS\system32;C:\WINDOWS;C:\WINDOWS\System32\Wbem;C:\WINDOWS\System32\WindowsPowerShell\v1.0\;C:\Program Files\Git\cmd;C:\Users\Ada Lovelace\AppData\Local\Programs\AdoptOpenJDK\bin;C:\Users\Ada Lovelace\AppData\Local\Microsoft\WindowsApps;C:\Users\Ada Lovelace\AppData\Local\GitHubDesktop\bin;C:\Users\Ada Lovelace\AppData\Local\Programs\Microsoft VS Code\bin
USERNAME=Ada Lovelace
OS=Windows_NT
PROCESSOR_IDENTIFIER=Intel64 Family 6 Model 76 Stepping 4, GenuineIntel



---------------  S Y S T E M  ---------------

OS: Windows 10.0 , 64 bit Build 14393 (10.0.14393.2189)

CPU:total 4 (initial active 4) (4 cores per cpu, 1 threads per core) family 6 model 76 stepping 4, cmov, cx8, fxsr, mmx, sse, sse2, sse3, ssse3, sse4.1, sse4.2, popcnt, aes, clmul, erms, 3dnowpref, tsc, tscinvbit

Memory: 4k page, physical 2019428k(109768k free), swap 5759840k(532k free)

vm_info: OpenJDK 64-Bit Server VM (25.222-b10) for windows-amd64 JRE (1.8.0_222-b10), built on Jul 17 2019 08:11:33 by "jenkins" with MS VC++ 12.0 (VS2013)

time: Fri Oct 25 09:50:13 2019
timezone: Hora estándar de Argentina
elapsed time: 11 seconds (0d 0h 0m 11s)

